<?xml version="1.0" encoding="UTF-8"?>
<testsuites name="OrangeHRM" time="2796.173" tests="28" failures="13" errors="0">
   <testsuite name="OrangeHRM" tests="28" failures="13" errors="0" time="2796.173" skipped="0" timestamp="2023-11-10 09:06:07" hostname="ithibodeaux - USHOUITHIBO17.us.deloitte.com" id="Test Suites/OrangeHRM">
      <properties>
[...]
</properties>
      <testcase name="Test Cases/OrangeHRM-About-Page" time="14.659" classname="Test Cases/OrangeHRM-About-Page" status="PASSED">
         <system-out><![CDATA[2023-11-10 09:06:07 - [TEST_CASE][PASSED] - Test Cases/OrangeHRM-About-Page: Test Cases/OrangeHRM-About-Page

2023-11-10 09:06:08 - [TEST_STEP][PASSED] - callTestCase(findTestCase("OrangeHRM-Login"), [:], STOP_ON_FAILURE): Call Test Case 'Test Cases/OrangeHRM-Login' successfully

2023-11-10 09:06:08 - [TEST_CASE][PASSED] - Test Cases/OrangeHRM-Login: Test Cases/OrangeHRM-Login

2023-11-10 09:06:08 - [TEST_STEP][PASSED] - openBrowser(""): Browser is opened with url: ''

2023-11-10 09:06:09 - [MESSAGE][INFO] - Starting 'Chrome (headless)' driver

2023-11-10 09:06:09 - [MESSAGE][INFO] - Action delay is set to 0 milliseconds

2023-11-10 09:06:13 - [MESSAGE][PASSED] - Browser is opened with url: ''

2023-11-10 09:06:13 - [TEST_STEP][PASSED] - navigateToUrl("https://opensource-demo.orangehrmlive.com/web/index.php/auth/login"): Navigate to 'https://opensource-demo.orangehrmlive.com/web/index.php/auth/login' successfully

2023-11-10 09:06:17 - [MESSAGE][PASSED] - Navigate to 'https://opensource-demo.orangehrmlive.com/web/index.php/auth/login' successfully

2023-11-10 09:06:17 - [TEST_STEP][PASSED] - setText(findTestObject("Object Repository/Page_OrangeHRM/input_username"), "Admin"): Text 'Admin' is set on object 'Object Repository/Page_OrangeHRM/input_username'

2023-11-10 09:06:18 - [MESSAGE][PASSED] - Text 'Admin' is set on object 'Object Repository/Page_OrangeHRM/input_username'

2023-11-10 09:06:18 - [TEST_STEP][PASSED] - setEncryptedText(findTestObject("Object Repository/Page_OrangeHRM/input_password"), "hUKwJTbofgPU9eVlw/CnDQ=="): Text ****** has been set on object 'Object Repository/Page_OrangeHRM/input_password'

2023-11-10 09:06:18 - [MESSAGE][PASSED] - Text ****** has been set on object 'Object Repository/Page_OrangeHRM/input_password'

2023-11-10 09:06:18 - [TEST_STEP][PASSED] - sendKeys(findTestObject("Object Repository/Page_OrangeHRM/input_password"), Keys.chord(ENTER)): Keys 'ENTER + ' sent to object: 'Object Repository/Page_OrangeHRM/input_password'

2023-11-10 09:06:18 - [MESSAGE][PASSED] - Keys 'ENTER + ' sent to object: 'Object Repository/Page_OrangeHRM/input_password'

2023-11-10 09:06:18 - [TEST_STEP][PASSED] - click(findTestObject("Object Repository/Page_OrangeHRM/p_John999139 Smith999139")): Object: 'Object Repository/Page_OrangeHRM/p_John999139 Smith999139' is clicked on

2023-11-10 09:06:20 - [MESSAGE][PASSED] - Object: 'Object Repository/Page_OrangeHRM/p_John999139 Smith999139' is clicked on

2023-11-10 09:06:20 - [TEST_STEP][PASSED] - verifyElementText(findTestObject("Object Repository/Page_OrangeHRM/a_Logout"), "Logout"): Actual text and expected text of test object 'Object Repository/Page_OrangeHRM/a_Logout' are matched.

2023-11-10 09:06:21 - [MESSAGE][PASSED] - Actual text and expected text of test object 'Object Repository/Page_OrangeHRM/a_Logout' are matched.

2023-11-10 09:06:21 - [MESSAGE][PASSED] - Call Test Case 'Test Cases/OrangeHRM-Login' successfully

2023-11-10 09:06:21 - [TEST_STEP][PASSED] - click(findTestObject("Object Repository/Page_OrangeHRM/a_About")): Object: 'Object Repository/Page_OrangeHRM/a_About' is clicked on

2023-11-10 09:06:21 - [MESSAGE][PASSED] - Object: 'Object Repository/Page_OrangeHRM/a_About' is clicked on

2023-11-10 09:06:21 - [TEST_STEP][PASSED] - verifyElementText(findTestObject("Object Repository/Page_OrangeHRM/h6_About"), "About"): Actual text and expected text of test object 'Object Repository/Page_OrangeHRM/h6_About' are matched.

2023-11-10 09:06:21 - [MESSAGE][PASSED] - Actual text and expected text of test object 'Object Repository/Page_OrangeHRM/h6_About' are matched.

2023-11-10 09:06:21 - [TEST_STEP][PASSED] - closeBrowser(): Browser is closed

2023-11-10 09:06:22 - [MESSAGE][PASSED] - Browser is closed]]></system-out>
         <system-err><![CDATA[]]></system-err>
      </testcase>
      <testcase name="Test Cases/OrangeHRM-Approve-Leave" time="46.465" classname="Test Cases/OrangeHRM-Approve-Leave" status="FAILED">
         <failure type="FAILED" message="Test Cases/OrangeHRM-Approve-Leave FAILED.&#xa;Reason:&#xa;com.kms.katalon.core.exception.StepFailedException: Verify element text of test object 'Object Repository/Page_OrangeHRM/button_Approve' FAILED.&#xa;	at com.kms.katalon.core.webui.keyword.internal.WebUIKeywordMain.stepFailed(WebUIKeywordMain.groovy:64)&#xa;	at com.kms.katalon.core.webui.keyword.internal.WebUIKeywordMain.runKeyword(WebUIKeywordMain.groovy:26)&#xa;	at com.kms.katalon.core.webui.keyword.builtin.VerifyElementTextKeyword.verifyElementText(VerifyElementTextKeyword.groovy:72)&#xa;	at com.kms.katalon.core.webui.keyword.builtin.VerifyElementTextKeyword.execute(VerifyElementTextKeyword.groovy:40)&#xa;	at com.kms.katalon.core.keyword.internal.KeywordExecutor.executeKeywordForPlatform(KeywordExecutor.groovy:74)&#xa;	at com.kms.katalon.core.webui.keyword.WebUiBuiltInKeywords.verifyElementText(WebUiBuiltInKeywords.groovy:4796)&#xa;	at OrangeHRM-Approve-Leave.run(OrangeHRM-Approve-Leave:22)&#xa;	at com.kms.katalon.core.main.ScriptEngine.run(ScriptEngine.java:194)&#xa;	at com.kms.katalon.core.main.ScriptEngine.runScriptAsRawText(ScriptEngine.java:119)&#xa;	at com.kms.katalon.core.main.TestCaseExecutor.runScript(TestCaseExecutor.java:448)&#xa;	at com.kms.katalon.core.main.TestCaseExecutor.doExecute(TestCaseExecutor.java:439)&#xa;	at com.kms.katalon.core.main.TestCaseExecutor.processExecutionPhase(TestCaseExecutor.java:418)&#xa;	at com.kms.katalon.core.main.TestCaseExecutor.accessMainPhase(TestCaseExecutor.java:410)&#xa;	at com.kms.katalon.core.main.TestCaseExecutor.execute(TestCaseExecutor.java:285)&#xa;	at com.kms.katalon.core.main.TestCaseExecutor.execute(TestCaseExecutor.java:369)&#xa;	at com.kms.katalon.core.main.TestCaseExecutor.execute(TestCaseExecutor.java:369)&#xa;	at com.kms.katalon.core.main.TestCaseExecutor.execute(TestCaseExecutor.java:369)&#xa;	at com.kms.katalon.core.common.CommonExecutor.accessTestCaseMainPhase(CommonExecutor.java:65)&#xa;	at com.kms.katalon.core.main.TestSuiteExecutor.accessTestSuiteMainPhase(TestSuiteExecutor.java:148)&#xa;	at com.kms.katalon.core.main.TestSuiteExecutor.execute(TestSuiteExecutor.java:106)&#xa;	at com.kms.katalon.core.main.TestCaseMain.startTestSuite(TestCaseMain.java:187)&#xa;	at TempTestSuite1699628754286.run(TempTestSuite1699628754286.groovy:36)&#xa;	at java.base/jdk.internal.reflect.NativeMethodAccessorImpl.invoke0(Native Method)&#xa;	at java.base/jdk.internal.reflect.NativeMethodAccessorImpl.invoke(NativeMethodAccessorImpl.java:77)&#xa;	at java.base/jdk.internal.reflect.DelegatingMethodAccessorImpl.invoke(DelegatingMethodAccessorImpl.java:43)&#xa;Caused by: com.kms.katalon.core.exception.StepFailedException: com.kms.katalon.core.webui.exception.WebElementNotFoundException: Web element with id: 'Object Repository/Page_OrangeHRM/button_Approve' located by '(//button[@type='button'])[4]' not found&#xa;	at com.kms.katalon.core.webui.keyword.internal.WebUIKeywordMain.stepFailed(WebUIKeywordMain.groovy:64)&#xa;	at com.kms.katalon.core.webui.keyword.builtin.VerifyElementTextKeyword$_verifyElementText_closure1.doCall(VerifyElementTextKeyword.groovy:64)&#xa;	at com.kms.katalon.core.webui.keyword.builtin.VerifyElementTextKeyword$_verifyElementText_closure1.call(VerifyElementTextKeyword.groovy)&#xa;	at com.kms.katalon.core.webui.keyword.internal.WebUIKeywordMain.runKeyword(WebUIKeywordMain.groovy:20)&#xa;	... 23 more&#xa;"/>
         <system-out><![CDATA[2023-11-10 09:08:44 - [TEST_CASE][FAILED] - Test Cases/OrangeHRM-Approve-Leave: Test Cases/OrangeHRM-Approve-Leave FAILED.
Reason:
com.kms.katalon.core.exception.StepFailedException: Verify element text of test object 'Object Repository/Page_OrangeHRM/button_Approve' FAILED.
	at com.kms.katalon.core.webui.keyword.internal.WebUIKeywordMain.stepFailed(WebUIKeywordMain.groovy:64)
	at com.kms.katalon.core.webui.keyword.internal.WebUIKeywordMain.runKeyword(WebUIKeywordMain.groovy:26)
	at com.kms.katalon.core.webui.keyword.builtin.VerifyElementTextKeyword.verifyElementText(VerifyElementTextKeyword.groovy:72)
	at com.kms.katalon.core.webui.keyword.builtin.VerifyElementTextKeyword.execute(VerifyElementTextKeyword.groovy:40)
	at com.kms.katalon.core.keyword.internal.KeywordExecutor.executeKeywordForPlatform(KeywordExecutor.groovy:74)
	at com.kms.katalon.core.webui.keyword.WebUiBuiltInKeywords.verifyElementText(WebUiBuiltInKeywords.groovy:4796)
	at OrangeHRM-Approve-Leave.run(OrangeHRM-Approve-Leave:22)
	at com.kms.katalon.core.main.ScriptEngine.run(ScriptEngine.java:194)
	at com.kms.katalon.core.main.ScriptEngine.runScriptAsRawText(ScriptEngine.java:119)
	at com.kms.katalon.core.main.TestCaseExecutor.runScript(TestCaseExecutor.java:448)
	at com.kms.katalon.core.main.TestCaseExecutor.doExecute(TestCaseExecutor.java:439)
	at com.kms.katalon.core.main.TestCaseExecutor.processExecutionPhase(TestCaseExecutor.java:418)
	at com.kms.katalon.core.main.TestCaseExecutor.accessMainPhase(TestCaseExecutor.java:410)
	at com.kms.katalon.core.main.TestCaseExecutor.execute(TestCaseExecutor.java:285)
	at com.kms.katalon.core.main.TestCaseExecutor.execute(TestCaseExecutor.java:369)
	at com.kms.katalon.core.main.TestCaseExecutor.execute(TestCaseExecutor.java:369)
	at com.kms.katalon.core.main.TestCaseExecutor.execute(TestCaseExecutor.java:369)
	at com.kms.katalon.core.common.CommonExecutor.accessTestCaseMainPhase(CommonExecutor.java:65)
	at com.kms.katalon.core.main.TestSuiteExecutor.accessTestSuiteMainPhase(TestSuiteExecutor.java:148)
	at com.kms.katalon.core.main.TestSuiteExecutor.execute(TestSuiteExecutor.java:106)
	at com.kms.katalon.core.main.TestCaseMain.startTestSuite(TestCaseMain.java:187)
	at TempTestSuite1699628754286.run(TempTestSuite1699628754286.groovy:36)
	at java.base/jdk.internal.reflect.NativeMethodAccessorImpl.invoke0(Native Method)
	at java.base/jdk.internal.reflect.NativeMethodAccessorImpl.invoke(NativeMethodAccessorImpl.java:77)
	at java.base/jdk.internal.reflect.DelegatingMethodAccessorImpl.invoke(DelegatingMethodAccessorImpl.java:43)
Caused by: com.kms.katalon.core.exception.StepFailedException: com.kms.katalon.core.webui.exception.WebElementNotFoundException: Web element with id: 'Object Repository/Page_OrangeHRM/button_Approve' located by '(//button[@type='button'])[4]' not found
	at com.kms.katalon.core.webui.keyword.internal.WebUIKeywordMain.stepFailed(WebUIKeywordMain.groovy:64)
	at com.kms.katalon.core.webui.keyword.builtin.VerifyElementTextKeyword$_verifyElementText_closure1.doCall(VerifyElementTextKeyword.groovy:64)
	at com.kms.katalon.core.webui.keyword.builtin.VerifyElementTextKeyword$_verifyElementText_closure1.call(VerifyElementTextKeyword.groovy)
	at com.kms.katalon.core.webui.keyword.internal.WebUIKeywordMain.runKeyword(WebUIKeywordMain.groovy:20)
	... 23 more


2023-11-10 09:08:44 - [TEST_STEP][PASSED] - callTestCase(findTestCase("OrangeHRM-View-Leave-List"), [:], STOP_ON_FAILURE): Call Test Case 'Test Cases/OrangeHRM-View-Leave-List' successfully

2023-11-10 09:08:44 - [TEST_CASE][PASSED] - Test Cases/OrangeHRM-View-Leave-List: Test Cases/OrangeHRM-View-Leave-List

2023-11-10 09:08:44 - [TEST_STEP][PASSED] - callTestCase(findTestCase("OrangeHRM-Login"), [:], STOP_ON_FAILURE): Call Test Case 'Test Cases/OrangeHRM-Login' successfully

2023-11-10 09:08:44 - [TEST_CASE][PASSED] - Test Cases/OrangeHRM-Login: Test Cases/OrangeHRM-Login

2023-11-10 09:08:44 - [TEST_STEP][PASSED] - openBrowser(""): Browser is opened with url: ''

2023-11-10 09:08:44 - [MESSAGE][WARNING] - A browser is already opened. Closing browser and opening a new one

2023-11-10 09:08:44 - [MESSAGE][INFO] - Starting 'Chrome (headless)' driver

2023-11-10 09:08:44 - [MESSAGE][INFO] - Action delay is set to 0 milliseconds

2023-11-10 09:08:47 - [MESSAGE][PASSED] - Browser is opened with url: ''

2023-11-10 09:08:47 - [TEST_STEP][PASSED] - navigateToUrl("https://opensource-demo.orangehrmlive.com/web/index.php/auth/login"): Navigate to 'https://opensource-demo.orangehrmlive.com/web/index.php/auth/login' successfully

2023-11-10 09:08:51 - [MESSAGE][PASSED] - Navigate to 'https://opensource-demo.orangehrmlive.com/web/index.php/auth/login' successfully

2023-11-10 09:08:51 - [TEST_STEP][PASSED] - setText(findTestObject("Object Repository/Page_OrangeHRM/input_username"), "Admin"): Text 'Admin' is set on object 'Object Repository/Page_OrangeHRM/input_username'

2023-11-10 09:08:52 - [MESSAGE][PASSED] - Text 'Admin' is set on object 'Object Repository/Page_OrangeHRM/input_username'

2023-11-10 09:08:52 - [TEST_STEP][PASSED] - setEncryptedText(findTestObject("Object Repository/Page_OrangeHRM/input_password"), "hUKwJTbofgPU9eVlw/CnDQ=="): Text ****** has been set on object 'Object Repository/Page_OrangeHRM/input_password'

2023-11-10 09:08:52 - [MESSAGE][PASSED] - Text ****** has been set on object 'Object Repository/Page_OrangeHRM/input_password'

2023-11-10 09:08:52 - [TEST_STEP][PASSED] - sendKeys(findTestObject("Object Repository/Page_OrangeHRM/input_password"), Keys.chord(ENTER)): Keys 'ENTER + ' sent to object: 'Object Repository/Page_OrangeHRM/input_password'

2023-11-10 09:08:52 - [MESSAGE][PASSED] - Keys 'ENTER + ' sent to object: 'Object Repository/Page_OrangeHRM/input_password'

2023-11-10 09:08:52 - [TEST_STEP][PASSED] - click(findTestObject("Object Repository/Page_OrangeHRM/p_John999139 Smith999139")): Object: 'Object Repository/Page_OrangeHRM/p_John999139 Smith999139' is clicked on

2023-11-10 09:08:54 - [MESSAGE][PASSED] - Object: 'Object Repository/Page_OrangeHRM/p_John999139 Smith999139' is clicked on

2023-11-10 09:08:54 - [TEST_STEP][PASSED] - verifyElementText(findTestObject("Object Repository/Page_OrangeHRM/a_Logout"), "Logout"): Actual text and expected text of test object 'Object Repository/Page_OrangeHRM/a_Logout' are matched.

2023-11-10 09:08:54 - [MESSAGE][PASSED] - Actual text and expected text of test object 'Object Repository/Page_OrangeHRM/a_Logout' are matched.

2023-11-10 09:08:54 - [MESSAGE][PASSED] - Call Test Case 'Test Cases/OrangeHRM-Login' successfully

2023-11-10 09:08:54 - [TEST_STEP][PASSED] - click(findTestObject("Object Repository/Page_OrangeHRM/span_Leave")): Object: 'Object Repository/Page_OrangeHRM/span_Leave' is clicked on

2023-11-10 09:08:55 - [MESSAGE][PASSED] - Object: 'Object Repository/Page_OrangeHRM/span_Leave' is clicked on

2023-11-10 09:08:55 - [TEST_STEP][PASSED] - navigateToUrl("https://opensource-demo.orangehrmlive.com/web/index.php/leave/viewLeaveList"): Navigate to 'https://opensource-demo.orangehrmlive.com/web/index.php/leave/viewLeaveList' successfully

2023-11-10 09:08:55 - [MESSAGE][PASSED] - Navigate to 'https://opensource-demo.orangehrmlive.com/web/index.php/leave/viewLeaveList' successfully

2023-11-10 09:08:55 - [TEST_STEP][PASSED] - verifyElementText(findTestObject("Object Repository/Page_OrangeHRM/h5_Leave List"), "Leave List"): Actual text and expected text of test object 'Object Repository/Page_OrangeHRM/h5_Leave List' are matched.

2023-11-10 09:08:56 - [MESSAGE][PASSED] - Actual text and expected text of test object 'Object Repository/Page_OrangeHRM/h5_Leave List' are matched.

2023-11-10 09:08:56 - [MESSAGE][PASSED] - Call Test Case 'Test Cases/OrangeHRM-View-Leave-List' successfully

2023-11-10 09:08:56 - [TEST_STEP][FAILED] - verifyElementText(findTestObject("Object Repository/Page_OrangeHRM/button_Approve"), "Approve"): Verify element text of test object 'Object Repository/Page_OrangeHRM/button_Approve' FAILED. (Root cause: com.kms.katalon.core.exception.StepFailedException: Verify element text of test object 'Object Repository/Page_OrangeHRM/button_Approve' FAILED.
	at com.kms.katalon.core.webui.keyword.internal.WebUIKeywordMain.stepFailed(WebUIKeywordMain.groovy:64)
	at com.kms.katalon.core.webui.keyword.internal.WebUIKeywordMain.runKeyword(WebUIKeywordMain.groovy:26)
	at com.kms.katalon.core.webui.keyword.builtin.VerifyElementTextKeyword.verifyElementText(VerifyElementTextKeyword.groovy:72)
	at com.kms.katalon.core.webui.keyword.builtin.VerifyElementTextKeyword.execute(VerifyElementTextKeyword.groovy:40)
	at com.kms.katalon.core.keyword.internal.KeywordExecutor.executeKeywordForPlatform(KeywordExecutor.groovy:74)
	at com.kms.katalon.core.webui.keyword.WebUiBuiltInKeywords.verifyElementText(WebUiBuiltInKeywords.groovy:4796)
	at OrangeHRM-Approve-Leave.run(OrangeHRM-Approve-Leave:22)
	at com.kms.katalon.core.main.ScriptEngine.run(ScriptEngine.java:194)
	at com.kms.katalon.core.main.ScriptEngine.runScriptAsRawText(ScriptEngine.java:119)
	at com.kms.katalon.core.main.TestCaseExecutor.runScript(TestCaseExecutor.java:448)
	at com.kms.katalon.core.main.TestCaseExecutor.doExecute(TestCaseExecutor.java:439)
	at com.kms.katalon.core.main.TestCaseExecutor.processExecutionPhase(TestCaseExecutor.java:418)
	at com.kms.katalon.core.main.TestCaseExecutor.accessMainPhase(TestCaseExecutor.java:410)
	at com.kms.katalon.core.main.TestCaseExecutor.execute(TestCaseExecutor.java:285)
	at com.kms.katalon.core.main.TestCaseExecutor.execute(TestCaseExecutor.java:369)
	at com.kms.katalon.core.main.TestCaseExecutor.execute(TestCaseExecutor.java:369)
	at com.kms.katalon.core.main.TestCaseExecutor.execute(TestCaseExecutor.java:369)
	at com.kms.katalon.core.common.CommonExecutor.accessTestCaseMainPhase(CommonExecutor.java:65)
	at com.kms.katalon.core.main.TestSuiteExecutor.accessTestSuiteMainPhase(TestSuiteExecutor.java:148)
	at com.kms.katalon.core.main.TestSuiteExecutor.execute(TestSuiteExecutor.java:106)
	at com.kms.katalon.core.main.TestCaseMain.startTestSuite(TestCaseMain.java:187)
	at TempTestSuite1699628754286.run(TempTestSuite1699628754286.groovy:36)
	at java.base/jdk.internal.reflect.NativeMethodAccessorImpl.invoke0(Native Method)
	at java.base/jdk.internal.reflect.NativeMethodAccessorImpl.invoke(NativeMethodAccessorImpl.java:77)
	at java.base/jdk.internal.reflect.DelegatingMethodAccessorImpl.invoke(DelegatingMethodAccessorImpl.java:43)
Caused by: com.kms.katalon.core.exception.StepFailedException: com.kms.katalon.core.webui.exception.WebElementNotFoundException: Web element with id: 'Object Repository/Page_OrangeHRM/button_Approve' located by '(//button[@type='button'])[4]' not found
	at com.kms.katalon.core.webui.keyword.internal.WebUIKeywordMain.stepFailed(WebUIKeywordMain.groovy:64)
	at com.kms.katalon.core.webui.keyword.builtin.VerifyElementTextKeyword$_verifyElementText_closure1.doCall(VerifyElementTextKeyword.groovy:64)
	at com.kms.katalon.core.webui.keyword.builtin.VerifyElementTextKeyword$_verifyElementText_closure1.call(VerifyElementTextKeyword.groovy)
	at com.kms.katalon.core.webui.keyword.internal.WebUIKeywordMain.runKeyword(WebUIKeywordMain.groovy:20)
	... 23 more
)

2023-11-10 09:09:27 - [MESSAGE][INFO] - Unable to find the element located by 'By.xpath: (//button[@type='button'])[4]'. Please recheck the objects properties to make sure the desired element is located. 

2023-11-10 09:09:27 - [MESSAGE][WARNING] - [SELF-HEALING] Failed to find element with id 'Object Repository/Page_OrangeHRM/button_Approve'. Try using Self-healing.

2023-11-10 09:09:27 - [MESSAGE][INFO] - [SELF-HEALING] Failed Locator: '(//button[@type='button'])[4]'.

2023-11-10 09:09:27 - [MESSAGE][INFO] - [SELF-HEALING] Failed Locator: '//div[@id='app']/div/div[2]/div[2]/div/div[2]/div[2]/div/div/div/div/div/div[2]/div/div/button'.

2023-11-10 09:09:27 - [MESSAGE][INFO] - [SELF-HEALING] Failed Locator: '//div/div[2]/div/div/button'.

2023-11-10 09:09:27 - [MESSAGE][INFO] - [SELF-HEALING] Failed Locator: '//button[@type = 'button' and (text() = ' Approve ' or . = ' Approve ')]'.

2023-11-10 09:09:27 - [MESSAGE][INFO] - [SELF-HEALING] Failed Locator: '(//button[@type='button'])[4]'.

2023-11-10 09:09:27 - [MESSAGE][INFO] - [SELF-HEALING] Failed Locator: '//div[@id='app']/div/div[2]/div[2]/div/div[2]/div[2]/div/div/div/div/div/div[2]/div/div/button'.

2023-11-10 09:09:27 - [MESSAGE][INFO] - [SELF-HEALING] Failed Locator: '//div/div[2]/div/div/button'.

2023-11-10 09:09:27 - [MESSAGE][INFO] - [SELF-HEALING] Failed Locator: '//button[@type = 'button' and (text() = ' Approve ' or . = ' Approve ')]'.

2023-11-10 09:09:27 - [MESSAGE][INFO] - [SELF-HEALING] Failed Locator: '(//button[@type='button'])[4]'.

2023-11-10 09:09:27 - [MESSAGE][INFO] - [SELF-HEALING] Failed Locator: '//div[@id='app']/div/div[2]/div[2]/div/div[2]/div[2]/div/div/div/div/div/div[2]/div/div/button'.

2023-11-10 09:09:27 - [MESSAGE][INFO] - [SELF-HEALING] Failed Locator: '//div/div[2]/div/div/button'.

2023-11-10 09:09:28 - [MESSAGE][INFO] - [SELF-HEALING] Failed Locator: '//button[@type = 'button' and (text() = ' Approve ' or . = ' Approve ')]'.

2023-11-10 09:09:28 - [MESSAGE][INFO] - [SELF-HEALING] Failed Locator: '(//button[@type='button'])[4]'.

2023-11-10 09:09:28 - [MESSAGE][INFO] - [SELF-HEALING] Failed Locator: '//div[@id='app']/div/div[2]/div[2]/div/div[2]/div[2]/div/div/div/div/div/div[2]/div/div/button'.

2023-11-10 09:09:28 - [MESSAGE][INFO] - [SELF-HEALING] Failed Locator: '//div/div[2]/div/div/button'.

2023-11-10 09:09:28 - [MESSAGE][INFO] - [SELF-HEALING] Failed Locator: '//button[@type = 'button' and (text() = ' Approve ' or . = ' Approve ')]'.

2023-11-10 09:09:28 - [MESSAGE][INFO] - [SELF-HEALING] Failed Locator: '(//button[@type='button'])[4]'.

2023-11-10 09:09:28 - [MESSAGE][INFO] - [SELF-HEALING] Failed Locator: '//div[@id='app']/div/div[2]/div[2]/div/div[2]/div[2]/div/div/div/div/div/div[2]/div/div/button'.

2023-11-10 09:09:28 - [MESSAGE][INFO] - [SELF-HEALING] Failed Locator: '//div/div[2]/div/div/button'.

2023-11-10 09:09:28 - [MESSAGE][INFO] - [SELF-HEALING] Failed Locator: '//button[@type = 'button' and (text() = ' Approve ' or . = ' Approve ')]'.

2023-11-10 09:09:28 - [MESSAGE][INFO] - [SELF-HEALING] Failed Locator: '(//button[@type='button'])[4]'.

2023-11-10 09:09:28 - [MESSAGE][INFO] - [SELF-HEALING] Failed Locator: '//div[@id='app']/div/div[2]/div[2]/div/div[2]/div[2]/div/div/div/div/div/div[2]/div/div/button'.

2023-11-10 09:09:28 - [MESSAGE][INFO] - [SELF-HEALING] Failed Locator: '//div/div[2]/div/div/button'.

2023-11-10 09:09:28 - [MESSAGE][INFO] - [SELF-HEALING] Failed Locator: '//button[@type = 'button' and (text() = ' Approve ' or . = ' Approve ')]'.

2023-11-10 09:09:28 - [MESSAGE][INFO] - [SELF-HEALING] Failed Locator: '(//button[@type='button'])[4]'.

2023-11-10 09:09:28 - [MESSAGE][INFO] - [SELF-HEALING] Failed Locator: '//div[@id='app']/div/div[2]/div[2]/div/div[2]/div[2]/div/div/div/div/div/div[2]/div/div/button'.

2023-11-10 09:09:28 - [MESSAGE][INFO] - [SELF-HEALING] Failed Locator: '//div/div[2]/div/div/button'.

2023-11-10 09:09:28 - [MESSAGE][INFO] - [SELF-HEALING] Failed Locator: '//button[@type = 'button' and (text() = ' Approve ' or . = ' Approve ')]'.

2023-11-10 09:09:28 - [MESSAGE][INFO] - [SELF-HEALING] Failed Locator: '(//button[@type='button'])[4]'.

2023-11-10 09:09:28 - [MESSAGE][INFO] - [SELF-HEALING] Failed Locator: '//div[@id='app']/div/div[2]/div[2]/div/div[2]/div[2]/div/div/div/div/div/div[2]/div/div/button'.

2023-11-10 09:09:28 - [MESSAGE][INFO] - [SELF-HEALING] Failed Locator: '//div/div[2]/div/div/button'.

2023-11-10 09:09:28 - [MESSAGE][INFO] - [SELF-HEALING] Failed Locator: '//button[@type = 'button' and (text() = ' Approve ' or . = ' Approve ')]'.

2023-11-10 09:09:28 - [MESSAGE][INFO] - [SELF-HEALING] Failed Locator: '(//button[@type='button'])[4]'.

2023-11-10 09:09:28 - [MESSAGE][INFO] - [SELF-HEALING] Failed Locator: '//div[@id='app']/div/div[2]/div[2]/div/div[2]/div[2]/div/div/div/div/div/div[2]/div/div/button'.

2023-11-10 09:09:28 - [MESSAGE][INFO] - [SELF-HEALING] Failed Locator: '//div/div[2]/div/div/button'.

2023-11-10 09:09:28 - [MESSAGE][INFO] - [SELF-HEALING] Failed Locator: '//button[@type = 'button' and (text() = ' Approve ' or . = ' Approve ')]'.

2023-11-10 09:09:28 - [MESSAGE][INFO] - [SELF-HEALING] Failed Locator: '(//button[@type='button'])[4]'.

2023-11-10 09:09:28 - [MESSAGE][INFO] - [SELF-HEALING] Failed Locator: '//div[@id='app']/div/div[2]/div[2]/div/div[2]/div[2]/div/div/div/div/div/div[2]/div/div/button'.

2023-11-10 09:09:28 - [MESSAGE][INFO] - [SELF-HEALING] Failed Locator: '//div/div[2]/div/div/button'.

2023-11-10 09:09:28 - [MESSAGE][INFO] - [SELF-HEALING] Failed Locator: '//button[@type = 'button' and (text() = ' Approve ' or . = ' Approve ')]'.

2023-11-10 09:09:28 - [MESSAGE][INFO] - [SELF-HEALING] Failed Locator: '(//button[@type='button'])[4]'.

2023-11-10 09:09:28 - [MESSAGE][INFO] - [SELF-HEALING] Failed Locator: '//div[@id='app']/div/div[2]/div[2]/div/div[2]/div[2]/div/div/div/div/div/div[2]/div/div/button'.

2023-11-10 09:09:28 - [MESSAGE][INFO] - [SELF-HEALING] Failed Locator: '//div/div[2]/div/div/button'.

2023-11-10 09:09:28 - [MESSAGE][INFO] - [SELF-HEALING] Failed Locator: '//button[@type = 'button' and (text() = ' Approve ' or . = ' Approve ')]'.

2023-11-10 09:09:28 - [MESSAGE][INFO] - [SELF-HEALING] Failed Locator: '(//button[@type='button'])[4]'.

2023-11-10 09:09:28 - [MESSAGE][INFO] - [SELF-HEALING] Failed Locator: '//div[@id='app']/div/div[2]/div[2]/div/div[2]/div[2]/div/div/div/div/div/div[2]/div/div/button'.

2023-11-10 09:09:28 - [MESSAGE][INFO] - [SELF-HEALING] Failed Locator: '//div/div[2]/div/div/button'.

2023-11-10 09:09:28 - [MESSAGE][INFO] - [SELF-HEALING] Failed Locator: '//button[@type = 'button' and (text() = ' Approve ' or . = ' Approve ')]'.

2023-11-10 09:09:29 - [MESSAGE][INFO] - Unable to find the element located by 'By.xpath: //*[@type = 'button' and (text() = ' Approve ' or . = ' Approve ')]'. Please recheck the objects properties to make sure the desired element is located. 

2023-11-10 09:09:30 - [MESSAGE][INFO] - Unable to find the element located by 'By.cssSelector: button.oxd-button.oxd-button--medium.oxd-button--label-success.oxd-table-cell-action-space'. Please recheck the objects properties to make sure the desired element is located. 

2023-11-10 09:09:30 - [MESSAGE][FAILED] - com.kms.katalon.core.webui.exception.WebElementNotFoundException: Web element with id: 'Object Repository/Page_OrangeHRM/button_Approve' located by '(//button[@type='button'])[4]' not found (Root cause: com.kms.katalon.core.exception.StepFailedException: com.kms.katalon.core.webui.exception.WebElementNotFoundException: Web element with id: 'Object Repository/Page_OrangeHRM/button_Approve' located by '(//button[@type='button'])[4]' not found
	at com.kms.katalon.core.webui.keyword.internal.WebUIKeywordMain.stepFailed(WebUIKeywordMain.groovy:64)
	at com.kms.katalon.core.webui.keyword.builtin.VerifyElementTextKeyword$_verifyElementText_closure1.doCall(VerifyElementTextKeyword.groovy:64)
	at com.kms.katalon.core.webui.keyword.builtin.VerifyElementTextKeyword$_verifyElementText_closure1.call(VerifyElementTextKeyword.groovy)
	at com.kms.katalon.core.webui.keyword.internal.WebUIKeywordMain.runKeyword(WebUIKeywordMain.groovy:20)
	at com.kms.katalon.core.webui.keyword.builtin.VerifyElementTextKeyword.verifyElementText(VerifyElementTextKeyword.groovy:72)
	at com.kms.katalon.core.webui.keyword.builtin.VerifyElementTextKeyword.execute(VerifyElementTextKeyword.groovy:40)
	at com.kms.katalon.core.keyword.internal.KeywordExecutor.executeKeywordForPlatform(KeywordExecutor.groovy:74)
	at com.kms.katalon.core.webui.keyword.WebUiBuiltInKeywords.verifyElementText(WebUiBuiltInKeywords.groovy:4796)
	at OrangeHRM-Approve-Leave.run(OrangeHRM-Approve-Leave:22)
	at com.kms.katalon.core.main.ScriptEngine.run(ScriptEngine.java:194)
	at com.kms.katalon.core.main.ScriptEngine.runScriptAsRawText(ScriptEngine.java:119)
	at com.kms.katalon.core.main.TestCaseExecutor.runScript(TestCaseExecutor.java:448)
	at com.kms.katalon.core.main.TestCaseExecutor.doExecute(TestCaseExecutor.java:439)
	at com.kms.katalon.core.main.TestCaseExecutor.processExecutionPhase(TestCaseExecutor.java:418)
	at com.kms.katalon.core.main.TestCaseExecutor.accessMainPhase(TestCaseExecutor.java:410)
	at com.kms.katalon.core.main.TestCaseExecutor.execute(TestCaseExecutor.java:285)
	at com.kms.katalon.core.main.TestCaseExecutor.execute(TestCaseExecutor.java:369)
	at com.kms.katalon.core.main.TestCaseExecutor.execute(TestCaseExecutor.java:369)
	at com.kms.katalon.core.main.TestCaseExecutor.execute(TestCaseExecutor.java:369)
	at com.kms.katalon.core.common.CommonExecutor.accessTestCaseMainPhase(CommonExecutor.java:65)
	at com.kms.katalon.core.main.TestSuiteExecutor.accessTestSuiteMainPhase(TestSuiteExecutor.java:148)
	at com.kms.katalon.core.main.TestSuiteExecutor.execute(TestSuiteExecutor.java:106)
	at com.kms.katalon.core.main.TestCaseMain.startTestSuite(TestCaseMain.java:187)
	at TempTestSuite1699628754286.run(TempTestSuite1699628754286.groovy:36)
	at java.base/jdk.internal.reflect.NativeMethodAccessorImpl.invoke0(Native Method)
	at java.base/jdk.internal.reflect.NativeMethodAccessorImpl.invoke(NativeMethodAccessorImpl.java:77)
	at java.base/jdk.internal.reflect.DelegatingMethodAccessorImpl.invoke(DelegatingMethodAccessorImpl.java:43)
)
[[ATTACHMENT|C:\\Users\\ithibodeaux\\IdeaProjects\\KatalonTraining\\KatalonTraining\\Reports\\20231110_090551\\OrangeHRM\\20231110_090554\\1699628970799.png]]

2023-11-10 09:09:31 - [MESSAGE][FAILED] - Verify element text of test object 'Object Repository/Page_OrangeHRM/button_Approve' FAILED. (Root cause: com.kms.katalon.core.exception.StepFailedException: Verify element text of test object 'Object Repository/Page_OrangeHRM/button_Approve' FAILED.
	at com.kms.katalon.core.webui.keyword.internal.WebUIKeywordMain.stepFailed(WebUIKeywordMain.groovy:64)
	at com.kms.katalon.core.webui.keyword.internal.WebUIKeywordMain.runKeyword(WebUIKeywordMain.groovy:26)
	at com.kms.katalon.core.webui.keyword.builtin.VerifyElementTextKeyword.verifyElementText(VerifyElementTextKeyword.groovy:72)
	at com.kms.katalon.core.webui.keyword.builtin.VerifyElementTextKeyword.execute(VerifyElementTextKeyword.groovy:40)
	at com.kms.katalon.core.keyword.internal.KeywordExecutor.executeKeywordForPlatform(KeywordExecutor.groovy:74)
	at com.kms.katalon.core.webui.keyword.WebUiBuiltInKeywords.verifyElementText(WebUiBuiltInKeywords.groovy:4796)
	at OrangeHRM-Approve-Leave.run(OrangeHRM-Approve-Leave:22)
	at com.kms.katalon.core.main.ScriptEngine.run(ScriptEngine.java:194)
	at com.kms.katalon.core.main.ScriptEngine.runScriptAsRawText(ScriptEngine.java:119)
	at com.kms.katalon.core.main.TestCaseExecutor.runScript(TestCaseExecutor.java:448)
	at com.kms.katalon.core.main.TestCaseExecutor.doExecute(TestCaseExecutor.java:439)
	at com.kms.katalon.core.main.TestCaseExecutor.processExecutionPhase(TestCaseExecutor.java:418)
	at com.kms.katalon.core.main.TestCaseExecutor.accessMainPhase(TestCaseExecutor.java:410)
	at com.kms.katalon.core.main.TestCaseExecutor.execute(TestCaseExecutor.java:285)
	at com.kms.katalon.core.main.TestCaseExecutor.execute(TestCaseExecutor.java:369)
	at com.kms.katalon.core.main.TestCaseExecutor.execute(TestCaseExecutor.java:369)
	at com.kms.katalon.core.main.TestCaseExecutor.execute(TestCaseExecutor.java:369)
	at com.kms.katalon.core.common.CommonExecutor.accessTestCaseMainPhase(CommonExecutor.java:65)
	at com.kms.katalon.core.main.TestSuiteExecutor.accessTestSuiteMainPhase(TestSuiteExecutor.java:148)
	at com.kms.katalon.core.main.TestSuiteExecutor.execute(TestSuiteExecutor.java:106)
	at com.kms.katalon.core.main.TestCaseMain.startTestSuite(TestCaseMain.java:187)
	at TempTestSuite1699628754286.run(TempTestSuite1699628754286.groovy:36)
	at java.base/jdk.internal.reflect.NativeMethodAccessorImpl.invoke0(Native Method)
	at java.base/jdk.internal.reflect.NativeMethodAccessorImpl.invoke(NativeMethodAccessorImpl.java:77)
	at java.base/jdk.internal.reflect.DelegatingMethodAccessorImpl.invoke(DelegatingMethodAccessorImpl.java:43)
Caused by: com.kms.katalon.core.exception.StepFailedException: com.kms.katalon.core.webui.exception.WebElementNotFoundException: Web element with id: 'Object Repository/Page_OrangeHRM/button_Approve' located by '(//button[@type='button'])[4]' not found
	at com.kms.katalon.core.webui.keyword.internal.WebUIKeywordMain.stepFailed(WebUIKeywordMain.groovy:64)
	at com.kms.katalon.core.webui.keyword.builtin.VerifyElementTextKeyword$_verifyElementText_closure1.doCall(VerifyElementTextKeyword.groovy:64)
	at com.kms.katalon.core.webui.keyword.builtin.VerifyElementTextKeyword$_verifyElementText_closure1.call(VerifyElementTextKeyword.groovy)
	at com.kms.katalon.core.webui.keyword.internal.WebUIKeywordMain.runKeyword(WebUIKeywordMain.groovy:20)
	... 23 more
)
[[ATTACHMENT|C:\\Users\\ithibodeaux\\IdeaProjects\\KatalonTraining\\KatalonTraining\\Reports\\20231110_090551\\OrangeHRM\\20231110_090554\\1699628970920.png]]]]></system-out>
         <system-err><![CDATA[2023-11-10 09:08:44 - [TEST_CASE][FAILED] - Test Cases/OrangeHRM-Approve-Leave: Test Cases/OrangeHRM-Approve-Leave FAILED.
Reason:
com.kms.katalon.core.exception.StepFailedException: Verify element text of test object 'Object Repository/Page_OrangeHRM/button_Approve' FAILED.
	at com.kms.katalon.core.webui.keyword.internal.WebUIKeywordMain.stepFailed(WebUIKeywordMain.groovy:64)
	at com.kms.katalon.core.webui.keyword.internal.WebUIKeywordMain.runKeyword(WebUIKeywordMain.groovy:26)
	at com.kms.katalon.core.webui.keyword.builtin.VerifyElementTextKeyword.verifyElementText(VerifyElementTextKeyword.groovy:72)
	at com.kms.katalon.core.webui.keyword.builtin.VerifyElementTextKeyword.execute(VerifyElementTextKeyword.groovy:40)
	at com.kms.katalon.core.keyword.internal.KeywordExecutor.executeKeywordForPlatform(KeywordExecutor.groovy:74)
	at com.kms.katalon.core.webui.keyword.WebUiBuiltInKeywords.verifyElementText(WebUiBuiltInKeywords.groovy:4796)
	at OrangeHRM-Approve-Leave.run(OrangeHRM-Approve-Leave:22)
	at com.kms.katalon.core.main.ScriptEngine.run(ScriptEngine.java:194)
	at com.kms.katalon.core.main.ScriptEngine.runScriptAsRawText(ScriptEngine.java:119)
	at com.kms.katalon.core.main.TestCaseExecutor.runScript(TestCaseExecutor.java:448)
	at com.kms.katalon.core.main.TestCaseExecutor.doExecute(TestCaseExecutor.java:439)
	at com.kms.katalon.core.main.TestCaseExecutor.processExecutionPhase(TestCaseExecutor.java:418)
	at com.kms.katalon.core.main.TestCaseExecutor.accessMainPhase(TestCaseExecutor.java:410)
	at com.kms.katalon.core.main.TestCaseExecutor.execute(TestCaseExecutor.java:285)
	at com.kms.katalon.core.main.TestCaseExecutor.execute(TestCaseExecutor.java:369)
	at com.kms.katalon.core.main.TestCaseExecutor.execute(TestCaseExecutor.java:369)
	at com.kms.katalon.core.main.TestCaseExecutor.execute(TestCaseExecutor.java:369)
	at com.kms.katalon.core.common.CommonExecutor.accessTestCaseMainPhase(CommonExecutor.java:65)
	at com.kms.katalon.core.main.TestSuiteExecutor.accessTestSuiteMainPhase(TestSuiteExecutor.java:148)
	at com.kms.katalon.core.main.TestSuiteExecutor.execute(TestSuiteExecutor.java:106)
	at com.kms.katalon.core.main.TestCaseMain.startTestSuite(TestCaseMain.java:187)
	at TempTestSuite1699628754286.run(TempTestSuite1699628754286.groovy:36)
	at java.base/jdk.internal.reflect.NativeMethodAccessorImpl.invoke0(Native Method)
	at java.base/jdk.internal.reflect.NativeMethodAccessorImpl.invoke(NativeMethodAccessorImpl.java:77)
	at java.base/jdk.internal.reflect.DelegatingMethodAccessorImpl.invoke(DelegatingMethodAccessorImpl.java:43)
Caused by: com.kms.katalon.core.exception.StepFailedException: com.kms.katalon.core.webui.exception.WebElementNotFoundException: Web element with id: 'Object Repository/Page_OrangeHRM/button_Approve' located by '(//button[@type='button'])[4]' not found
	at com.kms.katalon.core.webui.keyword.internal.WebUIKeywordMain.stepFailed(WebUIKeywordMain.groovy:64)
	at com.kms.katalon.core.webui.keyword.builtin.VerifyElementTextKeyword$_verifyElementText_closure1.doCall(VerifyElementTextKeyword.groovy:64)
	at com.kms.katalon.core.webui.keyword.builtin.VerifyElementTextKeyword$_verifyElementText_closure1.call(VerifyElementTextKeyword.groovy)
	at com.kms.katalon.core.webui.keyword.internal.WebUIKeywordMain.runKeyword(WebUIKeywordMain.groovy:20)
	... 23 more]]></system-err>
      </testcase>
      <testcase name="Test Cases/OrangeHRM-Customer-Support" time="10.043" classname="Test Cases/OrangeHRM-Customer-Support" status="PASSED">
         <system-out><![CDATA[2023-11-10 09:09:31 - [TEST_CASE][PASSED] - Test Cases/OrangeHRM-Customer-Support: Test Cases/OrangeHRM-Customer-Support

2023-11-10 09:09:31 - [TEST_STEP][PASSED] - callTestCase(findTestCase("OrangeHRM-Login"), [:], STOP_ON_FAILURE): Call Test Case 'Test Cases/OrangeHRM-Login' successfully

2023-11-10 09:09:31 - [TEST_CASE][PASSED] - Test Cases/OrangeHRM-Login: Test Cases/OrangeHRM-Login

2023-11-10 09:09:31 - [TEST_STEP][PASSED] - openBrowser(""): Browser is opened with url: ''

2023-11-10 09:09:31 - [MESSAGE][WARNING] - A browser is already opened. Closing browser and opening a new one

2023-11-10 09:09:31 - [MESSAGE][INFO] - Starting 'Chrome (headless)' driver

2023-11-10 09:09:31 - [MESSAGE][INFO] - Action delay is set to 0 milliseconds

2023-11-10 09:09:34 - [MESSAGE][PASSED] - Browser is opened with url: ''

2023-11-10 09:09:34 - [TEST_STEP][PASSED] - navigateToUrl("https://opensource-demo.orangehrmlive.com/web/index.php/auth/login"): Navigate to 'https://opensource-demo.orangehrmlive.com/web/index.php/auth/login' successfully

2023-11-10 09:09:36 - [MESSAGE][PASSED] - Navigate to 'https://opensource-demo.orangehrmlive.com/web/index.php/auth/login' successfully

2023-11-10 09:09:36 - [TEST_STEP][PASSED] - setText(findTestObject("Object Repository/Page_OrangeHRM/input_username"), "Admin"): Text 'Admin' is set on object 'Object Repository/Page_OrangeHRM/input_username'

2023-11-10 09:09:37 - [MESSAGE][PASSED] - Text 'Admin' is set on object 'Object Repository/Page_OrangeHRM/input_username'

2023-11-10 09:09:37 - [TEST_STEP][PASSED] - setEncryptedText(findTestObject("Object Repository/Page_OrangeHRM/input_password"), "hUKwJTbofgPU9eVlw/CnDQ=="): Text ****** has been set on object 'Object Repository/Page_OrangeHRM/input_password'

2023-11-10 09:09:37 - [MESSAGE][PASSED] - Text ****** has been set on object 'Object Repository/Page_OrangeHRM/input_password'

2023-11-10 09:09:37 - [TEST_STEP][PASSED] - sendKeys(findTestObject("Object Repository/Page_OrangeHRM/input_password"), Keys.chord(ENTER)): Keys 'ENTER + ' sent to object: 'Object Repository/Page_OrangeHRM/input_password'

2023-11-10 09:09:37 - [MESSAGE][PASSED] - Keys 'ENTER + ' sent to object: 'Object Repository/Page_OrangeHRM/input_password'

2023-11-10 09:09:37 - [TEST_STEP][PASSED] - click(findTestObject("Object Repository/Page_OrangeHRM/p_John999139 Smith999139")): Object: 'Object Repository/Page_OrangeHRM/p_John999139 Smith999139' is clicked on

2023-11-10 09:09:39 - [MESSAGE][PASSED] - Object: 'Object Repository/Page_OrangeHRM/p_John999139 Smith999139' is clicked on

2023-11-10 09:09:39 - [TEST_STEP][PASSED] - verifyElementText(findTestObject("Object Repository/Page_OrangeHRM/a_Logout"), "Logout"): Actual text and expected text of test object 'Object Repository/Page_OrangeHRM/a_Logout' are matched.

2023-11-10 09:09:39 - [MESSAGE][PASSED] - Actual text and expected text of test object 'Object Repository/Page_OrangeHRM/a_Logout' are matched.

2023-11-10 09:09:39 - [MESSAGE][PASSED] - Call Test Case 'Test Cases/OrangeHRM-Login' successfully

2023-11-10 09:09:39 - [TEST_STEP][PASSED] - click(findTestObject("Object Repository/Page_OrangeHRM/a_Support")): Object: 'Object Repository/Page_OrangeHRM/a_Support' is clicked on

2023-11-10 09:09:39 - [MESSAGE][PASSED] - Object: 'Object Repository/Page_OrangeHRM/a_Support' is clicked on

2023-11-10 09:09:39 - [TEST_STEP][PASSED] - navigateToUrl("https://opensource-demo.orangehrmlive.com/web/index.php/help/support"): Navigate to 'https://opensource-demo.orangehrmlive.com/web/index.php/help/support' successfully

2023-11-10 09:09:40 - [MESSAGE][PASSED] - Navigate to 'https://opensource-demo.orangehrmlive.com/web/index.php/help/support' successfully

2023-11-10 09:09:40 - [TEST_STEP][PASSED] - verifyElementText(findTestObject("Object Repository/Page_OrangeHRM/p_Customer Support"), "Customer Support"): Actual text and expected text of test object 'Object Repository/Page_OrangeHRM/p_Customer Support' are matched.

2023-11-10 09:09:40 - [MESSAGE][PASSED] - Actual text and expected text of test object 'Object Repository/Page_OrangeHRM/p_Customer Support' are matched.

2023-11-10 09:09:40 - [TEST_STEP][PASSED] - closeBrowser(): Browser is closed

2023-11-10 09:09:41 - [MESSAGE][PASSED] - Browser is closed]]></system-out>
         <system-err><![CDATA[]]></system-err>
      </testcase>
      <testcase name="Test Cases/OrangeHRM-Employee-Claims" time="11.406" classname="Test Cases/OrangeHRM-Employee-Claims" status="PASSED">
         <system-out><![CDATA[2023-11-10 09:09:41 - [TEST_CASE][PASSED] - Test Cases/OrangeHRM-Employee-Claims: Test Cases/OrangeHRM-Employee-Claims

2023-11-10 09:09:41 - [TEST_STEP][PASSED] - callTestCase(findTestCase("OrangeHRM-Login"), [:], STOP_ON_FAILURE): Call Test Case 'Test Cases/OrangeHRM-Login' successfully

2023-11-10 09:09:41 - [TEST_CASE][PASSED] - Test Cases/OrangeHRM-Login: Test Cases/OrangeHRM-Login

2023-11-10 09:09:41 - [TEST_STEP][PASSED] - openBrowser(""): Browser is opened with url: ''

2023-11-10 09:09:41 - [MESSAGE][INFO] - Starting 'Chrome (headless)' driver

2023-11-10 09:09:41 - [MESSAGE][INFO] - Action delay is set to 0 milliseconds

2023-11-10 09:09:44 - [MESSAGE][PASSED] - Browser is opened with url: ''

2023-11-10 09:09:44 - [TEST_STEP][PASSED] - navigateToUrl("https://opensource-demo.orangehrmlive.com/web/index.php/auth/login"): Navigate to 'https://opensource-demo.orangehrmlive.com/web/index.php/auth/login' successfully

2023-11-10 09:09:47 - [MESSAGE][PASSED] - Navigate to 'https://opensource-demo.orangehrmlive.com/web/index.php/auth/login' successfully

2023-11-10 09:09:47 - [TEST_STEP][PASSED] - setText(findTestObject("Object Repository/Page_OrangeHRM/input_username"), "Admin"): Text 'Admin' is set on object 'Object Repository/Page_OrangeHRM/input_username'

2023-11-10 09:09:48 - [MESSAGE][PASSED] - Text 'Admin' is set on object 'Object Repository/Page_OrangeHRM/input_username'

2023-11-10 09:09:48 - [TEST_STEP][PASSED] - setEncryptedText(findTestObject("Object Repository/Page_OrangeHRM/input_password"), "hUKwJTbofgPU9eVlw/CnDQ=="): Text ****** has been set on object 'Object Repository/Page_OrangeHRM/input_password'

2023-11-10 09:09:48 - [MESSAGE][PASSED] - Text ****** has been set on object 'Object Repository/Page_OrangeHRM/input_password'

2023-11-10 09:09:48 - [TEST_STEP][PASSED] - sendKeys(findTestObject("Object Repository/Page_OrangeHRM/input_password"), Keys.chord(ENTER)): Keys 'ENTER + ' sent to object: 'Object Repository/Page_OrangeHRM/input_password'

2023-11-10 09:09:48 - [MESSAGE][PASSED] - Keys 'ENTER + ' sent to object: 'Object Repository/Page_OrangeHRM/input_password'

2023-11-10 09:09:48 - [TEST_STEP][PASSED] - click(findTestObject("Object Repository/Page_OrangeHRM/p_John999139 Smith999139")): Object: 'Object Repository/Page_OrangeHRM/p_John999139 Smith999139' is clicked on

2023-11-10 09:09:50 - [MESSAGE][PASSED] - Object: 'Object Repository/Page_OrangeHRM/p_John999139 Smith999139' is clicked on

2023-11-10 09:09:50 - [TEST_STEP][PASSED] - verifyElementText(findTestObject("Object Repository/Page_OrangeHRM/a_Logout"), "Logout"): Actual text and expected text of test object 'Object Repository/Page_OrangeHRM/a_Logout' are matched.

2023-11-10 09:09:50 - [MESSAGE][PASSED] - Actual text and expected text of test object 'Object Repository/Page_OrangeHRM/a_Logout' are matched.

2023-11-10 09:09:50 - [MESSAGE][PASSED] - Call Test Case 'Test Cases/OrangeHRM-Login' successfully

2023-11-10 09:09:50 - [TEST_STEP][PASSED] - click(findTestObject("Object Repository/Page_OrangeHRM/a_Buzz")): Object: 'Object Repository/Page_OrangeHRM/a_Buzz' is clicked on

2023-11-10 09:09:51 - [MESSAGE][PASSED] - Object: 'Object Repository/Page_OrangeHRM/a_Buzz' is clicked on

2023-11-10 09:09:51 - [TEST_STEP][PASSED] - navigateToUrl("https://opensource-demo.orangehrmlive.com/web/index.php/buzz/viewBuzz"): Navigate to 'https://opensource-demo.orangehrmlive.com/web/index.php/buzz/viewBuzz' successfully

2023-11-10 09:09:51 - [MESSAGE][PASSED] - Navigate to 'https://opensource-demo.orangehrmlive.com/web/index.php/buzz/viewBuzz' successfully

2023-11-10 09:09:51 - [TEST_STEP][PASSED] - verifyElementText(findTestObject("Object Repository/Page_OrangeHRM/a_Buzz Newsfeed"), "Buzz Newsfeed"): Actual text and expected text of test object 'Object Repository/Page_OrangeHRM/a_Buzz Newsfeed' are matched.

2023-11-10 09:09:52 - [MESSAGE][PASSED] - Actual text and expected text of test object 'Object Repository/Page_OrangeHRM/a_Buzz Newsfeed' are matched.

2023-11-10 09:09:52 - [TEST_STEP][PASSED] - closeBrowser(): Browser is closed

2023-11-10 09:09:52 - [MESSAGE][PASSED] - Browser is closed]]></system-out>
         <system-err><![CDATA[]]></system-err>
      </testcase>
      <testcase name="Test Cases/OrangeHRM-Expand-MenuBar" time="23.795" classname="Test Cases/OrangeHRM-Expand-MenuBar" status="PASSED">
         <system-out><![CDATA[2023-11-10 09:09:52 - [TEST_CASE][PASSED] - Test Cases/OrangeHRM-Expand-MenuBar: Test Cases/OrangeHRM-Expand-MenuBar

2023-11-10 09:09:52 - [TEST_STEP][PASSED] - callTestCase(findTestCase("OrangeHRM-Minimize-MenuBar"), [:], STOP_ON_FAILURE): Call Test Case 'Test Cases/OrangeHRM-Minimize-MenuBar' successfully

2023-11-10 09:09:52 - [TEST_CASE][PASSED] - Test Cases/OrangeHRM-Minimize-MenuBar: Test Cases/OrangeHRM-Minimize-MenuBar

2023-11-10 09:09:53 - [TEST_STEP][PASSED] - callTestCase(findTestCase("OrangeHRM-Login"), [:], STOP_ON_FAILURE): Call Test Case 'Test Cases/OrangeHRM-Login' successfully

2023-11-10 09:09:53 - [TEST_CASE][PASSED] - Test Cases/OrangeHRM-Login: Test Cases/OrangeHRM-Login

2023-11-10 09:09:53 - [TEST_STEP][PASSED] - openBrowser(""): Browser is opened with url: ''

2023-11-10 09:09:53 - [MESSAGE][INFO] - Starting 'Chrome (headless)' driver

2023-11-10 09:09:53 - [MESSAGE][INFO] - Action delay is set to 0 milliseconds

2023-11-10 09:09:56 - [MESSAGE][PASSED] - Browser is opened with url: ''

2023-11-10 09:09:56 - [TEST_STEP][PASSED] - navigateToUrl("https://opensource-demo.orangehrmlive.com/web/index.php/auth/login"): Navigate to 'https://opensource-demo.orangehrmlive.com/web/index.php/auth/login' successfully

2023-11-10 09:10:00 - [MESSAGE][PASSED] - Navigate to 'https://opensource-demo.orangehrmlive.com/web/index.php/auth/login' successfully

2023-11-10 09:10:00 - [TEST_STEP][PASSED] - setText(findTestObject("Object Repository/Page_OrangeHRM/input_username"), "Admin"): Text 'Admin' is set on object 'Object Repository/Page_OrangeHRM/input_username'

2023-11-10 09:10:02 - [MESSAGE][PASSED] - Text 'Admin' is set on object 'Object Repository/Page_OrangeHRM/input_username'

2023-11-10 09:10:02 - [TEST_STEP][PASSED] - setEncryptedText(findTestObject("Object Repository/Page_OrangeHRM/input_password"), "hUKwJTbofgPU9eVlw/CnDQ=="): Text ****** has been set on object 'Object Repository/Page_OrangeHRM/input_password'

2023-11-10 09:10:02 - [MESSAGE][PASSED] - Text ****** has been set on object 'Object Repository/Page_OrangeHRM/input_password'

2023-11-10 09:10:02 - [TEST_STEP][PASSED] - sendKeys(findTestObject("Object Repository/Page_OrangeHRM/input_password"), Keys.chord(ENTER)): Keys 'ENTER + ' sent to object: 'Object Repository/Page_OrangeHRM/input_password'

2023-11-10 09:10:03 - [MESSAGE][PASSED] - Keys 'ENTER + ' sent to object: 'Object Repository/Page_OrangeHRM/input_password'

2023-11-10 09:10:03 - [TEST_STEP][PASSED] - click(findTestObject("Object Repository/Page_OrangeHRM/p_John999139 Smith999139")): Object: 'Object Repository/Page_OrangeHRM/p_John999139 Smith999139' is clicked on

2023-11-10 09:10:04 - [MESSAGE][PASSED] - Object: 'Object Repository/Page_OrangeHRM/p_John999139 Smith999139' is clicked on

2023-11-10 09:10:04 - [TEST_STEP][PASSED] - verifyElementText(findTestObject("Object Repository/Page_OrangeHRM/a_Logout"), "Logout"): Actual text and expected text of test object 'Object Repository/Page_OrangeHRM/a_Logout' are matched.

2023-11-10 09:10:04 - [MESSAGE][PASSED] - Actual text and expected text of test object 'Object Repository/Page_OrangeHRM/a_Logout' are matched.

2023-11-10 09:10:04 - [MESSAGE][PASSED] - Call Test Case 'Test Cases/OrangeHRM-Login' successfully

2023-11-10 09:10:04 - [TEST_STEP][PASSED] - verifyElementPresent(findTestObject("Object Repository/Page_OrangeHRM/img"), 0): Object 'Object Repository/Page_OrangeHRM/img' is present

2023-11-10 09:10:04 - [MESSAGE][WARNING] - Timeout '0' is invalid. Using default page load timeout: '30'

2023-11-10 09:10:04 - [MESSAGE][PASSED] - Object 'Object Repository/Page_OrangeHRM/img' is present

2023-11-10 09:10:04 - [TEST_STEP][PASSED] - click(findTestObject("Object Repository/Page_OrangeHRM/i_oxd-icon bi-caret-down-fill oxd-select-te_cf0fd1")): Object: 'Object Repository/Page_OrangeHRM/i_oxd-icon bi-caret-down-fill oxd-select-te_cf0fd1' is clicked on

2023-11-10 09:10:04 - [MESSAGE][PASSED] - Object: 'Object Repository/Page_OrangeHRM/i_oxd-icon bi-caret-down-fill oxd-select-te_cf0fd1' is clicked on

2023-11-10 09:10:04 - [TEST_STEP][PASSED] - verifyElementPresent(findTestObject("Object Repository/Page_OrangeHRM/img_1"), 0): Object 'Object Repository/Page_OrangeHRM/img_1' is present

2023-11-10 09:10:04 - [MESSAGE][WARNING] - Timeout '0' is invalid. Using default page load timeout: '30'

2023-11-10 09:10:04 - [MESSAGE][PASSED] - Object 'Object Repository/Page_OrangeHRM/img_1' is present

2023-11-10 09:10:04 - [MESSAGE][PASSED] - Call Test Case 'Test Cases/OrangeHRM-Minimize-MenuBar' successfully

2023-11-10 09:10:04 - [TEST_STEP][PASSED] - callTestCase(findTestCase("OrangeHRM-Minimize-MenuBar"), [:], STOP_ON_FAILURE): Call Test Case 'Test Cases/OrangeHRM-Minimize-MenuBar' successfully

2023-11-10 09:10:04 - [TEST_CASE][PASSED] - Test Cases/OrangeHRM-Minimize-MenuBar: Test Cases/OrangeHRM-Minimize-MenuBar

2023-11-10 09:10:04 - [TEST_STEP][PASSED] - callTestCase(findTestCase("OrangeHRM-Login"), [:], STOP_ON_FAILURE): Call Test Case 'Test Cases/OrangeHRM-Login' successfully

2023-11-10 09:10:04 - [TEST_CASE][PASSED] - Test Cases/OrangeHRM-Login: Test Cases/OrangeHRM-Login

2023-11-10 09:10:04 - [TEST_STEP][PASSED] - openBrowser(""): Browser is opened with url: ''

2023-11-10 09:10:04 - [MESSAGE][WARNING] - A browser is already opened. Closing browser and opening a new one

2023-11-10 09:10:05 - [MESSAGE][INFO] - Starting 'Chrome (headless)' driver

2023-11-10 09:10:05 - [MESSAGE][INFO] - Action delay is set to 0 milliseconds

2023-11-10 09:10:07 - [MESSAGE][PASSED] - Browser is opened with url: ''

2023-11-10 09:10:07 - [TEST_STEP][PASSED] - navigateToUrl("https://opensource-demo.orangehrmlive.com/web/index.php/auth/login"): Navigate to 'https://opensource-demo.orangehrmlive.com/web/index.php/auth/login' successfully

2023-11-10 09:10:12 - [MESSAGE][PASSED] - Navigate to 'https://opensource-demo.orangehrmlive.com/web/index.php/auth/login' successfully

2023-11-10 09:10:12 - [TEST_STEP][PASSED] - setText(findTestObject("Object Repository/Page_OrangeHRM/input_username"), "Admin"): Text 'Admin' is set on object 'Object Repository/Page_OrangeHRM/input_username'

2023-11-10 09:10:13 - [MESSAGE][PASSED] - Text 'Admin' is set on object 'Object Repository/Page_OrangeHRM/input_username'

2023-11-10 09:10:13 - [TEST_STEP][PASSED] - setEncryptedText(findTestObject("Object Repository/Page_OrangeHRM/input_password"), "hUKwJTbofgPU9eVlw/CnDQ=="): Text ****** has been set on object 'Object Repository/Page_OrangeHRM/input_password'

2023-11-10 09:10:13 - [MESSAGE][PASSED] - Text ****** has been set on object 'Object Repository/Page_OrangeHRM/input_password'

2023-11-10 09:10:13 - [TEST_STEP][PASSED] - sendKeys(findTestObject("Object Repository/Page_OrangeHRM/input_password"), Keys.chord(ENTER)): Keys 'ENTER + ' sent to object: 'Object Repository/Page_OrangeHRM/input_password'

2023-11-10 09:10:13 - [MESSAGE][PASSED] - Keys 'ENTER + ' sent to object: 'Object Repository/Page_OrangeHRM/input_password'

2023-11-10 09:10:13 - [TEST_STEP][PASSED] - click(findTestObject("Object Repository/Page_OrangeHRM/p_John999139 Smith999139")): Object: 'Object Repository/Page_OrangeHRM/p_John999139 Smith999139' is clicked on

2023-11-10 09:10:15 - [MESSAGE][PASSED] - Object: 'Object Repository/Page_OrangeHRM/p_John999139 Smith999139' is clicked on

2023-11-10 09:10:15 - [TEST_STEP][PASSED] - verifyElementText(findTestObject("Object Repository/Page_OrangeHRM/a_Logout"), "Logout"): Actual text and expected text of test object 'Object Repository/Page_OrangeHRM/a_Logout' are matched.

2023-11-10 09:10:15 - [MESSAGE][PASSED] - Actual text and expected text of test object 'Object Repository/Page_OrangeHRM/a_Logout' are matched.

2023-11-10 09:10:15 - [MESSAGE][PASSED] - Call Test Case 'Test Cases/OrangeHRM-Login' successfully

2023-11-10 09:10:15 - [TEST_STEP][PASSED] - verifyElementPresent(findTestObject("Object Repository/Page_OrangeHRM/img"), 0): Object 'Object Repository/Page_OrangeHRM/img' is present

2023-11-10 09:10:15 - [MESSAGE][WARNING] - Timeout '0' is invalid. Using default page load timeout: '30'

2023-11-10 09:10:15 - [MESSAGE][PASSED] - Object 'Object Repository/Page_OrangeHRM/img' is present

2023-11-10 09:10:15 - [TEST_STEP][PASSED] - click(findTestObject("Object Repository/Page_OrangeHRM/i_oxd-icon bi-caret-down-fill oxd-select-te_cf0fd1")): Object: 'Object Repository/Page_OrangeHRM/i_oxd-icon bi-caret-down-fill oxd-select-te_cf0fd1' is clicked on

2023-11-10 09:10:15 - [MESSAGE][PASSED] - Object: 'Object Repository/Page_OrangeHRM/i_oxd-icon bi-caret-down-fill oxd-select-te_cf0fd1' is clicked on

2023-11-10 09:10:15 - [TEST_STEP][PASSED] - verifyElementPresent(findTestObject("Object Repository/Page_OrangeHRM/img_1"), 0): Object 'Object Repository/Page_OrangeHRM/img_1' is present

2023-11-10 09:10:15 - [MESSAGE][WARNING] - Timeout '0' is invalid. Using default page load timeout: '30'

2023-11-10 09:10:15 - [MESSAGE][PASSED] - Object 'Object Repository/Page_OrangeHRM/img_1' is present

2023-11-10 09:10:15 - [MESSAGE][PASSED] - Call Test Case 'Test Cases/OrangeHRM-Minimize-MenuBar' successfully

2023-11-10 09:10:15 - [TEST_STEP][PASSED] - click(findTestObject("Object Repository/Page_OrangeHRM/button_oxd-icon-button")): Object: 'Object Repository/Page_OrangeHRM/button_oxd-icon-button' is clicked on

2023-11-10 09:10:15 - [MESSAGE][PASSED] - Object: 'Object Repository/Page_OrangeHRM/button_oxd-icon-button' is clicked on

2023-11-10 09:10:15 - [TEST_STEP][PASSED] - verifyElementPresent(findTestObject("Object Repository/Page_OrangeHRM/img"), 0): Object 'Object Repository/Page_OrangeHRM/img' is present

2023-11-10 09:10:16 - [MESSAGE][WARNING] - Timeout '0' is invalid. Using default page load timeout: '30'

2023-11-10 09:10:16 - [MESSAGE][PASSED] - Object 'Object Repository/Page_OrangeHRM/img' is present

2023-11-10 09:10:16 - [TEST_STEP][PASSED] - closeBrowser(): Browser is closed

2023-11-10 09:10:16 - [MESSAGE][PASSED] - Browser is closed]]></system-out>
         <system-err><![CDATA[]]></system-err>
      </testcase>
      <testcase name="Test Cases/OrangeHRM-Login" time="9.62" classname="Test Cases/OrangeHRM-Login" status="PASSED">
         <system-out><![CDATA[2023-11-10 09:10:16 - [TEST_CASE][PASSED] - Test Cases/OrangeHRM-Login: Test Cases/OrangeHRM-Login

2023-11-10 09:10:16 - [TEST_STEP][PASSED] - openBrowser(""): Browser is opened with url: ''

2023-11-10 09:10:16 - [MESSAGE][INFO] - Starting 'Chrome (headless)' driver

2023-11-10 09:10:16 - [MESSAGE][INFO] - Action delay is set to 0 milliseconds

2023-11-10 09:10:19 - [MESSAGE][PASSED] - Browser is opened with url: ''

2023-11-10 09:10:19 - [TEST_STEP][PASSED] - navigateToUrl("https://opensource-demo.orangehrmlive.com/web/index.php/auth/login"): Navigate to 'https://opensource-demo.orangehrmlive.com/web/index.php/auth/login' successfully

2023-11-10 09:10:22 - [MESSAGE][PASSED] - Navigate to 'https://opensource-demo.orangehrmlive.com/web/index.php/auth/login' successfully

2023-11-10 09:10:22 - [TEST_STEP][PASSED] - setText(findTestObject("Object Repository/Page_OrangeHRM/input_username"), "Admin"): Text 'Admin' is set on object 'Object Repository/Page_OrangeHRM/input_username'

2023-11-10 09:10:23 - [MESSAGE][PASSED] - Text 'Admin' is set on object 'Object Repository/Page_OrangeHRM/input_username'

2023-11-10 09:10:23 - [TEST_STEP][PASSED] - setEncryptedText(findTestObject("Object Repository/Page_OrangeHRM/input_password"), "hUKwJTbofgPU9eVlw/CnDQ=="): Text ****** has been set on object 'Object Repository/Page_OrangeHRM/input_password'

2023-11-10 09:10:23 - [MESSAGE][PASSED] - Text ****** has been set on object 'Object Repository/Page_OrangeHRM/input_password'

2023-11-10 09:10:23 - [TEST_STEP][PASSED] - sendKeys(findTestObject("Object Repository/Page_OrangeHRM/input_password"), Keys.chord(ENTER)): Keys 'ENTER + ' sent to object: 'Object Repository/Page_OrangeHRM/input_password'

2023-11-10 09:10:23 - [MESSAGE][PASSED] - Keys 'ENTER + ' sent to object: 'Object Repository/Page_OrangeHRM/input_password'

2023-11-10 09:10:23 - [TEST_STEP][PASSED] - click(findTestObject("Object Repository/Page_OrangeHRM/p_John999139 Smith999139")): Object: 'Object Repository/Page_OrangeHRM/p_John999139 Smith999139' is clicked on

2023-11-10 09:10:25 - [MESSAGE][PASSED] - Object: 'Object Repository/Page_OrangeHRM/p_John999139 Smith999139' is clicked on

2023-11-10 09:10:25 - [TEST_STEP][PASSED] - verifyElementText(findTestObject("Object Repository/Page_OrangeHRM/a_Logout"), "Logout"): Actual text and expected text of test object 'Object Repository/Page_OrangeHRM/a_Logout' are matched.

2023-11-10 09:10:25 - [MESSAGE][PASSED] - Actual text and expected text of test object 'Object Repository/Page_OrangeHRM/a_Logout' are matched.]]></system-out>
         <system-err><![CDATA[]]></system-err>
      </testcase>
      <testcase name="Test Cases/OrangeHRM-Logout" time="11.851" classname="Test Cases/OrangeHRM-Logout" status="PASSED">
         <system-out><![CDATA[2023-11-10 09:10:25 - [TEST_CASE][PASSED] - Test Cases/OrangeHRM-Logout: Test Cases/OrangeHRM-Logout

2023-11-10 09:10:26 - [TEST_STEP][PASSED] - callTestCase(findTestCase("OrangeHRM-Login"), [:], STOP_ON_FAILURE): Call Test Case 'Test Cases/OrangeHRM-Login' successfully

2023-11-10 09:10:26 - [TEST_CASE][PASSED] - Test Cases/OrangeHRM-Login: Test Cases/OrangeHRM-Login

2023-11-10 09:10:26 - [TEST_STEP][PASSED] - openBrowser(""): Browser is opened with url: ''

2023-11-10 09:10:26 - [MESSAGE][WARNING] - A browser is already opened. Closing browser and opening a new one

2023-11-10 09:10:26 - [MESSAGE][INFO] - Starting 'Chrome (headless)' driver

2023-11-10 09:10:26 - [MESSAGE][INFO] - Action delay is set to 0 milliseconds

2023-11-10 09:10:29 - [MESSAGE][PASSED] - Browser is opened with url: ''

2023-11-10 09:10:29 - [TEST_STEP][PASSED] - navigateToUrl("https://opensource-demo.orangehrmlive.com/web/index.php/auth/login"): Navigate to 'https://opensource-demo.orangehrmlive.com/web/index.php/auth/login' successfully

2023-11-10 09:10:33 - [MESSAGE][PASSED] - Navigate to 'https://opensource-demo.orangehrmlive.com/web/index.php/auth/login' successfully

2023-11-10 09:10:33 - [TEST_STEP][PASSED] - setText(findTestObject("Object Repository/Page_OrangeHRM/input_username"), "Admin"): Text 'Admin' is set on object 'Object Repository/Page_OrangeHRM/input_username'

2023-11-10 09:10:33 - [MESSAGE][PASSED] - Text 'Admin' is set on object 'Object Repository/Page_OrangeHRM/input_username'

2023-11-10 09:10:33 - [TEST_STEP][PASSED] - setEncryptedText(findTestObject("Object Repository/Page_OrangeHRM/input_password"), "hUKwJTbofgPU9eVlw/CnDQ=="): Text ****** has been set on object 'Object Repository/Page_OrangeHRM/input_password'

2023-11-10 09:10:34 - [MESSAGE][PASSED] - Text ****** has been set on object 'Object Repository/Page_OrangeHRM/input_password'

2023-11-10 09:10:34 - [TEST_STEP][PASSED] - sendKeys(findTestObject("Object Repository/Page_OrangeHRM/input_password"), Keys.chord(ENTER)): Keys 'ENTER + ' sent to object: 'Object Repository/Page_OrangeHRM/input_password'

2023-11-10 09:10:34 - [MESSAGE][PASSED] - Keys 'ENTER + ' sent to object: 'Object Repository/Page_OrangeHRM/input_password'

2023-11-10 09:10:34 - [TEST_STEP][PASSED] - click(findTestObject("Object Repository/Page_OrangeHRM/p_John999139 Smith999139")): Object: 'Object Repository/Page_OrangeHRM/p_John999139 Smith999139' is clicked on

2023-11-10 09:10:35 - [MESSAGE][PASSED] - Object: 'Object Repository/Page_OrangeHRM/p_John999139 Smith999139' is clicked on

2023-11-10 09:10:35 - [TEST_STEP][PASSED] - verifyElementText(findTestObject("Object Repository/Page_OrangeHRM/a_Logout"), "Logout"): Actual text and expected text of test object 'Object Repository/Page_OrangeHRM/a_Logout' are matched.

2023-11-10 09:10:36 - [MESSAGE][PASSED] - Actual text and expected text of test object 'Object Repository/Page_OrangeHRM/a_Logout' are matched.

2023-11-10 09:10:36 - [MESSAGE][PASSED] - Call Test Case 'Test Cases/OrangeHRM-Login' successfully

2023-11-10 09:10:36 - [TEST_STEP][PASSED] - click(findTestObject("Object Repository/Page_OrangeHRM/a_Logout")): Object: 'Object Repository/Page_OrangeHRM/a_Logout' is clicked on

2023-11-10 09:10:37 - [MESSAGE][PASSED] - Object: 'Object Repository/Page_OrangeHRM/a_Logout' is clicked on

2023-11-10 09:10:37 - [TEST_STEP][PASSED] - verifyElementText(findTestObject("Object Repository/Page_OrangeHRM/h5_Login"), "Login"): Actual text and expected text of test object 'Object Repository/Page_OrangeHRM/h5_Login' are matched.

2023-11-10 09:10:37 - [MESSAGE][PASSED] - Actual text and expected text of test object 'Object Repository/Page_OrangeHRM/h5_Login' are matched.]]></system-out>
         <system-err><![CDATA[]]></system-err>
      </testcase>
      <testcase name="Test Cases/OrangeHRM-Minimize-MenuBar" time="14.935" classname="Test Cases/OrangeHRM-Minimize-MenuBar" status="PASSED">
         <system-out><![CDATA[2023-11-10 09:10:37 - [TEST_CASE][PASSED] - Test Cases/OrangeHRM-Minimize-MenuBar: Test Cases/OrangeHRM-Minimize-MenuBar

2023-11-10 09:10:37 - [TEST_STEP][PASSED] - callTestCase(findTestCase("OrangeHRM-Login"), [:], STOP_ON_FAILURE): Call Test Case 'Test Cases/OrangeHRM-Login' successfully

2023-11-10 09:10:37 - [TEST_CASE][PASSED] - Test Cases/OrangeHRM-Login: Test Cases/OrangeHRM-Login

2023-11-10 09:10:37 - [TEST_STEP][PASSED] - openBrowser(""): Browser is opened with url: ''

2023-11-10 09:10:37 - [MESSAGE][WARNING] - A browser is already opened. Closing browser and opening a new one

2023-11-10 09:10:38 - [MESSAGE][INFO] - Starting 'Chrome (headless)' driver

2023-11-10 09:10:38 - [MESSAGE][INFO] - Action delay is set to 0 milliseconds

2023-11-10 09:10:42 - [MESSAGE][PASSED] - Browser is opened with url: ''

2023-11-10 09:10:42 - [TEST_STEP][PASSED] - navigateToUrl("https://opensource-demo.orangehrmlive.com/web/index.php/auth/login"): Navigate to 'https://opensource-demo.orangehrmlive.com/web/index.php/auth/login' successfully

2023-11-10 09:10:43 - [MESSAGE][PASSED] - Navigate to 'https://opensource-demo.orangehrmlive.com/web/index.php/auth/login' successfully

2023-11-10 09:10:43 - [TEST_STEP][PASSED] - setText(findTestObject("Object Repository/Page_OrangeHRM/input_username"), "Admin"): Text 'Admin' is set on object 'Object Repository/Page_OrangeHRM/input_username'

2023-11-10 09:10:49 - [MESSAGE][PASSED] - Text 'Admin' is set on object 'Object Repository/Page_OrangeHRM/input_username'

2023-11-10 09:10:49 - [TEST_STEP][PASSED] - setEncryptedText(findTestObject("Object Repository/Page_OrangeHRM/input_password"), "hUKwJTbofgPU9eVlw/CnDQ=="): Text ****** has been set on object 'Object Repository/Page_OrangeHRM/input_password'

2023-11-10 09:10:50 - [MESSAGE][PASSED] - Text ****** has been set on object 'Object Repository/Page_OrangeHRM/input_password'

2023-11-10 09:10:50 - [TEST_STEP][PASSED] - sendKeys(findTestObject("Object Repository/Page_OrangeHRM/input_password"), Keys.chord(ENTER)): Keys 'ENTER + ' sent to object: 'Object Repository/Page_OrangeHRM/input_password'

2023-11-10 09:10:50 - [MESSAGE][PASSED] - Keys 'ENTER + ' sent to object: 'Object Repository/Page_OrangeHRM/input_password'

2023-11-10 09:10:50 - [TEST_STEP][PASSED] - click(findTestObject("Object Repository/Page_OrangeHRM/p_John999139 Smith999139")): Object: 'Object Repository/Page_OrangeHRM/p_John999139 Smith999139' is clicked on

2023-11-10 09:10:51 - [MESSAGE][PASSED] - Object: 'Object Repository/Page_OrangeHRM/p_John999139 Smith999139' is clicked on

2023-11-10 09:10:51 - [TEST_STEP][PASSED] - verifyElementText(findTestObject("Object Repository/Page_OrangeHRM/a_Logout"), "Logout"): Actual text and expected text of test object 'Object Repository/Page_OrangeHRM/a_Logout' are matched.

2023-11-10 09:10:52 - [MESSAGE][PASSED] - Actual text and expected text of test object 'Object Repository/Page_OrangeHRM/a_Logout' are matched.

2023-11-10 09:10:52 - [MESSAGE][PASSED] - Call Test Case 'Test Cases/OrangeHRM-Login' successfully

2023-11-10 09:10:52 - [TEST_STEP][PASSED] - verifyElementPresent(findTestObject("Object Repository/Page_OrangeHRM/img"), 0): Object 'Object Repository/Page_OrangeHRM/img' is present

2023-11-10 09:10:52 - [MESSAGE][WARNING] - Timeout '0' is invalid. Using default page load timeout: '30'

2023-11-10 09:10:52 - [MESSAGE][PASSED] - Object 'Object Repository/Page_OrangeHRM/img' is present

2023-11-10 09:10:52 - [TEST_STEP][PASSED] - click(findTestObject("Object Repository/Page_OrangeHRM/i_oxd-icon bi-caret-down-fill oxd-select-te_cf0fd1")): Object: 'Object Repository/Page_OrangeHRM/i_oxd-icon bi-caret-down-fill oxd-select-te_cf0fd1' is clicked on

2023-11-10 09:10:52 - [MESSAGE][PASSED] - Object: 'Object Repository/Page_OrangeHRM/i_oxd-icon bi-caret-down-fill oxd-select-te_cf0fd1' is clicked on

2023-11-10 09:10:52 - [TEST_STEP][PASSED] - verifyElementPresent(findTestObject("Object Repository/Page_OrangeHRM/img_1"), 0): Object 'Object Repository/Page_OrangeHRM/img_1' is present

2023-11-10 09:10:52 - [MESSAGE][WARNING] - Timeout '0' is invalid. Using default page load timeout: '30'

2023-11-10 09:10:52 - [MESSAGE][PASSED] - Object 'Object Repository/Page_OrangeHRM/img_1' is present]]></system-out>
         <system-err><![CDATA[]]></system-err>
      </testcase>
      <testcase name="Test Cases/OrangeHRM-Navigate-To-Add-User" time="20.152" classname="Test Cases/OrangeHRM-Navigate-To-Add-User" status="PASSED">
         <system-out><![CDATA[2023-11-10 09:10:52 - [TEST_CASE][PASSED] - Test Cases/OrangeHRM-Navigate-To-Add-User: Test Cases/OrangeHRM-Navigate-To-Add-User

2023-11-10 09:10:53 - [TEST_STEP][PASSED] - callTestCase(findTestCase("OrangeHRM-Login"), [:], STOP_ON_FAILURE): Call Test Case 'Test Cases/OrangeHRM-Login' successfully

2023-11-10 09:10:53 - [TEST_CASE][PASSED] - Test Cases/OrangeHRM-Login: Test Cases/OrangeHRM-Login

2023-11-10 09:10:53 - [TEST_STEP][PASSED] - openBrowser(""): Browser is opened with url: ''

2023-11-10 09:10:53 - [MESSAGE][WARNING] - A browser is already opened. Closing browser and opening a new one

2023-11-10 09:10:53 - [MESSAGE][INFO] - Starting 'Chrome (headless)' driver

2023-11-10 09:10:53 - [MESSAGE][INFO] - Action delay is set to 0 milliseconds

2023-11-10 09:10:58 - [MESSAGE][PASSED] - Browser is opened with url: ''

2023-11-10 09:10:58 - [TEST_STEP][PASSED] - navigateToUrl("https://opensource-demo.orangehrmlive.com/web/index.php/auth/login"): Navigate to 'https://opensource-demo.orangehrmlive.com/web/index.php/auth/login' successfully

2023-11-10 09:11:05 - [MESSAGE][PASSED] - Navigate to 'https://opensource-demo.orangehrmlive.com/web/index.php/auth/login' successfully

2023-11-10 09:11:05 - [TEST_STEP][PASSED] - setText(findTestObject("Object Repository/Page_OrangeHRM/input_username"), "Admin"): Text 'Admin' is set on object 'Object Repository/Page_OrangeHRM/input_username'

2023-11-10 09:11:06 - [MESSAGE][PASSED] - Text 'Admin' is set on object 'Object Repository/Page_OrangeHRM/input_username'

2023-11-10 09:11:06 - [TEST_STEP][PASSED] - setEncryptedText(findTestObject("Object Repository/Page_OrangeHRM/input_password"), "hUKwJTbofgPU9eVlw/CnDQ=="): Text ****** has been set on object 'Object Repository/Page_OrangeHRM/input_password'

2023-11-10 09:11:07 - [MESSAGE][PASSED] - Text ****** has been set on object 'Object Repository/Page_OrangeHRM/input_password'

2023-11-10 09:11:07 - [TEST_STEP][PASSED] - sendKeys(findTestObject("Object Repository/Page_OrangeHRM/input_password"), Keys.chord(ENTER)): Keys 'ENTER + ' sent to object: 'Object Repository/Page_OrangeHRM/input_password'

2023-11-10 09:11:08 - [MESSAGE][PASSED] - Keys 'ENTER + ' sent to object: 'Object Repository/Page_OrangeHRM/input_password'

2023-11-10 09:11:08 - [TEST_STEP][PASSED] - click(findTestObject("Object Repository/Page_OrangeHRM/p_John999139 Smith999139")): Object: 'Object Repository/Page_OrangeHRM/p_John999139 Smith999139' is clicked on

2023-11-10 09:11:09 - [MESSAGE][PASSED] - Object: 'Object Repository/Page_OrangeHRM/p_John999139 Smith999139' is clicked on

2023-11-10 09:11:09 - [TEST_STEP][PASSED] - verifyElementText(findTestObject("Object Repository/Page_OrangeHRM/a_Logout"), "Logout"): Actual text and expected text of test object 'Object Repository/Page_OrangeHRM/a_Logout' are matched.

2023-11-10 09:11:09 - [MESSAGE][PASSED] - Actual text and expected text of test object 'Object Repository/Page_OrangeHRM/a_Logout' are matched.

2023-11-10 09:11:09 - [MESSAGE][PASSED] - Call Test Case 'Test Cases/OrangeHRM-Login' successfully

2023-11-10 09:11:09 - [TEST_STEP][PASSED] - click(findTestObject("Object Repository/Page_OrangeHRM/a_Admin")): Object: 'Object Repository/Page_OrangeHRM/a_Admin' is clicked on

2023-11-10 09:11:10 - [MESSAGE][PASSED] - Object: 'Object Repository/Page_OrangeHRM/a_Admin' is clicked on

2023-11-10 09:11:10 - [TEST_STEP][PASSED] - navigateToUrl("https://opensource-demo.orangehrmlive.com/web/index.php/admin/viewSystemUsers"): Navigate to 'https://opensource-demo.orangehrmlive.com/web/index.php/admin/viewSystemUsers' successfully

2023-11-10 09:11:10 - [MESSAGE][PASSED] - Navigate to 'https://opensource-demo.orangehrmlive.com/web/index.php/admin/viewSystemUsers' successfully

2023-11-10 09:11:10 - [TEST_STEP][PASSED] - click(findTestObject("Object Repository/Page_OrangeHRM/button_Add")): Object: 'Object Repository/Page_OrangeHRM/button_Add' is clicked on

2023-11-10 09:11:12 - [MESSAGE][PASSED] - Object: 'Object Repository/Page_OrangeHRM/button_Add' is clicked on

2023-11-10 09:11:12 - [TEST_STEP][PASSED] - verifyElementText(findTestObject("Object Repository/Page_OrangeHRM/h6_Add User"), "Add User"): Actual text and expected text of test object 'Object Repository/Page_OrangeHRM/h6_Add User' are matched.

2023-11-10 09:11:12 - [MESSAGE][PASSED] - Actual text and expected text of test object 'Object Repository/Page_OrangeHRM/h6_Add User' are matched.]]></system-out>
         <system-err><![CDATA[]]></system-err>
      </testcase>
      <testcase name="Test Cases/OrangeHRM-Navigate-To-Contact-Details" time="25.455" classname="Test Cases/OrangeHRM-Navigate-To-Contact-Details" status="PASSED">
         <system-out><![CDATA[2023-11-10 09:11:12 - [TEST_CASE][PASSED] - Test Cases/OrangeHRM-Navigate-To-Contact-Details: Test Cases/OrangeHRM-Navigate-To-Contact-Details

2023-11-10 09:11:13 - [TEST_STEP][PASSED] - callTestCase(findTestCase("OrangeHRM-Login"), [:], STOP_ON_FAILURE): Call Test Case 'Test Cases/OrangeHRM-Login' successfully

2023-11-10 09:11:13 - [TEST_CASE][PASSED] - Test Cases/OrangeHRM-Login: Test Cases/OrangeHRM-Login

2023-11-10 09:11:13 - [TEST_STEP][PASSED] - openBrowser(""): Browser is opened with url: ''

2023-11-10 09:11:13 - [MESSAGE][WARNING] - A browser is already opened. Closing browser and opening a new one

2023-11-10 09:11:13 - [MESSAGE][INFO] - Starting 'Chrome (headless)' driver

2023-11-10 09:11:13 - [MESSAGE][INFO] - Action delay is set to 0 milliseconds

2023-11-10 09:11:17 - [MESSAGE][PASSED] - Browser is opened with url: ''

2023-11-10 09:11:17 - [TEST_STEP][PASSED] - navigateToUrl("https://opensource-demo.orangehrmlive.com/web/index.php/auth/login"): Navigate to 'https://opensource-demo.orangehrmlive.com/web/index.php/auth/login' successfully

2023-11-10 09:11:20 - [MESSAGE][PASSED] - Navigate to 'https://opensource-demo.orangehrmlive.com/web/index.php/auth/login' successfully

2023-11-10 09:11:20 - [TEST_STEP][PASSED] - setText(findTestObject("Object Repository/Page_OrangeHRM/input_username"), "Admin"): Text 'Admin' is set on object 'Object Repository/Page_OrangeHRM/input_username'

2023-11-10 09:11:20 - [MESSAGE][PASSED] - Text 'Admin' is set on object 'Object Repository/Page_OrangeHRM/input_username'

2023-11-10 09:11:20 - [TEST_STEP][PASSED] - setEncryptedText(findTestObject("Object Repository/Page_OrangeHRM/input_password"), "hUKwJTbofgPU9eVlw/CnDQ=="): Text ****** has been set on object 'Object Repository/Page_OrangeHRM/input_password'

2023-11-10 09:11:21 - [MESSAGE][PASSED] - Text ****** has been set on object 'Object Repository/Page_OrangeHRM/input_password'

2023-11-10 09:11:21 - [TEST_STEP][PASSED] - sendKeys(findTestObject("Object Repository/Page_OrangeHRM/input_password"), Keys.chord(ENTER)): Keys 'ENTER + ' sent to object: 'Object Repository/Page_OrangeHRM/input_password'

2023-11-10 09:11:21 - [MESSAGE][PASSED] - Keys 'ENTER + ' sent to object: 'Object Repository/Page_OrangeHRM/input_password'

2023-11-10 09:11:21 - [TEST_STEP][PASSED] - click(findTestObject("Object Repository/Page_OrangeHRM/p_John999139 Smith999139")): Object: 'Object Repository/Page_OrangeHRM/p_John999139 Smith999139' is clicked on

2023-11-10 09:11:23 - [MESSAGE][PASSED] - Object: 'Object Repository/Page_OrangeHRM/p_John999139 Smith999139' is clicked on

2023-11-10 09:11:23 - [TEST_STEP][PASSED] - verifyElementText(findTestObject("Object Repository/Page_OrangeHRM/a_Logout"), "Logout"): Actual text and expected text of test object 'Object Repository/Page_OrangeHRM/a_Logout' are matched.

2023-11-10 09:11:23 - [MESSAGE][PASSED] - Actual text and expected text of test object 'Object Repository/Page_OrangeHRM/a_Logout' are matched.

2023-11-10 09:11:23 - [MESSAGE][PASSED] - Call Test Case 'Test Cases/OrangeHRM-Login' successfully

2023-11-10 09:11:23 - [TEST_STEP][PASSED] - callTestCase(findTestCase("OrangeHRM-Login"), [:], STOP_ON_FAILURE): Call Test Case 'Test Cases/OrangeHRM-Login' successfully

2023-11-10 09:11:23 - [TEST_CASE][PASSED] - Test Cases/OrangeHRM-Login: Test Cases/OrangeHRM-Login

2023-11-10 09:11:23 - [TEST_STEP][PASSED] - openBrowser(""): Browser is opened with url: ''

2023-11-10 09:11:23 - [MESSAGE][WARNING] - A browser is already opened. Closing browser and opening a new one

2023-11-10 09:11:23 - [MESSAGE][INFO] - Starting 'Chrome (headless)' driver

2023-11-10 09:11:23 - [MESSAGE][INFO] - Action delay is set to 0 milliseconds

2023-11-10 09:11:26 - [MESSAGE][PASSED] - Browser is opened with url: ''

2023-11-10 09:11:26 - [TEST_STEP][PASSED] - navigateToUrl("https://opensource-demo.orangehrmlive.com/web/index.php/auth/login"): Navigate to 'https://opensource-demo.orangehrmlive.com/web/index.php/auth/login' successfully

2023-11-10 09:11:30 - [MESSAGE][PASSED] - Navigate to 'https://opensource-demo.orangehrmlive.com/web/index.php/auth/login' successfully

2023-11-10 09:11:30 - [TEST_STEP][PASSED] - setText(findTestObject("Object Repository/Page_OrangeHRM/input_username"), "Admin"): Text 'Admin' is set on object 'Object Repository/Page_OrangeHRM/input_username'

2023-11-10 09:11:32 - [MESSAGE][PASSED] - Text 'Admin' is set on object 'Object Repository/Page_OrangeHRM/input_username'

2023-11-10 09:11:32 - [TEST_STEP][PASSED] - setEncryptedText(findTestObject("Object Repository/Page_OrangeHRM/input_password"), "hUKwJTbofgPU9eVlw/CnDQ=="): Text ****** has been set on object 'Object Repository/Page_OrangeHRM/input_password'

2023-11-10 09:11:32 - [MESSAGE][PASSED] - Text ****** has been set on object 'Object Repository/Page_OrangeHRM/input_password'

2023-11-10 09:11:32 - [TEST_STEP][PASSED] - sendKeys(findTestObject("Object Repository/Page_OrangeHRM/input_password"), Keys.chord(ENTER)): Keys 'ENTER + ' sent to object: 'Object Repository/Page_OrangeHRM/input_password'

2023-11-10 09:11:33 - [MESSAGE][PASSED] - Keys 'ENTER + ' sent to object: 'Object Repository/Page_OrangeHRM/input_password'

2023-11-10 09:11:33 - [TEST_STEP][PASSED] - click(findTestObject("Object Repository/Page_OrangeHRM/p_John999139 Smith999139")): Object: 'Object Repository/Page_OrangeHRM/p_John999139 Smith999139' is clicked on

2023-11-10 09:11:34 - [MESSAGE][PASSED] - Object: 'Object Repository/Page_OrangeHRM/p_John999139 Smith999139' is clicked on

2023-11-10 09:11:34 - [TEST_STEP][PASSED] - verifyElementText(findTestObject("Object Repository/Page_OrangeHRM/a_Logout"), "Logout"): Actual text and expected text of test object 'Object Repository/Page_OrangeHRM/a_Logout' are matched.

2023-11-10 09:11:34 - [MESSAGE][PASSED] - Actual text and expected text of test object 'Object Repository/Page_OrangeHRM/a_Logout' are matched.

2023-11-10 09:11:34 - [MESSAGE][PASSED] - Call Test Case 'Test Cases/OrangeHRM-Login' successfully

2023-11-10 09:11:34 - [TEST_STEP][PASSED] - click(findTestObject("Object Repository/Page_OrangeHRM/a_My Info")): Object: 'Object Repository/Page_OrangeHRM/a_My Info' is clicked on

2023-11-10 09:11:36 - [MESSAGE][PASSED] - Object: 'Object Repository/Page_OrangeHRM/a_My Info' is clicked on

2023-11-10 09:11:36 - [TEST_STEP][PASSED] - click(findTestObject("Object Repository/Page_OrangeHRM/a_Contact Details")): Object: 'Object Repository/Page_OrangeHRM/a_Contact Details' is clicked on

2023-11-10 09:11:37 - [MESSAGE][PASSED] - Object: 'Object Repository/Page_OrangeHRM/a_Contact Details' is clicked on

2023-11-10 09:11:37 - [TEST_STEP][PASSED] - verifyElementText(findTestObject("Object Repository/Page_OrangeHRM/h6_Contact Details"), "Contact Details"): Actual text and expected text of test object 'Object Repository/Page_OrangeHRM/h6_Contact Details' are matched.

2023-11-10 09:11:38 - [MESSAGE][PASSED] - Actual text and expected text of test object 'Object Repository/Page_OrangeHRM/h6_Contact Details' are matched.

2023-11-10 09:11:38 - [TEST_STEP][PASSED] - closeBrowser(): Browser is closed

2023-11-10 09:11:38 - [MESSAGE][PASSED] - Browser is closed]]></system-out>
         <system-err><![CDATA[]]></system-err>
      </testcase>
      <testcase name="Test Cases/OrangeHRM-Navigate-To-PIM" time="13.261" classname="Test Cases/OrangeHRM-Navigate-To-PIM" status="PASSED">
         <system-out><![CDATA[2023-11-10 09:11:38 - [TEST_CASE][PASSED] - Test Cases/OrangeHRM-Navigate-To-PIM: Test Cases/OrangeHRM-Navigate-To-PIM

2023-11-10 09:11:38 - [TEST_STEP][PASSED] - callTestCase(findTestCase("OrangeHRM-Login"), [:], STOP_ON_FAILURE): Call Test Case 'Test Cases/OrangeHRM-Login' successfully

2023-11-10 09:11:38 - [TEST_CASE][PASSED] - Test Cases/OrangeHRM-Login: Test Cases/OrangeHRM-Login

2023-11-10 09:11:38 - [TEST_STEP][PASSED] - openBrowser(""): Browser is opened with url: ''

2023-11-10 09:11:38 - [MESSAGE][INFO] - Starting 'Chrome (headless)' driver

2023-11-10 09:11:38 - [MESSAGE][INFO] - Action delay is set to 0 milliseconds

2023-11-10 09:11:41 - [MESSAGE][PASSED] - Browser is opened with url: ''

[...]
Caused by: com.kms.katalon.core.webui.exception.WebElementNotFoundException: Web element with id: 'Object Repository/Page_OrangeHRM/input_username' located by '//input[@name='username']' not found
	at com.kms.katalon.core.webui.common.WebUiCommonHelper.findWebElement(WebUiCommonHelper.java:1379)
	at com.kms.katalon.core.webui.keyword.internal.WebUIAbstractKeyword.findWebElement(WebUIAbstractKeyword.groovy:27)
	at com.kms.katalon.core.webui.keyword.internal.WebUIAbstractKeyword.findWebElement(WebUIAbstractKeyword.groovy:26)
	at com.kms.katalon.core.webui.keyword.builtin.SetTextKeyword$_setText_closure1.doCall(SetTextKeyword.groovy:51)
	at com.kms.katalon.core.webui.keyword.builtin.SetTextKeyword$_setText_closure1.call(SetTextKeyword.groovy)
	at com.kms.katalon.core.webui.keyword.internal.WebUIKeywordMain.runKeyword(WebUIKeywordMain.groovy:20)
	at com.kms.katalon.core.webui.keyword.builtin.SetTextKeyword.setText(SetTextKeyword.groovy:66)
	at com.kms.katalon.core.webui.keyword.builtin.SetTextKeyword.execute(SetTextKeyword.groovy:37)
	at com.kms.katalon.core.keyword.internal.KeywordExecutor.executeKeywordForPlatform(KeywordExecutor.groovy:74)
	at com.kms.katalon.core.webui.keyword.WebUiBuiltInKeywords.setText(WebUiBuiltInKeywords.groovy:980)
	at Script1699070014013.run(Script1699070014013.groovy:24)
	at com.kms.katalon.core.main.ScriptEngine.run(ScriptEngine.java:194)
	at com.kms.katalon.core.main.ScriptEngine.runScriptAsRawText(ScriptEngine.java:119)
	at com.kms.katalon.core.main.TestCaseExecutor.runScript(TestCaseExecutor.java:448)
	at com.kms.katalon.core.main.TestCaseExecutor.doExecute(TestCaseExecutor.java:439)
	at com.kms.katalon.core.main.TestCaseExecutor.processExecutionPhase(TestCaseExecutor.java:418)
	at com.kms.katalon.core.main.TestCaseExecutor.accessMainPhase(TestCaseExecutor.java:410)
	at com.kms.katalon.core.main.TestCaseExecutor.execute(TestCaseExecutor.java:285)
	at com.kms.katalon.core.main.TestCaseMain.runTestCase(TestCaseMain.java:144)
	at com.kms.katalon.core.keyword.builtin.CallTestCaseKeyword$_callTestCase_closure1.doCall(CallTestCaseKeyword.groovy:59)
	at com.kms.katalon.core.keyword.builtin.CallTestCaseKeyword$_callTestCase_closure1.call(CallTestCaseKeyword.groovy)
	at com.kms.katalon.core.keyword.internal.KeywordMain.runKeyword(KeywordMain.groovy:75)
	at com.kms.katalon.core.keyword.builtin.CallTestCaseKeyword.callTestCase(CallTestCaseKeyword.groovy:81)
	at com.kms.katalon.core.keyword.builtin.CallTestCaseKeyword.execute(CallTestCaseKeyword.groovy:44)
	at com.kms.katalon.core.keyword.internal.KeywordExecutor.executeKeywordForPlatform(KeywordExecutor.groovy:74)
	at com.kms.katalon.core.keyword.BuiltinKeywords.callTestCase(BuiltinKeywords.groovy:310)
	at jdk.internal.reflect.GeneratedMethodAccessor31.invoke(Unknown Source)
	at java.base/jdk.internal.reflect.DelegatingMethodAccessorImpl.invoke(DelegatingMethodAccessorImpl.java:43)
	at Script1699544887782.run(Script1699544887782.groovy:20)
	... 18 more
)
[[ATTACHMENT|C:\\Users\\ithibodeaux\\IdeaProjects\\KatalonTraining\\KatalonTraining\\Reports\\20231110_090551\\OrangeHRM\\20231110_090554\\1699631563223.png]]

2023-11-10 09:52:43 - [MESSAGE][FAILED] - Unable to call Test Case 'Test Cases/OrangeHRM-Login' (Root cause: com.kms.katalon.core.exception.StepFailedException: Call Test Case 'Test Cases/OrangeHRM-Login' failed
	at com.kms.katalon.core.keyword.builtin.CallTestCaseKeyword$_callTestCase_closure1.doCall(CallTestCaseKeyword.groovy:63)
	at com.kms.katalon.core.keyword.builtin.CallTestCaseKeyword$_callTestCase_closure1.call(CallTestCaseKeyword.groovy)
	at com.kms.katalon.core.keyword.internal.KeywordMain.runKeyword(KeywordMain.groovy:75)
	at com.kms.katalon.core.keyword.builtin.CallTestCaseKeyword.callTestCase(CallTestCaseKeyword.groovy:81)
	at com.kms.katalon.core.keyword.builtin.CallTestCaseKeyword.execute(CallTestCaseKeyword.groovy:44)
	at com.kms.katalon.core.keyword.internal.KeywordExecutor.executeKeywordForPlatform(KeywordExecutor.groovy:74)
	at com.kms.katalon.core.keyword.BuiltinKeywords.callTestCase(BuiltinKeywords.groovy:310)
	at jdk.internal.reflect.GeneratedMethodAccessor31.invoke(Unknown Source)
	at java.base/jdk.internal.reflect.DelegatingMethodAccessorImpl.invoke(DelegatingMethodAccessorImpl.java:43)
	at OrangeHRM-View-Timesheet.run(OrangeHRM-View-Timesheet:20)
	at com.kms.katalon.core.main.ScriptEngine.run(ScriptEngine.java:194)
	at com.kms.katalon.core.main.ScriptEngine.runScriptAsRawText(ScriptEngine.java:119)
	at com.kms.katalon.core.main.TestCaseExecutor.runScript(TestCaseExecutor.java:448)
	at com.kms.katalon.core.main.TestCaseExecutor.doExecute(TestCaseExecutor.java:439)
	at com.kms.katalon.core.main.TestCaseExecutor.processExecutionPhase(TestCaseExecutor.java:418)
	at com.kms.katalon.core.main.TestCaseExecutor.accessMainPhase(TestCaseExecutor.java:410)
	at com.kms.katalon.core.main.TestCaseExecutor.execute(TestCaseExecutor.java:285)
	at com.kms.katalon.core.main.TestCaseExecutor.execute(TestCaseExecutor.java:369)
	at com.kms.katalon.core.main.TestCaseExecutor.execute(TestCaseExecutor.java:369)
	at com.kms.katalon.core.main.TestCaseExecutor.execute(TestCaseExecutor.java:369)
	at com.kms.katalon.core.common.CommonExecutor.accessTestCaseMainPhase(CommonExecutor.java:65)
	at com.kms.katalon.core.main.TestSuiteExecutor.accessTestSuiteMainPhase(TestSuiteExecutor.java:148)
	at com.kms.katalon.core.main.TestSuiteExecutor.execute(TestSuiteExecutor.java:106)
	at com.kms.katalon.core.main.TestCaseMain.startTestSuite(TestCaseMain.java:187)
	at TempTestSuite1699628754286.run(TempTestSuite1699628754286.groovy:36)
	at java.base/jdk.internal.reflect.NativeMethodAccessorImpl.invoke0(Native Method)
	at java.base/jdk.internal.reflect.NativeMethodAccessorImpl.invoke(NativeMethodAccessorImpl.java:77)
	at java.base/jdk.internal.reflect.DelegatingMethodAccessorImpl.invoke(DelegatingMethodAccessorImpl.java:43)
Caused by: com.kms.katalon.core.exception.StepFailedException: Unable to set text 'Admin' of object 'Object Repository/Page_OrangeHRM/input_username'
	at com.kms.katalon.core.webui.keyword.internal.WebUIKeywordMain.stepFailed(WebUIKeywordMain.groovy:64)
	at com.kms.katalon.core.webui.keyword.internal.WebUIKeywordMain.runKeyword(WebUIKeywordMain.groovy:26)
	at com.kms.katalon.core.webui.keyword.builtin.SetTextKeyword.setText(SetTextKeyword.groovy:66)
	at com.kms.katalon.core.webui.keyword.builtin.SetTextKeyword.execute(SetTextKeyword.groovy:37)
	at com.kms.katalon.core.keyword.internal.KeywordExecutor.executeKeywordForPlatform(KeywordExecutor.groovy:74)
	at com.kms.katalon.core.webui.keyword.WebUiBuiltInKeywords.setText(WebUiBuiltInKeywords.groovy:980)
	at OrangeHRM-Login.run(OrangeHRM-Login:24)
	at com.kms.katalon.core.main.ScriptEngine.run(ScriptEngine.java:194)
	at com.kms.katalon.core.main.ScriptEngine.runScriptAsRawText(ScriptEngine.java:119)
	at com.kms.katalon.core.main.TestCaseExecutor.runScript(TestCaseExecutor.java:448)
	at com.kms.katalon.core.main.TestCaseExecutor.doExecute(TestCaseExecutor.java:439)
	at com.kms.katalon.core.main.TestCaseExecutor.processExecutionPhase(TestCaseExecutor.java:418)
	at com.kms.katalon.core.main.TestCaseExecutor.accessMainPhase(TestCaseExecutor.java:410)
	at com.kms.katalon.core.main.TestCaseExecutor.execute(TestCaseExecutor.java:285)
	at com.kms.katalon.core.main.TestCaseMain.runTestCase(TestCaseMain.java:144)
	at com.kms.katalon.core.keyword.builtin.CallTestCaseKeyword$_callTestCase_closure1.doCall(CallTestCaseKeyword.groovy:59)
	... 27 more
Caused by: com.kms.katalon.core.webui.exception.WebElementNotFoundException: Web element with id: 'Object Repository/Page_OrangeHRM/input_username' located by '//input[@name='username']' not found
	at com.kms.katalon.core.webui.common.WebUiCommonHelper.findWebElement(WebUiCommonHelper.java:1379)
	at com.kms.katalon.core.webui.keyword.internal.WebUIAbstractKeyword.findWebElement(WebUIAbstractKeyword.groovy:27)
	at com.kms.katalon.core.webui.keyword.internal.WebUIAbstractKeyword.findWebElement(WebUIAbstractKeyword.groovy:26)
	at com.kms.katalon.core.webui.keyword.builtin.SetTextKeyword$_setText_closure1.doCall(SetTextKeyword.groovy:51)
	at com.kms.katalon.core.webui.keyword.builtin.SetTextKeyword$_setText_closure1.call(SetTextKeyword.groovy)
	at com.kms.katalon.core.webui.keyword.internal.WebUIKeywordMain.runKeyword(WebUIKeywordMain.groovy:20)
	... 41 more
)]]></system-out>
         <system-err><![CDATA[2023-11-10 09:48:04 - [TEST_CASE][FAILED] - Test Cases/OrangeHRM-View-Timesheet: Test Cases/OrangeHRM-View-Timesheet FAILED.
Reason:
com.kms.katalon.core.exception.StepFailedException: Call Test Case 'Test Cases/OrangeHRM-Login' failed
	at com.kms.katalon.core.keyword.builtin.CallTestCaseKeyword$_callTestCase_closure1.doCall(CallTestCaseKeyword.groovy:63)
	at com.kms.katalon.core.keyword.builtin.CallTestCaseKeyword$_callTestCase_closure1.call(CallTestCaseKeyword.groovy)
	at com.kms.katalon.core.keyword.internal.KeywordMain.runKeyword(KeywordMain.groovy:75)
	at com.kms.katalon.core.keyword.builtin.CallTestCaseKeyword.callTestCase(CallTestCaseKeyword.groovy:81)
	at com.kms.katalon.core.keyword.builtin.CallTestCaseKeyword.execute(CallTestCaseKeyword.groovy:44)
	at com.kms.katalon.core.keyword.internal.KeywordExecutor.executeKeywordForPlatform(KeywordExecutor.groovy:74)
	at com.kms.katalon.core.keyword.BuiltinKeywords.callTestCase(BuiltinKeywords.groovy:310)
	at jdk.internal.reflect.GeneratedMethodAccessor31.invoke(Unknown Source)
	at java.base/jdk.internal.reflect.DelegatingMethodAccessorImpl.invoke(DelegatingMethodAccessorImpl.java:43)
	at OrangeHRM-View-Timesheet.run(OrangeHRM-View-Timesheet:20)
	at com.kms.katalon.core.main.ScriptEngine.run(ScriptEngine.java:194)
	at com.kms.katalon.core.main.ScriptEngine.runScriptAsRawText(ScriptEngine.java:119)
	at com.kms.katalon.core.main.TestCaseExecutor.runScript(TestCaseExecutor.java:448)
	at com.kms.katalon.core.main.TestCaseExecutor.doExecute(TestCaseExecutor.java:439)
	at com.kms.katalon.core.main.TestCaseExecutor.processExecutionPhase(TestCaseExecutor.java:418)
	at com.kms.katalon.core.main.TestCaseExecutor.accessMainPhase(TestCaseExecutor.java:410)
	at com.kms.katalon.core.main.TestCaseExecutor.execute(TestCaseExecutor.java:285)
	at com.kms.katalon.core.main.TestCaseExecutor.execute(TestCaseExecutor.java:369)
	at com.kms.katalon.core.main.TestCaseExecutor.execute(TestCaseExecutor.java:369)
	at com.kms.katalon.core.main.TestCaseExecutor.execute(TestCaseExecutor.java:369)
	at com.kms.katalon.core.common.CommonExecutor.accessTestCaseMainPhase(CommonExecutor.java:65)
	at com.kms.katalon.core.main.TestSuiteExecutor.accessTestSuiteMainPhase(TestSuiteExecutor.java:148)
	at com.kms.katalon.core.main.TestSuiteExecutor.execute(TestSuiteExecutor.java:106)
	at com.kms.katalon.core.main.TestCaseMain.startTestSuite(TestCaseMain.java:187)
	at TempTestSuite1699628754286.run(TempTestSuite1699628754286.groovy:36)
	at java.base/jdk.internal.reflect.NativeMethodAccessorImpl.invoke0(Native Method)
	at java.base/jdk.internal.reflect.NativeMethodAccessorImpl.invoke(NativeMethodAccessorImpl.java:77)
	at java.base/jdk.internal.reflect.DelegatingMethodAccessorImpl.invoke(DelegatingMethodAccessorImpl.java:43)
Caused by: com.kms.katalon.core.exception.StepFailedException: Unable to set text 'Admin' of object 'Object Repository/Page_OrangeHRM/input_username'
	at com.kms.katalon.core.webui.keyword.internal.WebUIKeywordMain.stepFailed(WebUIKeywordMain.groovy:64)
	at com.kms.katalon.core.webui.keyword.internal.WebUIKeywordMain.runKeyword(WebUIKeywordMain.groovy:26)
	at com.kms.katalon.core.webui.keyword.builtin.SetTextKeyword.setText(SetTextKeyword.groovy:66)
	at com.kms.katalon.core.webui.keyword.builtin.SetTextKeyword.execute(SetTextKeyword.groovy:37)
	at com.kms.katalon.core.keyword.internal.KeywordExecutor.executeKeywordForPlatform(KeywordExecutor.groovy:74)
	at com.kms.katalon.core.webui.keyword.WebUiBuiltInKeywords.setText(WebUiBuiltInKeywords.groovy:980)
	at OrangeHRM-Login.run(OrangeHRM-Login:24)
	at com.kms.katalon.core.main.ScriptEngine.run(ScriptEngine.java:194)
	at com.kms.katalon.core.main.ScriptEngine.runScriptAsRawText(ScriptEngine.java:119)
	at com.kms.katalon.core.main.TestCaseExecutor.runScript(TestCaseExecutor.java:448)
	at com.kms.katalon.core.main.TestCaseExecutor.doExecute(TestCaseExecutor.java:439)
	at com.kms.katalon.core.main.TestCaseExecutor.processExecutionPhase(TestCaseExecutor.java:418)
	at com.kms.katalon.core.main.TestCaseExecutor.accessMainPhase(TestCaseExecutor.java:410)
	at com.kms.katalon.core.main.TestCaseExecutor.execute(TestCaseExecutor.java:285)
	at com.kms.katalon.core.main.TestCaseMain.runTestCase(TestCaseMain.java:144)
	at com.kms.katalon.core.keyword.builtin.CallTestCaseKeyword$_callTestCase_closure1.doCall(CallTestCaseKeyword.groovy:59)
	... 27 more
Caused by: com.kms.katalon.core.webui.exception.WebElementNotFoundException: Web element with id: 'Object Repository/Page_OrangeHRM/input_username' located by '//input[@name='username']' not found
	at com.kms.katalon.core.webui.common.WebUiCommonHelper.findWebElement(WebUiCommonHelper.java:1379)
	at com.kms.katalon.core.webui.keyword.internal.WebUIAbstractKeyword.findWebElement(WebUIAbstractKeyword.groovy:27)
	at com.kms.katalon.core.webui.keyword.internal.WebUIAbstractKeyword.findWebElement(WebUIAbstractKeyword.groovy:26)
	at com.kms.katalon.core.webui.keyword.builtin.SetTextKeyword$_setText_closure1.doCall(SetTextKeyword.groovy:51)
	at com.kms.katalon.core.webui.keyword.builtin.SetTextKeyword$_setText_closure1.call(SetTextKeyword.groovy)
	at com.kms.katalon.core.webui.keyword.internal.WebUIKeywordMain.runKeyword(WebUIKeywordMain.groovy:20)
	... 41 more]]></system-err>
      </testcase>
      <system-out><![CDATA[2023-11-10 09:06:07 - [TEST_SUITE][FAILED] - OrangeHRM: Test Cases/OrangeHRM-Approve-Leave FAILED.
Reason:
com.kms.katalon.core.exception.StepFailedException: Verify element text of test object 'Object Repository/Page_OrangeHRM/button_Approve' FAILED.
	at com.kms.katalon.core.webui.keyword.internal.WebUIKeywordMain.stepFailed(WebUIKeywordMain.groovy:64)
	at com.kms.katalon.core.webui.keyword.internal.WebUIKeywordMain.runKeyword(WebUIKeywordMain.groovy:26)
	at com.kms.katalon.core.webui.keyword.builtin.VerifyElementTextKeyword.verifyElementText(VerifyElementTextKeyword.groovy:72)
	at com.kms.katalon.core.webui.keyword.builtin.VerifyElementTextKeyword.execute(VerifyElementTextKeyword.groovy:40)
	at com.kms.katalon.core.keyword.internal.KeywordExecutor.executeKeywordForPlatform(KeywordExecutor.groovy:74)
	at com.kms.katalon.core.webui.keyword.WebUiBuiltInKeywords.verifyElementText(WebUiBuiltInKeywords.groovy:4796)
	at OrangeHRM-Approve-Leave.run(OrangeHRM-Approve-Leave:22)
	at com.kms.katalon.core.main.ScriptEngine.run(ScriptEngine.java:194)
	at com.kms.katalon.core.main.ScriptEngine.runScriptAsRawText(ScriptEngine.java:119)
	at com.kms.katalon.core.main.TestCaseExecutor.runScript(TestCaseExecutor.java:448)
	at com.kms.katalon.core.main.TestCaseExecutor.doExecute(TestCaseExecutor.java:439)
	at com.kms.katalon.core.main.TestCaseExecutor.processExecutionPhase(TestCaseExecutor.java:418)
	at com.kms.katalon.core.main.TestCaseExecutor.accessMainPhase(TestCaseExecutor.java:410)
	at com.kms.katalon.core.main.TestCaseExecutor.execute(TestCaseExecutor.java:285)
	at com.kms.katalon.core.common.CommonExecutor.accessTestCaseMainPhase(CommonExecutor.java:65)
	at com.kms.katalon.core.main.TestSuiteExecutor.accessTestSuiteMainPhase(TestSuiteExecutor.java:148)
	at com.kms.katalon.core.main.TestSuiteExecutor.execute(TestSuiteExecutor.java:106)
	at com.kms.katalon.core.main.TestCaseMain.startTestSuite(TestCaseMain.java:187)
	at TempTestSuite1699628754286.run(TempTestSuite1699628754286.groovy:36)
	at java.base/jdk.internal.reflect.NativeMethodAccessorImpl.invoke0(Native Method)
	at java.base/jdk.internal.reflect.NativeMethodAccessorImpl.invoke(NativeMethodAccessorImpl.java:77)
	at java.base/jdk.internal.reflect.DelegatingMethodAccessorImpl.invoke(DelegatingMethodAccessorImpl.java:43)
Caused by: com.kms.katalon.core.exception.StepFailedException: com.kms.katalon.core.webui.exception.WebElementNotFoundException: Web element with id: 'Object Repository/Page_OrangeHRM/button_Approve' located by '(//button[@type='button'])[4]' not found
	at com.kms.katalon.core.webui.keyword.internal.WebUIKeywordMain.stepFailed(WebUIKeywordMain.groovy:64)
	at com.kms.katalon.core.webui.keyword.builtin.VerifyElementTextKeyword$_verifyElementText_closure1.doCall(VerifyElementTextKeyword.groovy:64)
	at com.kms.katalon.core.webui.keyword.builtin.VerifyElementTextKeyword$_verifyElementText_closure1.call(VerifyElementTextKeyword.groovy)
	at com.kms.katalon.core.webui.keyword.internal.WebUIKeywordMain.runKeyword(WebUIKeywordMain.groovy:20)
	... 20 more]]></system-out>
      <system-err><![CDATA[2023-11-10 09:06:07 - [TEST_SUITE][FAILED] - OrangeHRM: Test Cases/OrangeHRM-Approve-Leave FAILED.
Reason:
com.kms.katalon.core.exception.StepFailedException: Verify element text of test object 'Object Repository/Page_OrangeHRM/button_Approve' FAILED.
	at com.kms.katalon.core.webui.keyword.internal.WebUIKeywordMain.stepFailed(WebUIKeywordMain.groovy:64)
	at com.kms.katalon.core.webui.keyword.internal.WebUIKeywordMain.runKeyword(WebUIKeywordMain.groovy:26)
	at com.kms.katalon.core.webui.keyword.builtin.VerifyElementTextKeyword.verifyElementText(VerifyElementTextKeyword.groovy:72)
	at com.kms.katalon.core.webui.keyword.builtin.VerifyElementTextKeyword.execute(VerifyElementTextKeyword.groovy:40)
	at com.kms.katalon.core.keyword.internal.KeywordExecutor.executeKeywordForPlatform(KeywordExecutor.groovy:74)
	at com.kms.katalon.core.webui.keyword.WebUiBuiltInKeywords.verifyElementText(WebUiBuiltInKeywords.groovy:4796)
	at OrangeHRM-Approve-Leave.run(OrangeHRM-Approve-Leave:22)
	at com.kms.katalon.core.main.ScriptEngine.run(ScriptEngine.java:194)
	at com.kms.katalon.core.main.ScriptEngine.runScriptAsRawText(ScriptEngine.java:119)
	at com.kms.katalon.core.main.TestCaseExecutor.runScript(TestCaseExecutor.java:448)
	at com.kms.katalon.core.main.TestCaseExecutor.doExecute(TestCaseExecutor.java:439)
	at com.kms.katalon.core.main.TestCaseExecutor.processExecutionPhase(TestCaseExecutor.java:418)
	at com.kms.katalon.core.main.TestCaseExecutor.accessMainPhase(TestCaseExecutor.java:410)
	at com.kms.katalon.core.main.TestCaseExecutor.execute(TestCaseExecutor.java:285)
	at com.kms.katalon.core.common.CommonExecutor.accessTestCaseMainPhase(CommonExecutor.java:65)
	at com.kms.katalon.core.main.TestSuiteExecutor.accessTestSuiteMainPhase(TestSuiteExecutor.java:148)
	at com.kms.katalon.core.main.TestSuiteExecutor.execute(TestSuiteExecutor.java:106)
	at com.kms.katalon.core.main.TestCaseMain.startTestSuite(TestCaseMain.java:187)
	at TempTestSuite1699628754286.run(TempTestSuite1699628754286.groovy:36)
	at java.base/jdk.internal.reflect.NativeMethodAccessorImpl.invoke0(Native Method)
	at java.base/jdk.internal.reflect.NativeMethodAccessorImpl.invoke(NativeMethodAccessorImpl.java:77)
	at java.base/jdk.internal.reflect.DelegatingMethodAccessorImpl.invoke(DelegatingMethodAccessorImpl.java:43)
Caused by: com.kms.katalon.core.exception.StepFailedException: com.kms.katalon.core.webui.exception.WebElementNotFoundException: Web element with id: 'Object Repository/Page_OrangeHRM/button_Approve' located by '(//button[@type='button'])[4]' not found
	at com.kms.katalon.core.webui.keyword.internal.WebUIKeywordMain.stepFailed(WebUIKeywordMain.groovy:64)
	at com.kms.katalon.core.webui.keyword.builtin.VerifyElementTextKeyword$_verifyElementText_closure1.doCall(VerifyElementTextKeyword.groovy:64)
	at com.kms.katalon.core.webui.keyword.builtin.VerifyElementTextKeyword$_verifyElementText_closure1.call(VerifyElementTextKeyword.groovy)
	at com.kms.katalon.core.webui.keyword.internal.WebUIKeywordMain.runKeyword(WebUIKeywordMain.groovy:20)
	... 20 more]]></system-err>
   </testsuite>
</testsuites>
