<?xml version="1.0" encoding="UTF-8"?>
<testsuites name="OrangeHRM" time="1974.913" tests="28" failures="9" errors="0">
   <testsuite name="OrangeHRM" tests="28" failures="9" errors="0" time="1974.913" skipped="0" timestamp="2023-11-10 08:31:37" hostname="ithibodeaux - USHOUITHIBO17.us.deloitte.com" id="Test Suites/OrangeHRM">
      <properties>
[...]
</properties>
      <testcase name="Test Cases/OrangeHRM-About-Page" time="16.522" classname="Test Cases/OrangeHRM-About-Page" status="PASSED">
         <system-out><![CDATA[2023-11-10 08:31:37 - [TEST_CASE][PASSED] - Test Cases/OrangeHRM-About-Page: Test Cases/OrangeHRM-About-Page

2023-11-10 08:31:37 - [TEST_STEP][PASSED] - callTestCase(findTestCase("OrangeHRM-Login"), [:], STOP_ON_FAILURE): Call Test Case 'Test Cases/OrangeHRM-Login' successfully

2023-11-10 08:31:38 - [TEST_CASE][PASSED] - Test Cases/OrangeHRM-Login: Test Cases/OrangeHRM-Login

2023-11-10 08:31:38 - [TEST_STEP][PASSED] - openBrowser(""): Browser is opened with url: ''

2023-11-10 08:31:38 - [MESSAGE][INFO] - Starting 'Chrome' driver

2023-11-10 08:31:38 - [MESSAGE][INFO] - Action delay is set to 0 milliseconds

2023-11-10 08:31:43 - [MESSAGE][PASSED] - Browser is opened with url: ''

2023-11-10 08:31:43 - [TEST_STEP][PASSED] - navigateToUrl("https://opensource-demo.orangehrmlive.com/web/index.php/auth/login"): Navigate to 'https://opensource-demo.orangehrmlive.com/web/index.php/auth/login' successfully

2023-11-10 08:31:46 - [MESSAGE][PASSED] - Navigate to 'https://opensource-demo.orangehrmlive.com/web/index.php/auth/login' successfully

2023-11-10 08:31:46 - [TEST_STEP][PASSED] - setText(findTestObject("Object Repository/Page_OrangeHRM/input_username"), "Admin"): Text 'Admin' is set on object 'Object Repository/Page_OrangeHRM/input_username'

2023-11-10 08:31:48 - [MESSAGE][PASSED] - Text 'Admin' is set on object 'Object Repository/Page_OrangeHRM/input_username'

2023-11-10 08:31:48 - [TEST_STEP][PASSED] - setEncryptedText(findTestObject("Object Repository/Page_OrangeHRM/input_password"), "hUKwJTbofgPU9eVlw/CnDQ=="): Text ****** has been set on object 'Object Repository/Page_OrangeHRM/input_password'

2023-11-10 08:31:48 - [MESSAGE][PASSED] - Text ****** has been set on object 'Object Repository/Page_OrangeHRM/input_password'

2023-11-10 08:31:48 - [TEST_STEP][PASSED] - sendKeys(findTestObject("Object Repository/Page_OrangeHRM/input_password"), Keys.chord(ENTER)): Keys 'ENTER + ' sent to object: 'Object Repository/Page_OrangeHRM/input_password'

2023-11-10 08:31:49 - [MESSAGE][PASSED] - Keys 'ENTER + ' sent to object: 'Object Repository/Page_OrangeHRM/input_password'

2023-11-10 08:31:49 - [TEST_STEP][PASSED] - click(findTestObject("Object Repository/Page_OrangeHRM/p_John999139 Smith999139")): Object: 'Object Repository/Page_OrangeHRM/p_John999139 Smith999139' is clicked on

2023-11-10 08:31:51 - [MESSAGE][PASSED] - Object: 'Object Repository/Page_OrangeHRM/p_John999139 Smith999139' is clicked on

2023-11-10 08:31:51 - [TEST_STEP][PASSED] - verifyElementText(findTestObject("Object Repository/Page_OrangeHRM/a_Logout"), "Logout"): Actual text and expected text of test object 'Object Repository/Page_OrangeHRM/a_Logout' are matched.

2023-11-10 08:31:52 - [MESSAGE][PASSED] - Actual text and expected text of test object 'Object Repository/Page_OrangeHRM/a_Logout' are matched.

2023-11-10 08:31:52 - [MESSAGE][PASSED] - Call Test Case 'Test Cases/OrangeHRM-Login' successfully

2023-11-10 08:31:52 - [TEST_STEP][PASSED] - click(findTestObject("Object Repository/Page_OrangeHRM/a_About")): Object: 'Object Repository/Page_OrangeHRM/a_About' is clicked on

2023-11-10 08:31:52 - [MESSAGE][PASSED] - Object: 'Object Repository/Page_OrangeHRM/a_About' is clicked on

2023-11-10 08:31:52 - [TEST_STEP][PASSED] - verifyElementText(findTestObject("Object Repository/Page_OrangeHRM/h6_About"), "About"): Actual text and expected text of test object 'Object Repository/Page_OrangeHRM/h6_About' are matched.

2023-11-10 08:31:53 - [MESSAGE][PASSED] - Actual text and expected text of test object 'Object Repository/Page_OrangeHRM/h6_About' are matched.

2023-11-10 08:31:53 - [TEST_STEP][PASSED] - closeBrowser(): Browser is closed

2023-11-10 08:31:53 - [MESSAGE][PASSED] - Browser is closed]]></system-out>
         <system-err><![CDATA[]]></system-err>
      </testcase>
      <testcase name="Test Cases/OrangeHRM-Approve-Leave" time="59.19" classname="Test Cases/OrangeHRM-Approve-Leave" status="FAILED">
         <failure type="FAILED" message="Test Cases/OrangeHRM-Approve-Leave FAILED.&#xa;Reason:&#xa;com.kms.katalon.core.exception.StepFailedException: Verify element text of test object 'Object Repository/Page_OrangeHRM/button_Approve' FAILED.&#xa;	at com.kms.katalon.core.webui.keyword.internal.WebUIKeywordMain.stepFailed(WebUIKeywordMain.groovy:64)&#xa;	at com.kms.katalon.core.webui.keyword.internal.WebUIKeywordMain.runKeyword(WebUIKeywordMain.groovy:26)&#xa;	at com.kms.katalon.core.webui.keyword.builtin.VerifyElementTextKeyword.verifyElementText(VerifyElementTextKeyword.groovy:72)&#xa;	at com.kms.katalon.core.webui.keyword.builtin.VerifyElementTextKeyword.execute(VerifyElementTextKeyword.groovy:40)&#xa;	at com.kms.katalon.core.keyword.internal.KeywordExecutor.executeKeywordForPlatform(KeywordExecutor.groovy:74)&#xa;	at com.kms.katalon.core.webui.keyword.WebUiBuiltInKeywords.verifyElementText(WebUiBuiltInKeywords.groovy:4796)&#xa;	at OrangeHRM-Approve-Leave.run(OrangeHRM-Approve-Leave:22)&#xa;	at com.kms.katalon.core.main.ScriptEngine.run(ScriptEngine.java:194)&#xa;	at com.kms.katalon.core.main.ScriptEngine.runScriptAsRawText(ScriptEngine.java:119)&#xa;	at com.kms.katalon.core.main.TestCaseExecutor.runScript(TestCaseExecutor.java:448)&#xa;	at com.kms.katalon.core.main.TestCaseExecutor.doExecute(TestCaseExecutor.java:439)&#xa;	at com.kms.katalon.core.main.TestCaseExecutor.processExecutionPhase(TestCaseExecutor.java:418)&#xa;	at com.kms.katalon.core.main.TestCaseExecutor.accessMainPhase(TestCaseExecutor.java:410)&#xa;	at com.kms.katalon.core.main.TestCaseExecutor.execute(TestCaseExecutor.java:285)&#xa;	at com.kms.katalon.core.main.TestCaseExecutor.execute(TestCaseExecutor.java:369)&#xa;	at com.kms.katalon.core.main.TestCaseExecutor.execute(TestCaseExecutor.java:369)&#xa;	at com.kms.katalon.core.main.TestCaseExecutor.execute(TestCaseExecutor.java:369)&#xa;	at com.kms.katalon.core.common.CommonExecutor.accessTestCaseMainPhase(CommonExecutor.java:65)&#xa;	at com.kms.katalon.core.main.TestSuiteExecutor.accessTestSuiteMainPhase(TestSuiteExecutor.java:148)&#xa;	at com.kms.katalon.core.main.TestSuiteExecutor.execute(TestSuiteExecutor.java:106)&#xa;	at com.kms.katalon.core.main.TestCaseMain.startTestSuite(TestCaseMain.java:187)&#xa;	at TempTestSuite1699626689132.run(TempTestSuite1699626689132.groovy:36)&#xa;	at java.base/jdk.internal.reflect.NativeMethodAccessorImpl.invoke0(Native Method)&#xa;	at java.base/jdk.internal.reflect.NativeMethodAccessorImpl.invoke(NativeMethodAccessorImpl.java:77)&#xa;	at java.base/jdk.internal.reflect.DelegatingMethodAccessorImpl.invoke(DelegatingMethodAccessorImpl.java:43)&#xa;Caused by: com.kms.katalon.core.exception.StepFailedException: com.kms.katalon.core.webui.exception.WebElementNotFoundException: Web element with id: 'Object Repository/Page_OrangeHRM/button_Approve' located by '(//button[@type='button'])[4]' not found&#xa;	at com.kms.katalon.core.webui.keyword.internal.WebUIKeywordMain.stepFailed(WebUIKeywordMain.groovy:64)&#xa;	at com.kms.katalon.core.webui.keyword.builtin.VerifyElementTextKeyword$_verifyElementText_closure1.doCall(VerifyElementTextKeyword.groovy:64)&#xa;	at com.kms.katalon.core.webui.keyword.builtin.VerifyElementTextKeyword$_verifyElementText_closure1.call(VerifyElementTextKeyword.groovy)&#xa;	at com.kms.katalon.core.webui.keyword.internal.WebUIKeywordMain.runKeyword(WebUIKeywordMain.groovy:20)&#xa;	... 23 more&#xa;"/>
         <system-out><![CDATA[2023-11-10 08:34:28 - [TEST_CASE][FAILED] - Test Cases/OrangeHRM-Approve-Leave: Test Cases/OrangeHRM-Approve-Leave FAILED.
Reason:
com.kms.katalon.core.exception.StepFailedException: Verify element text of test object 'Object Repository/Page_OrangeHRM/button_Approve' FAILED.
	at com.kms.katalon.core.webui.keyword.internal.WebUIKeywordMain.stepFailed(WebUIKeywordMain.groovy:64)
	at com.kms.katalon.core.webui.keyword.internal.WebUIKeywordMain.runKeyword(WebUIKeywordMain.groovy:26)
	at com.kms.katalon.core.webui.keyword.builtin.VerifyElementTextKeyword.verifyElementText(VerifyElementTextKeyword.groovy:72)
	at com.kms.katalon.core.webui.keyword.builtin.VerifyElementTextKeyword.execute(VerifyElementTextKeyword.groovy:40)
	at com.kms.katalon.core.keyword.internal.KeywordExecutor.executeKeywordForPlatform(KeywordExecutor.groovy:74)
	at com.kms.katalon.core.webui.keyword.WebUiBuiltInKeywords.verifyElementText(WebUiBuiltInKeywords.groovy:4796)
	at OrangeHRM-Approve-Leave.run(OrangeHRM-Approve-Leave:22)
	at com.kms.katalon.core.main.ScriptEngine.run(ScriptEngine.java:194)
	at com.kms.katalon.core.main.ScriptEngine.runScriptAsRawText(ScriptEngine.java:119)
	at com.kms.katalon.core.main.TestCaseExecutor.runScript(TestCaseExecutor.java:448)
	at com.kms.katalon.core.main.TestCaseExecutor.doExecute(TestCaseExecutor.java:439)
	at com.kms.katalon.core.main.TestCaseExecutor.processExecutionPhase(TestCaseExecutor.java:418)
	at com.kms.katalon.core.main.TestCaseExecutor.accessMainPhase(TestCaseExecutor.java:410)
	at com.kms.katalon.core.main.TestCaseExecutor.execute(TestCaseExecutor.java:285)
	at com.kms.katalon.core.main.TestCaseExecutor.execute(TestCaseExecutor.java:369)
	at com.kms.katalon.core.main.TestCaseExecutor.execute(TestCaseExecutor.java:369)
	at com.kms.katalon.core.main.TestCaseExecutor.execute(TestCaseExecutor.java:369)
	at com.kms.katalon.core.common.CommonExecutor.accessTestCaseMainPhase(CommonExecutor.java:65)
	at com.kms.katalon.core.main.TestSuiteExecutor.accessTestSuiteMainPhase(TestSuiteExecutor.java:148)
	at com.kms.katalon.core.main.TestSuiteExecutor.execute(TestSuiteExecutor.java:106)
	at com.kms.katalon.core.main.TestCaseMain.startTestSuite(TestCaseMain.java:187)
	at TempTestSuite1699626689132.run(TempTestSuite1699626689132.groovy:36)
	at java.base/jdk.internal.reflect.NativeMethodAccessorImpl.invoke0(Native Method)
	at java.base/jdk.internal.reflect.NativeMethodAccessorImpl.invoke(NativeMethodAccessorImpl.java:77)
	at java.base/jdk.internal.reflect.DelegatingMethodAccessorImpl.invoke(DelegatingMethodAccessorImpl.java:43)
Caused by: com.kms.katalon.core.exception.StepFailedException: com.kms.katalon.core.webui.exception.WebElementNotFoundException: Web element with id: 'Object Repository/Page_OrangeHRM/button_Approve' located by '(//button[@type='button'])[4]' not found
	at com.kms.katalon.core.webui.keyword.internal.WebUIKeywordMain.stepFailed(WebUIKeywordMain.groovy:64)
	at com.kms.katalon.core.webui.keyword.builtin.VerifyElementTextKeyword$_verifyElementText_closure1.doCall(VerifyElementTextKeyword.groovy:64)
	at com.kms.katalon.core.webui.keyword.builtin.VerifyElementTextKeyword$_verifyElementText_closure1.call(VerifyElementTextKeyword.groovy)
	at com.kms.katalon.core.webui.keyword.internal.WebUIKeywordMain.runKeyword(WebUIKeywordMain.groovy:20)
	... 23 more


2023-11-10 08:34:28 - [TEST_STEP][PASSED] - callTestCase(findTestCase("OrangeHRM-View-Leave-List"), [:], STOP_ON_FAILURE): Call Test Case 'Test Cases/OrangeHRM-View-Leave-List' successfully

2023-11-10 08:34:28 - [TEST_CASE][PASSED] - Test Cases/OrangeHRM-View-Leave-List: Test Cases/OrangeHRM-View-Leave-List

2023-11-10 08:34:28 - [TEST_STEP][PASSED] - callTestCase(findTestCase("OrangeHRM-Login"), [:], STOP_ON_FAILURE): Call Test Case 'Test Cases/OrangeHRM-Login' successfully

2023-11-10 08:34:28 - [TEST_CASE][PASSED] - Test Cases/OrangeHRM-Login: Test Cases/OrangeHRM-Login

2023-11-10 08:34:28 - [TEST_STEP][PASSED] - openBrowser(""): Browser is opened with url: ''

2023-11-10 08:34:28 - [MESSAGE][WARNING] - A browser is already opened. Closing browser and opening a new one

2023-11-10 08:34:29 - [MESSAGE][INFO] - Starting 'Chrome' driver

2023-11-10 08:34:29 - [MESSAGE][INFO] - Action delay is set to 0 milliseconds

2023-11-10 08:34:32 - [MESSAGE][PASSED] - Browser is opened with url: ''

2023-11-10 08:34:32 - [TEST_STEP][PASSED] - navigateToUrl("https://opensource-demo.orangehrmlive.com/web/index.php/auth/login"): Navigate to 'https://opensource-demo.orangehrmlive.com/web/index.php/auth/login' successfully

2023-11-10 08:34:35 - [MESSAGE][PASSED] - Navigate to 'https://opensource-demo.orangehrmlive.com/web/index.php/auth/login' successfully

2023-11-10 08:34:35 - [TEST_STEP][PASSED] - setText(findTestObject("Object Repository/Page_OrangeHRM/input_username"), "Admin"): Text 'Admin' is set on object 'Object Repository/Page_OrangeHRM/input_username'

2023-11-10 08:34:36 - [MESSAGE][PASSED] - Text 'Admin' is set on object 'Object Repository/Page_OrangeHRM/input_username'

2023-11-10 08:34:36 - [TEST_STEP][PASSED] - setEncryptedText(findTestObject("Object Repository/Page_OrangeHRM/input_password"), "hUKwJTbofgPU9eVlw/CnDQ=="): Text ****** has been set on object 'Object Repository/Page_OrangeHRM/input_password'

2023-11-10 08:34:37 - [MESSAGE][PASSED] - Text ****** has been set on object 'Object Repository/Page_OrangeHRM/input_password'

2023-11-10 08:34:37 - [TEST_STEP][PASSED] - sendKeys(findTestObject("Object Repository/Page_OrangeHRM/input_password"), Keys.chord(ENTER)): Keys 'ENTER + ' sent to object: 'Object Repository/Page_OrangeHRM/input_password'

2023-11-10 08:34:37 - [MESSAGE][PASSED] - Keys 'ENTER + ' sent to object: 'Object Repository/Page_OrangeHRM/input_password'

2023-11-10 08:34:37 - [TEST_STEP][PASSED] - click(findTestObject("Object Repository/Page_OrangeHRM/p_John999139 Smith999139")): Object: 'Object Repository/Page_OrangeHRM/p_John999139 Smith999139' is clicked on

2023-11-10 08:34:39 - [MESSAGE][PASSED] - Object: 'Object Repository/Page_OrangeHRM/p_John999139 Smith999139' is clicked on

2023-11-10 08:34:39 - [TEST_STEP][PASSED] - verifyElementText(findTestObject("Object Repository/Page_OrangeHRM/a_Logout"), "Logout"): Actual text and expected text of test object 'Object Repository/Page_OrangeHRM/a_Logout' are matched.

2023-11-10 08:34:40 - [MESSAGE][PASSED] - Actual text and expected text of test object 'Object Repository/Page_OrangeHRM/a_Logout' are matched.

2023-11-10 08:34:40 - [MESSAGE][PASSED] - Call Test Case 'Test Cases/OrangeHRM-Login' successfully

2023-11-10 08:34:40 - [TEST_STEP][PASSED] - click(findTestObject("Object Repository/Page_OrangeHRM/span_Leave")): Object: 'Object Repository/Page_OrangeHRM/span_Leave' is clicked on

2023-11-10 08:34:41 - [MESSAGE][PASSED] - Object: 'Object Repository/Page_OrangeHRM/span_Leave' is clicked on

2023-11-10 08:34:41 - [TEST_STEP][PASSED] - navigateToUrl("https://opensource-demo.orangehrmlive.com/web/index.php/leave/viewLeaveList"): Navigate to 'https://opensource-demo.orangehrmlive.com/web/index.php/leave/viewLeaveList' successfully

2023-11-10 08:34:42 - [MESSAGE][PASSED] - Navigate to 'https://opensource-demo.orangehrmlive.com/web/index.php/leave/viewLeaveList' successfully

2023-11-10 08:34:42 - [TEST_STEP][PASSED] - verifyElementText(findTestObject("Object Repository/Page_OrangeHRM/h5_Leave List"), "Leave List"): Actual text and expected text of test object 'Object Repository/Page_OrangeHRM/h5_Leave List' are matched.

2023-11-10 08:34:43 - [MESSAGE][PASSED] - Actual text and expected text of test object 'Object Repository/Page_OrangeHRM/h5_Leave List' are matched.

2023-11-10 08:34:43 - [MESSAGE][PASSED] - Call Test Case 'Test Cases/OrangeHRM-View-Leave-List' successfully

2023-11-10 08:34:43 - [TEST_STEP][FAILED] - verifyElementText(findTestObject("Object Repository/Page_OrangeHRM/button_Approve"), "Approve"): Verify element text of test object 'Object Repository/Page_OrangeHRM/button_Approve' FAILED. (Root cause: com.kms.katalon.core.exception.StepFailedException: Verify element text of test object 'Object Repository/Page_OrangeHRM/button_Approve' FAILED.
	at com.kms.katalon.core.webui.keyword.internal.WebUIKeywordMain.stepFailed(WebUIKeywordMain.groovy:64)
	at com.kms.katalon.core.webui.keyword.internal.WebUIKeywordMain.runKeyword(WebUIKeywordMain.groovy:26)
	at com.kms.katalon.core.webui.keyword.builtin.VerifyElementTextKeyword.verifyElementText(VerifyElementTextKeyword.groovy:72)
	at com.kms.katalon.core.webui.keyword.builtin.VerifyElementTextKeyword.execute(VerifyElementTextKeyword.groovy:40)
	at com.kms.katalon.core.keyword.internal.KeywordExecutor.executeKeywordForPlatform(KeywordExecutor.groovy:74)
	at com.kms.katalon.core.webui.keyword.WebUiBuiltInKeywords.verifyElementText(WebUiBuiltInKeywords.groovy:4796)
	at OrangeHRM-Approve-Leave.run(OrangeHRM-Approve-Leave:22)
	at com.kms.katalon.core.main.ScriptEngine.run(ScriptEngine.java:194)
	at com.kms.katalon.core.main.ScriptEngine.runScriptAsRawText(ScriptEngine.java:119)
	at com.kms.katalon.core.main.TestCaseExecutor.runScript(TestCaseExecutor.java:448)
	at com.kms.katalon.core.main.TestCaseExecutor.doExecute(TestCaseExecutor.java:439)
	at com.kms.katalon.core.main.TestCaseExecutor.processExecutionPhase(TestCaseExecutor.java:418)
	at com.kms.katalon.core.main.TestCaseExecutor.accessMainPhase(TestCaseExecutor.java:410)
	at com.kms.katalon.core.main.TestCaseExecutor.execute(TestCaseExecutor.java:285)
	at com.kms.katalon.core.main.TestCaseExecutor.execute(TestCaseExecutor.java:369)
	at com.kms.katalon.core.main.TestCaseExecutor.execute(TestCaseExecutor.java:369)
	at com.kms.katalon.core.main.TestCaseExecutor.execute(TestCaseExecutor.java:369)
	at com.kms.katalon.core.common.CommonExecutor.accessTestCaseMainPhase(CommonExecutor.java:65)
	at com.kms.katalon.core.main.TestSuiteExecutor.accessTestSuiteMainPhase(TestSuiteExecutor.java:148)
	at com.kms.katalon.core.main.TestSuiteExecutor.execute(TestSuiteExecutor.java:106)
	at com.kms.katalon.core.main.TestCaseMain.startTestSuite(TestCaseMain.java:187)
	at TempTestSuite1699626689132.run(TempTestSuite1699626689132.groovy:36)
	at java.base/jdk.internal.reflect.NativeMethodAccessorImpl.invoke0(Native Method)
	at java.base/jdk.internal.reflect.NativeMethodAccessorImpl.invoke(NativeMethodAccessorImpl.java:77)
	at java.base/jdk.internal.reflect.DelegatingMethodAccessorImpl.invoke(DelegatingMethodAccessorImpl.java:43)
Caused by: com.kms.katalon.core.exception.StepFailedException: com.kms.katalon.core.webui.exception.WebElementNotFoundException: Web element with id: 'Object Repository/Page_OrangeHRM/button_Approve' located by '(//button[@type='button'])[4]' not found
	at com.kms.katalon.core.webui.keyword.internal.WebUIKeywordMain.stepFailed(WebUIKeywordMain.groovy:64)
	at com.kms.katalon.core.webui.keyword.builtin.VerifyElementTextKeyword$_verifyElementText_closure1.doCall(VerifyElementTextKeyword.groovy:64)
	at com.kms.katalon.core.webui.keyword.builtin.VerifyElementTextKeyword$_verifyElementText_closure1.call(VerifyElementTextKeyword.groovy)
	at com.kms.katalon.core.webui.keyword.internal.WebUIKeywordMain.runKeyword(WebUIKeywordMain.groovy:20)
	... 23 more
)

2023-11-10 08:35:15 - [MESSAGE][INFO] - Unable to find the element located by 'By.xpath: (//button[@type='button'])[4]'. Please recheck the objects properties to make sure the desired element is located. 

2023-11-10 08:35:15 - [MESSAGE][WARNING] - [SELF-HEALING] Failed to find element with id 'Object Repository/Page_OrangeHRM/button_Approve'. Try using Self-healing.

2023-11-10 08:35:17 - [MESSAGE][INFO] - [SELF-HEALING] Failed Locator: '(//button[@type='button'])[4]'.

2023-11-10 08:35:19 - [MESSAGE][INFO] - [SELF-HEALING] Failed Locator: '//div[@id='app']/div/div[2]/div[2]/div/div[2]/div[2]/div/div/div/div/div/div[2]/div/div/button'.

2023-11-10 08:35:21 - [MESSAGE][INFO] - [SELF-HEALING] Failed Locator: '//div/div[2]/div/div/button'.

2023-11-10 08:35:23 - [MESSAGE][INFO] - [SELF-HEALING] Failed Locator: '//button[@type = 'button' and (text() = ' Approve ' or . = ' Approve ')]'.

2023-11-10 08:35:25 - [MESSAGE][INFO] - Unable to find the element located by 'By.xpath: //*[@type = 'button' and (text() = ' Approve ' or . = ' Approve ')]'. Please recheck the objects properties to make sure the desired element is located. 

2023-11-10 08:35:27 - [MESSAGE][INFO] - Unable to find the element located by 'By.cssSelector: button.oxd-button.oxd-button--medium.oxd-button--label-success.oxd-table-cell-action-space'. Please recheck the objects properties to make sure the desired element is located. 

2023-11-10 08:35:27 - [MESSAGE][FAILED] - com.kms.katalon.core.webui.exception.WebElementNotFoundException: Web element with id: 'Object Repository/Page_OrangeHRM/button_Approve' located by '(//button[@type='button'])[4]' not found (Root cause: com.kms.katalon.core.exception.StepFailedException: com.kms.katalon.core.webui.exception.WebElementNotFoundException: Web element with id: 'Object Repository/Page_OrangeHRM/button_Approve' located by '(//button[@type='button'])[4]' not found
	at com.kms.katalon.core.webui.keyword.internal.WebUIKeywordMain.stepFailed(WebUIKeywordMain.groovy:64)
	at com.kms.katalon.core.webui.keyword.builtin.VerifyElementTextKeyword$_verifyElementText_closure1.doCall(VerifyElementTextKeyword.groovy:64)
	at com.kms.katalon.core.webui.keyword.builtin.VerifyElementTextKeyword$_verifyElementText_closure1.call(VerifyElementTextKeyword.groovy)
	at com.kms.katalon.core.webui.keyword.internal.WebUIKeywordMain.runKeyword(WebUIKeywordMain.groovy:20)
	at com.kms.katalon.core.webui.keyword.builtin.VerifyElementTextKeyword.verifyElementText(VerifyElementTextKeyword.groovy:72)
	at com.kms.katalon.core.webui.keyword.builtin.VerifyElementTextKeyword.execute(VerifyElementTextKeyword.groovy:40)
	at com.kms.katalon.core.keyword.internal.KeywordExecutor.executeKeywordForPlatform(KeywordExecutor.groovy:74)
	at com.kms.katalon.core.webui.keyword.WebUiBuiltInKeywords.verifyElementText(WebUiBuiltInKeywords.groovy:4796)
	at OrangeHRM-Approve-Leave.run(OrangeHRM-Approve-Leave:22)
	at com.kms.katalon.core.main.ScriptEngine.run(ScriptEngine.java:194)
	at com.kms.katalon.core.main.ScriptEngine.runScriptAsRawText(ScriptEngine.java:119)
	at com.kms.katalon.core.main.TestCaseExecutor.runScript(TestCaseExecutor.java:448)
	at com.kms.katalon.core.main.TestCaseExecutor.doExecute(TestCaseExecutor.java:439)
	at com.kms.katalon.core.main.TestCaseExecutor.processExecutionPhase(TestCaseExecutor.java:418)
	at com.kms.katalon.core.main.TestCaseExecutor.accessMainPhase(TestCaseExecutor.java:410)
	at com.kms.katalon.core.main.TestCaseExecutor.execute(TestCaseExecutor.java:285)
	at com.kms.katalon.core.main.TestCaseExecutor.execute(TestCaseExecutor.java:369)
	at com.kms.katalon.core.main.TestCaseExecutor.execute(TestCaseExecutor.java:369)
	at com.kms.katalon.core.main.TestCaseExecutor.execute(TestCaseExecutor.java:369)
	at com.kms.katalon.core.common.CommonExecutor.accessTestCaseMainPhase(CommonExecutor.java:65)
	at com.kms.katalon.core.main.TestSuiteExecutor.accessTestSuiteMainPhase(TestSuiteExecutor.java:148)
	at com.kms.katalon.core.main.TestSuiteExecutor.execute(TestSuiteExecutor.java:106)
	at com.kms.katalon.core.main.TestCaseMain.startTestSuite(TestCaseMain.java:187)
	at TempTestSuite1699626689132.run(TempTestSuite1699626689132.groovy:36)
	at java.base/jdk.internal.reflect.NativeMethodAccessorImpl.invoke0(Native Method)
	at java.base/jdk.internal.reflect.NativeMethodAccessorImpl.invoke(NativeMethodAccessorImpl.java:77)
	at java.base/jdk.internal.reflect.DelegatingMethodAccessorImpl.invoke(DelegatingMethodAccessorImpl.java:43)
)
[[ATTACHMENT|C:\\Users\\ithibodeaux\\IdeaProjects\\KatalonTraining\\KatalonTraining\\Reports\\20231110_083129\\OrangeHRM\\20231110_083129\\1699626927644.png]]

2023-11-10 08:35:27 - [MESSAGE][FAILED] - Verify element text of test object 'Object Repository/Page_OrangeHRM/button_Approve' FAILED. (Root cause: com.kms.katalon.core.exception.StepFailedException: Verify element text of test object 'Object Repository/Page_OrangeHRM/button_Approve' FAILED.
	at com.kms.katalon.core.webui.keyword.internal.WebUIKeywordMain.stepFailed(WebUIKeywordMain.groovy:64)
	at com.kms.katalon.core.webui.keyword.internal.WebUIKeywordMain.runKeyword(WebUIKeywordMain.groovy:26)
	at com.kms.katalon.core.webui.keyword.builtin.VerifyElementTextKeyword.verifyElementText(VerifyElementTextKeyword.groovy:72)
	at com.kms.katalon.core.webui.keyword.builtin.VerifyElementTextKeyword.execute(VerifyElementTextKeyword.groovy:40)
	at com.kms.katalon.core.keyword.internal.KeywordExecutor.executeKeywordForPlatform(KeywordExecutor.groovy:74)
	at com.kms.katalon.core.webui.keyword.WebUiBuiltInKeywords.verifyElementText(WebUiBuiltInKeywords.groovy:4796)
	at OrangeHRM-Approve-Leave.run(OrangeHRM-Approve-Leave:22)
	at com.kms.katalon.core.main.ScriptEngine.run(ScriptEngine.java:194)
	at com.kms.katalon.core.main.ScriptEngine.runScriptAsRawText(ScriptEngine.java:119)
	at com.kms.katalon.core.main.TestCaseExecutor.runScript(TestCaseExecutor.java:448)
	at com.kms.katalon.core.main.TestCaseExecutor.doExecute(TestCaseExecutor.java:439)
	at com.kms.katalon.core.main.TestCaseExecutor.processExecutionPhase(TestCaseExecutor.java:418)
	at com.kms.katalon.core.main.TestCaseExecutor.accessMainPhase(TestCaseExecutor.java:410)
	at com.kms.katalon.core.main.TestCaseExecutor.execute(TestCaseExecutor.java:285)
	at com.kms.katalon.core.main.TestCaseExecutor.execute(TestCaseExecutor.java:369)
	at com.kms.katalon.core.main.TestCaseExecutor.execute(TestCaseExecutor.java:369)
	at com.kms.katalon.core.main.TestCaseExecutor.execute(TestCaseExecutor.java:369)
	at com.kms.katalon.core.common.CommonExecutor.accessTestCaseMainPhase(CommonExecutor.java:65)
	at com.kms.katalon.core.main.TestSuiteExecutor.accessTestSuiteMainPhase(TestSuiteExecutor.java:148)
	at com.kms.katalon.core.main.TestSuiteExecutor.execute(TestSuiteExecutor.java:106)
	at com.kms.katalon.core.main.TestCaseMain.startTestSuite(TestCaseMain.java:187)
	at TempTestSuite1699626689132.run(TempTestSuite1699626689132.groovy:36)
	at java.base/jdk.internal.reflect.NativeMethodAccessorImpl.invoke0(Native Method)
	at java.base/jdk.internal.reflect.NativeMethodAccessorImpl.invoke(NativeMethodAccessorImpl.java:77)
	at java.base/jdk.internal.reflect.DelegatingMethodAccessorImpl.invoke(DelegatingMethodAccessorImpl.java:43)
Caused by: com.kms.katalon.core.exception.StepFailedException: com.kms.katalon.core.webui.exception.WebElementNotFoundException: Web element with id: 'Object Repository/Page_OrangeHRM/button_Approve' located by '(//button[@type='button'])[4]' not found
	at com.kms.katalon.core.webui.keyword.internal.WebUIKeywordMain.stepFailed(WebUIKeywordMain.groovy:64)
	at com.kms.katalon.core.webui.keyword.builtin.VerifyElementTextKeyword$_verifyElementText_closure1.doCall(VerifyElementTextKeyword.groovy:64)
	at com.kms.katalon.core.webui.keyword.builtin.VerifyElementTextKeyword$_verifyElementText_closure1.call(VerifyElementTextKeyword.groovy)
	at com.kms.katalon.core.webui.keyword.internal.WebUIKeywordMain.runKeyword(WebUIKeywordMain.groovy:20)
	... 23 more
)
[[ATTACHMENT|C:\\Users\\ithibodeaux\\IdeaProjects\\KatalonTraining\\KatalonTraining\\Reports\\20231110_083129\\OrangeHRM\\20231110_083129\\1699626927839.png]]]]></system-out>
         <system-err><![CDATA[2023-11-10 08:34:28 - [TEST_CASE][FAILED] - Test Cases/OrangeHRM-Approve-Leave: Test Cases/OrangeHRM-Approve-Leave FAILED.
Reason:
com.kms.katalon.core.exception.StepFailedException: Verify element text of test object 'Object Repository/Page_OrangeHRM/button_Approve' FAILED.
	at com.kms.katalon.core.webui.keyword.internal.WebUIKeywordMain.stepFailed(WebUIKeywordMain.groovy:64)
	at com.kms.katalon.core.webui.keyword.internal.WebUIKeywordMain.runKeyword(WebUIKeywordMain.groovy:26)
	at com.kms.katalon.core.webui.keyword.builtin.VerifyElementTextKeyword.verifyElementText(VerifyElementTextKeyword.groovy:72)
	at com.kms.katalon.core.webui.keyword.builtin.VerifyElementTextKeyword.execute(VerifyElementTextKeyword.groovy:40)
	at com.kms.katalon.core.keyword.internal.KeywordExecutor.executeKeywordForPlatform(KeywordExecutor.groovy:74)
	at com.kms.katalon.core.webui.keyword.WebUiBuiltInKeywords.verifyElementText(WebUiBuiltInKeywords.groovy:4796)
	at OrangeHRM-Approve-Leave.run(OrangeHRM-Approve-Leave:22)
	at com.kms.katalon.core.main.ScriptEngine.run(ScriptEngine.java:194)
	at com.kms.katalon.core.main.ScriptEngine.runScriptAsRawText(ScriptEngine.java:119)
	at com.kms.katalon.core.main.TestCaseExecutor.runScript(TestCaseExecutor.java:448)
	at com.kms.katalon.core.main.TestCaseExecutor.doExecute(TestCaseExecutor.java:439)
	at com.kms.katalon.core.main.TestCaseExecutor.processExecutionPhase(TestCaseExecutor.java:418)
	at com.kms.katalon.core.main.TestCaseExecutor.accessMainPhase(TestCaseExecutor.java:410)
	at com.kms.katalon.core.main.TestCaseExecutor.execute(TestCaseExecutor.java:285)
	at com.kms.katalon.core.main.TestCaseExecutor.execute(TestCaseExecutor.java:369)
	at com.kms.katalon.core.main.TestCaseExecutor.execute(TestCaseExecutor.java:369)
	at com.kms.katalon.core.main.TestCaseExecutor.execute(TestCaseExecutor.java:369)
	at com.kms.katalon.core.common.CommonExecutor.accessTestCaseMainPhase(CommonExecutor.java:65)
	at com.kms.katalon.core.main.TestSuiteExecutor.accessTestSuiteMainPhase(TestSuiteExecutor.java:148)
	at com.kms.katalon.core.main.TestSuiteExecutor.execute(TestSuiteExecutor.java:106)
	at com.kms.katalon.core.main.TestCaseMain.startTestSuite(TestCaseMain.java:187)
	at TempTestSuite1699626689132.run(TempTestSuite1699626689132.groovy:36)
	at java.base/jdk.internal.reflect.NativeMethodAccessorImpl.invoke0(Native Method)
	at java.base/jdk.internal.reflect.NativeMethodAccessorImpl.invoke(NativeMethodAccessorImpl.java:77)
	at java.base/jdk.internal.reflect.DelegatingMethodAccessorImpl.invoke(DelegatingMethodAccessorImpl.java:43)
Caused by: com.kms.katalon.core.exception.StepFailedException: com.kms.katalon.core.webui.exception.WebElementNotFoundException: Web element with id: 'Object Repository/Page_OrangeHRM/button_Approve' located by '(//button[@type='button'])[4]' not found
	at com.kms.katalon.core.webui.keyword.internal.WebUIKeywordMain.stepFailed(WebUIKeywordMain.groovy:64)
	at com.kms.katalon.core.webui.keyword.builtin.VerifyElementTextKeyword$_verifyElementText_closure1.doCall(VerifyElementTextKeyword.groovy:64)
	at com.kms.katalon.core.webui.keyword.builtin.VerifyElementTextKeyword$_verifyElementText_closure1.call(VerifyElementTextKeyword.groovy)
	at com.kms.katalon.core.webui.keyword.internal.WebUIKeywordMain.runKeyword(WebUIKeywordMain.groovy:20)
	... 23 more]]></system-err>
      </testcase>
      <testcase name="Test Cases/OrangeHRM-Customer-Support" time="13.838" classname="Test Cases/OrangeHRM-Customer-Support" status="PASSED">
         <system-out><![CDATA[2023-11-10 08:35:27 - [TEST_CASE][PASSED] - Test Cases/OrangeHRM-Customer-Support: Test Cases/OrangeHRM-Customer-Support

2023-11-10 08:35:28 - [TEST_STEP][PASSED] - callTestCase(findTestCase("OrangeHRM-Login"), [:], STOP_ON_FAILURE): Call Test Case 'Test Cases/OrangeHRM-Login' successfully

2023-11-10 08:35:28 - [TEST_CASE][PASSED] - Test Cases/OrangeHRM-Login: Test Cases/OrangeHRM-Login

2023-11-10 08:35:28 - [TEST_STEP][PASSED] - openBrowser(""): Browser is opened with url: ''

2023-11-10 08:35:28 - [MESSAGE][WARNING] - A browser is already opened. Closing browser and opening a new one

2023-11-10 08:35:28 - [MESSAGE][INFO] - Starting 'Chrome' driver

2023-11-10 08:35:28 - [MESSAGE][INFO] - Action delay is set to 0 milliseconds

2023-11-10 08:35:31 - [MESSAGE][PASSED] - Browser is opened with url: ''

2023-11-10 08:35:31 - [TEST_STEP][PASSED] - navigateToUrl("https://opensource-demo.orangehrmlive.com/web/index.php/auth/login"): Navigate to 'https://opensource-demo.orangehrmlive.com/web/index.php/auth/login' successfully

2023-11-10 08:35:35 - [MESSAGE][PASSED] - Navigate to 'https://opensource-demo.orangehrmlive.com/web/index.php/auth/login' successfully

2023-11-10 08:35:35 - [TEST_STEP][PASSED] - setText(findTestObject("Object Repository/Page_OrangeHRM/input_username"), "Admin"): Text 'Admin' is set on object 'Object Repository/Page_OrangeHRM/input_username'

2023-11-10 08:35:36 - [MESSAGE][PASSED] - Text 'Admin' is set on object 'Object Repository/Page_OrangeHRM/input_username'

2023-11-10 08:35:36 - [TEST_STEP][PASSED] - setEncryptedText(findTestObject("Object Repository/Page_OrangeHRM/input_password"), "hUKwJTbofgPU9eVlw/CnDQ=="): Text ****** has been set on object 'Object Repository/Page_OrangeHRM/input_password'

2023-11-10 08:35:36 - [MESSAGE][PASSED] - Text ****** has been set on object 'Object Repository/Page_OrangeHRM/input_password'

2023-11-10 08:35:36 - [TEST_STEP][PASSED] - sendKeys(findTestObject("Object Repository/Page_OrangeHRM/input_password"), Keys.chord(ENTER)): Keys 'ENTER + ' sent to object: 'Object Repository/Page_OrangeHRM/input_password'

2023-11-10 08:35:36 - [MESSAGE][PASSED] - Keys 'ENTER + ' sent to object: 'Object Repository/Page_OrangeHRM/input_password'

2023-11-10 08:35:36 - [TEST_STEP][PASSED] - click(findTestObject("Object Repository/Page_OrangeHRM/p_John999139 Smith999139")): Object: 'Object Repository/Page_OrangeHRM/p_John999139 Smith999139' is clicked on

2023-11-10 08:35:38 - [MESSAGE][PASSED] - Object: 'Object Repository/Page_OrangeHRM/p_John999139 Smith999139' is clicked on

2023-11-10 08:35:38 - [TEST_STEP][PASSED] - verifyElementText(findTestObject("Object Repository/Page_OrangeHRM/a_Logout"), "Logout"): Actual text and expected text of test object 'Object Repository/Page_OrangeHRM/a_Logout' are matched.

2023-11-10 08:35:39 - [MESSAGE][PASSED] - Actual text and expected text of test object 'Object Repository/Page_OrangeHRM/a_Logout' are matched.

2023-11-10 08:35:39 - [MESSAGE][PASSED] - Call Test Case 'Test Cases/OrangeHRM-Login' successfully

2023-11-10 08:35:39 - [TEST_STEP][PASSED] - click(findTestObject("Object Repository/Page_OrangeHRM/a_Support")): Object: 'Object Repository/Page_OrangeHRM/a_Support' is clicked on

2023-11-10 08:35:40 - [MESSAGE][PASSED] - Object: 'Object Repository/Page_OrangeHRM/a_Support' is clicked on

2023-11-10 08:35:40 - [TEST_STEP][PASSED] - navigateToUrl("https://opensource-demo.orangehrmlive.com/web/index.php/help/support"): Navigate to 'https://opensource-demo.orangehrmlive.com/web/index.php/help/support' successfully

2023-11-10 08:35:41 - [MESSAGE][PASSED] - Navigate to 'https://opensource-demo.orangehrmlive.com/web/index.php/help/support' successfully

2023-11-10 08:35:41 - [TEST_STEP][PASSED] - verifyElementText(findTestObject("Object Repository/Page_OrangeHRM/p_Customer Support"), "Customer Support"): Actual text and expected text of test object 'Object Repository/Page_OrangeHRM/p_Customer Support' are matched.

2023-11-10 08:35:41 - [MESSAGE][PASSED] - Actual text and expected text of test object 'Object Repository/Page_OrangeHRM/p_Customer Support' are matched.

2023-11-10 08:35:41 - [TEST_STEP][PASSED] - closeBrowser(): Browser is closed

2023-11-10 08:35:41 - [MESSAGE][PASSED] - Browser is closed]]></system-out>
         <system-err><![CDATA[]]></system-err>
      </testcase>
      <testcase name="Test Cases/OrangeHRM-Employee-Claims" time="14.209" classname="Test Cases/OrangeHRM-Employee-Claims" status="PASSED">
         <system-out><![CDATA[2023-11-10 08:35:41 - [TEST_CASE][PASSED] - Test Cases/OrangeHRM-Employee-Claims: Test Cases/OrangeHRM-Employee-Claims

2023-11-10 08:35:41 - [TEST_STEP][PASSED] - callTestCase(findTestCase("OrangeHRM-Login"), [:], STOP_ON_FAILURE): Call Test Case 'Test Cases/OrangeHRM-Login' successfully

2023-11-10 08:35:42 - [TEST_CASE][PASSED] - Test Cases/OrangeHRM-Login: Test Cases/OrangeHRM-Login

2023-11-10 08:35:42 - [TEST_STEP][PASSED] - openBrowser(""): Browser is opened with url: ''

2023-11-10 08:35:42 - [MESSAGE][INFO] - Starting 'Chrome' driver

2023-11-10 08:35:42 - [MESSAGE][INFO] - Action delay is set to 0 milliseconds

2023-11-10 08:35:45 - [MESSAGE][PASSED] - Browser is opened with url: ''

2023-11-10 08:35:45 - [TEST_STEP][PASSED] - navigateToUrl("https://opensource-demo.orangehrmlive.com/web/index.php/auth/login"): Navigate to 'https://opensource-demo.orangehrmlive.com/web/index.php/auth/login' successfully

2023-11-10 08:35:48 - [MESSAGE][PASSED] - Navigate to 'https://opensource-demo.orangehrmlive.com/web/index.php/auth/login' successfully

2023-11-10 08:35:48 - [TEST_STEP][PASSED] - setText(findTestObject("Object Repository/Page_OrangeHRM/input_username"), "Admin"): Text 'Admin' is set on object 'Object Repository/Page_OrangeHRM/input_username'

2023-11-10 08:35:50 - [MESSAGE][PASSED] - Text 'Admin' is set on object 'Object Repository/Page_OrangeHRM/input_username'

2023-11-10 08:35:50 - [TEST_STEP][PASSED] - setEncryptedText(findTestObject("Object Repository/Page_OrangeHRM/input_password"), "hUKwJTbofgPU9eVlw/CnDQ=="): Text ****** has been set on object 'Object Repository/Page_OrangeHRM/input_password'

2023-11-10 08:35:50 - [MESSAGE][PASSED] - Text ****** has been set on object 'Object Repository/Page_OrangeHRM/input_password'

2023-11-10 08:35:50 - [TEST_STEP][PASSED] - sendKeys(findTestObject("Object Repository/Page_OrangeHRM/input_password"), Keys.chord(ENTER)): Keys 'ENTER + ' sent to object: 'Object Repository/Page_OrangeHRM/input_password'

2023-11-10 08:35:50 - [MESSAGE][PASSED] - Keys 'ENTER + ' sent to object: 'Object Repository/Page_OrangeHRM/input_password'

2023-11-10 08:35:50 - [TEST_STEP][PASSED] - click(findTestObject("Object Repository/Page_OrangeHRM/p_John999139 Smith999139")): Object: 'Object Repository/Page_OrangeHRM/p_John999139 Smith999139' is clicked on

2023-11-10 08:35:52 - [MESSAGE][PASSED] - Object: 'Object Repository/Page_OrangeHRM/p_John999139 Smith999139' is clicked on

2023-11-10 08:35:52 - [TEST_STEP][PASSED] - verifyElementText(findTestObject("Object Repository/Page_OrangeHRM/a_Logout"), "Logout"): Actual text and expected text of test object 'Object Repository/Page_OrangeHRM/a_Logout' are matched.

2023-11-10 08:35:53 - [MESSAGE][PASSED] - Actual text and expected text of test object 'Object Repository/Page_OrangeHRM/a_Logout' are matched.

2023-11-10 08:35:53 - [MESSAGE][PASSED] - Call Test Case 'Test Cases/OrangeHRM-Login' successfully

2023-11-10 08:35:53 - [TEST_STEP][PASSED] - click(findTestObject("Object Repository/Page_OrangeHRM/a_Buzz")): Object: 'Object Repository/Page_OrangeHRM/a_Buzz' is clicked on

2023-11-10 08:35:54 - [MESSAGE][PASSED] - Object: 'Object Repository/Page_OrangeHRM/a_Buzz' is clicked on

2023-11-10 08:35:54 - [TEST_STEP][PASSED] - navigateToUrl("https://opensource-demo.orangehrmlive.com/web/index.php/buzz/viewBuzz"): Navigate to 'https://opensource-demo.orangehrmlive.com/web/index.php/buzz/viewBuzz' successfully

2023-11-10 08:35:55 - [MESSAGE][PASSED] - Navigate to 'https://opensource-demo.orangehrmlive.com/web/index.php/buzz/viewBuzz' successfully

2023-11-10 08:35:55 - [TEST_STEP][PASSED] - verifyElementText(findTestObject("Object Repository/Page_OrangeHRM/a_Buzz Newsfeed"), "Buzz Newsfeed"): Actual text and expected text of test object 'Object Repository/Page_OrangeHRM/a_Buzz Newsfeed' are matched.

2023-11-10 08:35:55 - [MESSAGE][PASSED] - Actual text and expected text of test object 'Object Repository/Page_OrangeHRM/a_Buzz Newsfeed' are matched.

2023-11-10 08:35:55 - [TEST_STEP][PASSED] - closeBrowser(): Browser is closed

2023-11-10 08:35:56 - [MESSAGE][PASSED] - Browser is closed]]></system-out>
         <system-err><![CDATA[]]></system-err>
      </testcase>
      <testcase name="Test Cases/OrangeHRM-Expand-MenuBar" time="30.302" classname="Test Cases/OrangeHRM-Expand-MenuBar" status="PASSED">
         <system-out><![CDATA[2023-11-10 08:35:56 - [TEST_CASE][PASSED] - Test Cases/OrangeHRM-Expand-MenuBar: Test Cases/OrangeHRM-Expand-MenuBar

2023-11-10 08:35:56 - [TEST_STEP][PASSED] - callTestCase(findTestCase("OrangeHRM-Minimize-MenuBar"), [:], STOP_ON_FAILURE): Call Test Case 'Test Cases/OrangeHRM-Minimize-MenuBar' successfully

2023-11-10 08:35:56 - [TEST_CASE][PASSED] - Test Cases/OrangeHRM-Minimize-MenuBar: Test Cases/OrangeHRM-Minimize-MenuBar

2023-11-10 08:35:56 - [TEST_STEP][PASSED] - callTestCase(findTestCase("OrangeHRM-Login"), [:], STOP_ON_FAILURE): Call Test Case 'Test Cases/OrangeHRM-Login' successfully

2023-11-10 08:35:56 - [TEST_CASE][PASSED] - Test Cases/OrangeHRM-Login: Test Cases/OrangeHRM-Login

2023-11-10 08:35:56 - [TEST_STEP][PASSED] - openBrowser(""): Browser is opened with url: ''

2023-11-10 08:35:56 - [MESSAGE][INFO] - Starting 'Chrome' driver

2023-11-10 08:35:56 - [MESSAGE][INFO] - Action delay is set to 0 milliseconds

2023-11-10 08:35:59 - [MESSAGE][PASSED] - Browser is opened with url: ''

2023-11-10 08:35:59 - [TEST_STEP][PASSED] - navigateToUrl("https://opensource-demo.orangehrmlive.com/web/index.php/auth/login"): Navigate to 'https://opensource-demo.orangehrmlive.com/web/index.php/auth/login' successfully

2023-11-10 08:36:03 - [MESSAGE][PASSED] - Navigate to 'https://opensource-demo.orangehrmlive.com/web/index.php/auth/login' successfully

2023-11-10 08:36:03 - [TEST_STEP][PASSED] - setText(findTestObject("Object Repository/Page_OrangeHRM/input_username"), "Admin"): Text 'Admin' is set on object 'Object Repository/Page_OrangeHRM/input_username'

2023-11-10 08:36:04 - [MESSAGE][PASSED] - Text 'Admin' is set on object 'Object Repository/Page_OrangeHRM/input_username'

2023-11-10 08:36:04 - [TEST_STEP][PASSED] - setEncryptedText(findTestObject("Object Repository/Page_OrangeHRM/input_password"), "hUKwJTbofgPU9eVlw/CnDQ=="): Text ****** has been set on object 'Object Repository/Page_OrangeHRM/input_password'

2023-11-10 08:36:05 - [MESSAGE][PASSED] - Text ****** has been set on object 'Object Repository/Page_OrangeHRM/input_password'

2023-11-10 08:36:05 - [TEST_STEP][PASSED] - sendKeys(findTestObject("Object Repository/Page_OrangeHRM/input_password"), Keys.chord(ENTER)): Keys 'ENTER + ' sent to object: 'Object Repository/Page_OrangeHRM/input_password'

2023-11-10 08:36:05 - [MESSAGE][PASSED] - Keys 'ENTER + ' sent to object: 'Object Repository/Page_OrangeHRM/input_password'

2023-11-10 08:36:05 - [TEST_STEP][PASSED] - click(findTestObject("Object Repository/Page_OrangeHRM/p_John999139 Smith999139")): Object: 'Object Repository/Page_OrangeHRM/p_John999139 Smith999139' is clicked on

2023-11-10 08:36:07 - [MESSAGE][PASSED] - Object: 'Object Repository/Page_OrangeHRM/p_John999139 Smith999139' is clicked on

2023-11-10 08:36:07 - [TEST_STEP][PASSED] - verifyElementText(findTestObject("Object Repository/Page_OrangeHRM/a_Logout"), "Logout"): Actual text and expected text of test object 'Object Repository/Page_OrangeHRM/a_Logout' are matched.

2023-11-10 08:36:08 - [MESSAGE][PASSED] - Actual text and expected text of test object 'Object Repository/Page_OrangeHRM/a_Logout' are matched.

2023-11-10 08:36:08 - [MESSAGE][PASSED] - Call Test Case 'Test Cases/OrangeHRM-Login' successfully

2023-11-10 08:36:08 - [TEST_STEP][PASSED] - verifyElementPresent(findTestObject("Object Repository/Page_OrangeHRM/img"), 0): Object 'Object Repository/Page_OrangeHRM/img' is present

2023-11-10 08:36:08 - [MESSAGE][WARNING] - Timeout '0' is invalid. Using default page load timeout: '30'

2023-11-10 08:36:09 - [MESSAGE][PASSED] - Object 'Object Repository/Page_OrangeHRM/img' is present

2023-11-10 08:36:09 - [TEST_STEP][PASSED] - click(findTestObject("Object Repository/Page_OrangeHRM/i_oxd-icon bi-caret-down-fill oxd-select-te_cf0fd1")): Object: 'Object Repository/Page_OrangeHRM/i_oxd-icon bi-caret-down-fill oxd-select-te_cf0fd1' is clicked on

2023-11-10 08:36:09 - [MESSAGE][PASSED] - Object: 'Object Repository/Page_OrangeHRM/i_oxd-icon bi-caret-down-fill oxd-select-te_cf0fd1' is clicked on

2023-11-10 08:36:09 - [TEST_STEP][PASSED] - verifyElementPresent(findTestObject("Object Repository/Page_OrangeHRM/img_1"), 0): Object 'Object Repository/Page_OrangeHRM/img_1' is present

2023-11-10 08:36:09 - [MESSAGE][WARNING] - Timeout '0' is invalid. Using default page load timeout: '30'

2023-11-10 08:36:10 - [MESSAGE][PASSED] - Object 'Object Repository/Page_OrangeHRM/img_1' is present

2023-11-10 08:36:10 - [MESSAGE][PASSED] - Call Test Case 'Test Cases/OrangeHRM-Minimize-MenuBar' successfully

2023-11-10 08:36:10 - [TEST_STEP][PASSED] - callTestCase(findTestCase("OrangeHRM-Minimize-MenuBar"), [:], STOP_ON_FAILURE): Call Test Case 'Test Cases/OrangeHRM-Minimize-MenuBar' successfully

2023-11-10 08:36:10 - [TEST_CASE][PASSED] - Test Cases/OrangeHRM-Minimize-MenuBar: Test Cases/OrangeHRM-Minimize-MenuBar

2023-11-10 08:36:10 - [TEST_STEP][PASSED] - callTestCase(findTestCase("OrangeHRM-Login"), [:], STOP_ON_FAILURE): Call Test Case 'Test Cases/OrangeHRM-Login' successfully

2023-11-10 08:36:10 - [TEST_CASE][PASSED] - Test Cases/OrangeHRM-Login: Test Cases/OrangeHRM-Login

2023-11-10 08:36:10 - [TEST_STEP][PASSED] - openBrowser(""): Browser is opened with url: ''

2023-11-10 08:36:10 - [MESSAGE][WARNING] - A browser is already opened. Closing browser and opening a new one

2023-11-10 08:36:10 - [MESSAGE][INFO] - Starting 'Chrome' driver

2023-11-10 08:36:10 - [MESSAGE][INFO] - Action delay is set to 0 milliseconds

2023-11-10 08:36:14 - [MESSAGE][PASSED] - Browser is opened with url: ''

2023-11-10 08:36:14 - [TEST_STEP][PASSED] - navigateToUrl("https://opensource-demo.orangehrmlive.com/web/index.php/auth/login"): Navigate to 'https://opensource-demo.orangehrmlive.com/web/index.php/auth/login' successfully

2023-11-10 08:36:18 - [MESSAGE][PASSED] - Navigate to 'https://opensource-demo.orangehrmlive.com/web/index.php/auth/login' successfully

2023-11-10 08:36:18 - [TEST_STEP][PASSED] - setText(findTestObject("Object Repository/Page_OrangeHRM/input_username"), "Admin"): Text 'Admin' is set on object 'Object Repository/Page_OrangeHRM/input_username'

2023-11-10 08:36:19 - [MESSAGE][PASSED] - Text 'Admin' is set on object 'Object Repository/Page_OrangeHRM/input_username'

2023-11-10 08:36:19 - [TEST_STEP][PASSED] - setEncryptedText(findTestObject("Object Repository/Page_OrangeHRM/input_password"), "hUKwJTbofgPU9eVlw/CnDQ=="): Text ****** has been set on object 'Object Repository/Page_OrangeHRM/input_password'

2023-11-10 08:36:19 - [MESSAGE][PASSED] - Text ****** has been set on object 'Object Repository/Page_OrangeHRM/input_password'

2023-11-10 08:36:19 - [TEST_STEP][PASSED] - sendKeys(findTestObject("Object Repository/Page_OrangeHRM/input_password"), Keys.chord(ENTER)): Keys 'ENTER + ' sent to object: 'Object Repository/Page_OrangeHRM/input_password'

2023-11-10 08:36:20 - [MESSAGE][PASSED] - Keys 'ENTER + ' sent to object: 'Object Repository/Page_OrangeHRM/input_password'

2023-11-10 08:36:20 - [TEST_STEP][PASSED] - click(findTestObject("Object Repository/Page_OrangeHRM/p_John999139 Smith999139")): Object: 'Object Repository/Page_OrangeHRM/p_John999139 Smith999139' is clicked on

2023-11-10 08:36:22 - [MESSAGE][PASSED] - Object: 'Object Repository/Page_OrangeHRM/p_John999139 Smith999139' is clicked on

2023-11-10 08:36:22 - [TEST_STEP][PASSED] - verifyElementText(findTestObject("Object Repository/Page_OrangeHRM/a_Logout"), "Logout"): Actual text and expected text of test object 'Object Repository/Page_OrangeHRM/a_Logout' are matched.

2023-11-10 08:36:23 - [MESSAGE][PASSED] - Actual text and expected text of test object 'Object Repository/Page_OrangeHRM/a_Logout' are matched.

2023-11-10 08:36:23 - [MESSAGE][PASSED] - Call Test Case 'Test Cases/OrangeHRM-Login' successfully

2023-11-10 08:36:23 - [TEST_STEP][PASSED] - verifyElementPresent(findTestObject("Object Repository/Page_OrangeHRM/img"), 0): Object 'Object Repository/Page_OrangeHRM/img' is present

2023-11-10 08:36:23 - [MESSAGE][WARNING] - Timeout '0' is invalid. Using default page load timeout: '30'

2023-11-10 08:36:24 - [MESSAGE][PASSED] - Object 'Object Repository/Page_OrangeHRM/img' is present

2023-11-10 08:36:24 - [TEST_STEP][PASSED] - click(findTestObject("Object Repository/Page_OrangeHRM/i_oxd-icon bi-caret-down-fill oxd-select-te_cf0fd1")): Object: 'Object Repository/Page_OrangeHRM/i_oxd-icon bi-caret-down-fill oxd-select-te_cf0fd1' is clicked on

2023-11-10 08:36:24 - [MESSAGE][PASSED] - Object: 'Object Repository/Page_OrangeHRM/i_oxd-icon bi-caret-down-fill oxd-select-te_cf0fd1' is clicked on

2023-11-10 08:36:24 - [TEST_STEP][PASSED] - verifyElementPresent(findTestObject("Object Repository/Page_OrangeHRM/img_1"), 0): Object 'Object Repository/Page_OrangeHRM/img_1' is present

2023-11-10 08:36:24 - [MESSAGE][WARNING] - Timeout '0' is invalid. Using default page load timeout: '30'

2023-11-10 08:36:25 - [MESSAGE][PASSED] - Object 'Object Repository/Page_OrangeHRM/img_1' is present

2023-11-10 08:36:25 - [MESSAGE][PASSED] - Call Test Case 'Test Cases/OrangeHRM-Minimize-MenuBar' successfully

2023-11-10 08:36:25 - [TEST_STEP][PASSED] - click(findTestObject("Object Repository/Page_OrangeHRM/button_oxd-icon-button")): Object: 'Object Repository/Page_OrangeHRM/button_oxd-icon-button' is clicked on

2023-11-10 08:36:25 - [MESSAGE][PASSED] - Object: 'Object Repository/Page_OrangeHRM/button_oxd-icon-button' is clicked on

2023-11-10 08:36:25 - [TEST_STEP][PASSED] - verifyElementPresent(findTestObject("Object Repository/Page_OrangeHRM/img"), 0): Object 'Object Repository/Page_OrangeHRM/img' is present

2023-11-10 08:36:25 - [MESSAGE][WARNING] - Timeout '0' is invalid. Using default page load timeout: '30'

2023-11-10 08:36:25 - [MESSAGE][PASSED] - Object 'Object Repository/Page_OrangeHRM/img' is present

2023-11-10 08:36:25 - [TEST_STEP][PASSED] - closeBrowser(): Browser is closed

2023-11-10 08:36:26 - [MESSAGE][PASSED] - Browser is closed]]></system-out>
         <system-err><![CDATA[]]></system-err>
      </testcase>
      <testcase name="Test Cases/OrangeHRM-Login" time="12.478" classname="Test Cases/OrangeHRM-Login" status="PASSED">
         <system-out><![CDATA[2023-11-10 08:36:26 - [TEST_CASE][PASSED] - Test Cases/OrangeHRM-Login: Test Cases/OrangeHRM-Login

2023-11-10 08:36:26 - [TEST_STEP][PASSED] - openBrowser(""): Browser is opened with url: ''

2023-11-10 08:36:26 - [MESSAGE][INFO] - Starting 'Chrome' driver

2023-11-10 08:36:26 - [MESSAGE][INFO] - Action delay is set to 0 milliseconds

2023-11-10 08:36:29 - [MESSAGE][PASSED] - Browser is opened with url: ''

2023-11-10 08:36:29 - [TEST_STEP][PASSED] - navigateToUrl("https://opensource-demo.orangehrmlive.com/web/index.php/auth/login"): Navigate to 'https://opensource-demo.orangehrmlive.com/web/index.php/auth/login' successfully

2023-11-10 08:36:33 - [MESSAGE][PASSED] - Navigate to 'https://opensource-demo.orangehrmlive.com/web/index.php/auth/login' successfully

2023-11-10 08:36:33 - [TEST_STEP][PASSED] - setText(findTestObject("Object Repository/Page_OrangeHRM/input_username"), "Admin"): Text 'Admin' is set on object 'Object Repository/Page_OrangeHRM/input_username'

2023-11-10 08:36:34 - [MESSAGE][PASSED] - Text 'Admin' is set on object 'Object Repository/Page_OrangeHRM/input_username'

2023-11-10 08:36:34 - [TEST_STEP][PASSED] - setEncryptedText(findTestObject("Object Repository/Page_OrangeHRM/input_password"), "hUKwJTbofgPU9eVlw/CnDQ=="): Text ****** has been set on object 'Object Repository/Page_OrangeHRM/input_password'

2023-11-10 08:36:35 - [MESSAGE][PASSED] - Text ****** has been set on object 'Object Repository/Page_OrangeHRM/input_password'

2023-11-10 08:36:35 - [TEST_STEP][PASSED] - sendKeys(findTestObject("Object Repository/Page_OrangeHRM/input_password"), Keys.chord(ENTER)): Keys 'ENTER + ' sent to object: 'Object Repository/Page_OrangeHRM/input_password'

2023-11-10 08:36:35 - [MESSAGE][PASSED] - Keys 'ENTER + ' sent to object: 'Object Repository/Page_OrangeHRM/input_password'

2023-11-10 08:36:35 - [TEST_STEP][PASSED] - click(findTestObject("Object Repository/Page_OrangeHRM/p_John999139 Smith999139")): Object: 'Object Repository/Page_OrangeHRM/p_John999139 Smith999139' is clicked on

2023-11-10 08:36:37 - [MESSAGE][PASSED] - Object: 'Object Repository/Page_OrangeHRM/p_John999139 Smith999139' is clicked on

2023-11-10 08:36:37 - [TEST_STEP][PASSED] - verifyElementText(findTestObject("Object Repository/Page_OrangeHRM/a_Logout"), "Logout"): Actual text and expected text of test object 'Object Repository/Page_OrangeHRM/a_Logout' are matched.

2023-11-10 08:36:38 - [MESSAGE][PASSED] - Actual text and expected text of test object 'Object Repository/Page_OrangeHRM/a_Logout' are matched.]]></system-out>
         <system-err><![CDATA[]]></system-err>
      </testcase>
      <testcase name="Test Cases/OrangeHRM-Logout" time="16.207" classname="Test Cases/OrangeHRM-Logout" status="PASSED">
         <system-out><![CDATA[2023-11-10 08:36:38 - [TEST_CASE][PASSED] - Test Cases/OrangeHRM-Logout: Test Cases/OrangeHRM-Logout

2023-11-10 08:36:38 - [TEST_STEP][PASSED] - callTestCase(findTestCase("OrangeHRM-Login"), [:], STOP_ON_FAILURE): Call Test Case 'Test Cases/OrangeHRM-Login' successfully

2023-11-10 08:36:39 - [TEST_CASE][PASSED] - Test Cases/OrangeHRM-Login: Test Cases/OrangeHRM-Login

2023-11-10 08:36:39 - [TEST_STEP][PASSED] - openBrowser(""): Browser is opened with url: ''

2023-11-10 08:36:39 - [MESSAGE][WARNING] - A browser is already opened. Closing browser and opening a new one

2023-11-10 08:36:39 - [MESSAGE][INFO] - Starting 'Chrome' driver

2023-11-10 08:36:39 - [MESSAGE][INFO] - Action delay is set to 0 milliseconds

2023-11-10 08:36:43 - [MESSAGE][PASSED] - Browser is opened with url: ''

2023-11-10 08:36:43 - [TEST_STEP][PASSED] - navigateToUrl("https://opensource-demo.orangehrmlive.com/web/index.php/auth/login"): Navigate to 'https://opensource-demo.orangehrmlive.com/web/index.php/auth/login' successfully

2023-11-10 08:36:47 - [MESSAGE][PASSED] - Navigate to 'https://opensource-demo.orangehrmlive.com/web/index.php/auth/login' successfully

2023-11-10 08:36:47 - [TEST_STEP][PASSED] - setText(findTestObject("Object Repository/Page_OrangeHRM/input_username"), "Admin"): Text 'Admin' is set on object 'Object Repository/Page_OrangeHRM/input_username'

2023-11-10 08:36:48 - [MESSAGE][PASSED] - Text 'Admin' is set on object 'Object Repository/Page_OrangeHRM/input_username'

2023-11-10 08:36:48 - [TEST_STEP][PASSED] - setEncryptedText(findTestObject("Object Repository/Page_OrangeHRM/input_password"), "hUKwJTbofgPU9eVlw/CnDQ=="): Text ****** has been set on object 'Object Repository/Page_OrangeHRM/input_password'

2023-11-10 08:36:49 - [MESSAGE][PASSED] - Text ****** has been set on object 'Object Repository/Page_OrangeHRM/input_password'

2023-11-10 08:36:49 - [TEST_STEP][PASSED] - sendKeys(findTestObject("Object Repository/Page_OrangeHRM/input_password"), Keys.chord(ENTER)): Keys 'ENTER + ' sent to object: 'Object Repository/Page_OrangeHRM/input_password'

2023-11-10 08:36:50 - [MESSAGE][PASSED] - Keys 'ENTER + ' sent to object: 'Object Repository/Page_OrangeHRM/input_password'

2023-11-10 08:36:50 - [TEST_STEP][PASSED] - click(findTestObject("Object Repository/Page_OrangeHRM/p_John999139 Smith999139")): Object: 'Object Repository/Page_OrangeHRM/p_John999139 Smith999139' is clicked on

2023-11-10 08:36:52 - [MESSAGE][PASSED] - Object: 'Object Repository/Page_OrangeHRM/p_John999139 Smith999139' is clicked on

2023-11-10 08:36:52 - [TEST_STEP][PASSED] - verifyElementText(findTestObject("Object Repository/Page_OrangeHRM/a_Logout"), "Logout"): Actual text and expected text of test object 'Object Repository/Page_OrangeHRM/a_Logout' are matched.

2023-11-10 08:36:53 - [MESSAGE][PASSED] - Actual text and expected text of test object 'Object Repository/Page_OrangeHRM/a_Logout' are matched.

2023-11-10 08:36:53 - [MESSAGE][PASSED] - Call Test Case 'Test Cases/OrangeHRM-Login' successfully

2023-11-10 08:36:53 - [TEST_STEP][PASSED] - click(findTestObject("Object Repository/Page_OrangeHRM/a_Logout")): Object: 'Object Repository/Page_OrangeHRM/a_Logout' is clicked on

2023-11-10 08:36:54 - [MESSAGE][PASSED] - Object: 'Object Repository/Page_OrangeHRM/a_Logout' is clicked on

2023-11-10 08:36:54 - [TEST_STEP][PASSED] - verifyElementText(findTestObject("Object Repository/Page_OrangeHRM/h5_Login"), "Login"): Actual text and expected text of test object 'Object Repository/Page_OrangeHRM/h5_Login' are matched.

2023-11-10 08:36:55 - [MESSAGE][PASSED] - Actual text and expected text of test object 'Object Repository/Page_OrangeHRM/h5_Login' are matched.]]></system-out>
         <system-err><![CDATA[]]></system-err>
      </testcase>
      <testcase name="Test Cases/OrangeHRM-Minimize-MenuBar" time="15.612" classname="Test Cases/OrangeHRM-Minimize-MenuBar" status="PASSED">
         <system-out><![CDATA[2023-11-10 08:36:55 - [TEST_CASE][PASSED] - Test Cases/OrangeHRM-Minimize-MenuBar: Test Cases/OrangeHRM-Minimize-MenuBar

2023-11-10 08:36:55 - [TEST_STEP][PASSED] - callTestCase(findTestCase("OrangeHRM-Login"), [:], STOP_ON_FAILURE): Call Test Case 'Test Cases/OrangeHRM-Login' successfully

2023-11-10 08:36:55 - [TEST_CASE][PASSED] - Test Cases/OrangeHRM-Login: Test Cases/OrangeHRM-Login

2023-11-10 08:36:55 - [TEST_STEP][PASSED] - openBrowser(""): Browser is opened with url: ''

2023-11-10 08:36:55 - [MESSAGE][WARNING] - A browser is already opened. Closing browser and opening a new one

2023-11-10 08:36:55 - [MESSAGE][INFO] - Starting 'Chrome' driver

2023-11-10 08:36:55 - [MESSAGE][INFO] - Action delay is set to 0 milliseconds

2023-11-10 08:37:00 - [MESSAGE][PASSED] - Browser is opened with url: ''

2023-11-10 08:37:00 - [TEST_STEP][PASSED] - navigateToUrl("https://opensource-demo.orangehrmlive.com/web/index.php/auth/login"): Navigate to 'https://opensource-demo.orangehrmlive.com/web/index.php/auth/login' successfully

2023-11-10 08:37:03 - [MESSAGE][PASSED] - Navigate to 'https://opensource-demo.orangehrmlive.com/web/index.php/auth/login' successfully

2023-11-10 08:37:03 - [TEST_STEP][PASSED] - setText(findTestObject("Object Repository/Page_OrangeHRM/input_username"), "Admin"): Text 'Admin' is set on object 'Object Repository/Page_OrangeHRM/input_username'

2023-11-10 08:37:04 - [MESSAGE][PASSED] - Text 'Admin' is set on object 'Object Repository/Page_OrangeHRM/input_username'

2023-11-10 08:37:04 - [TEST_STEP][PASSED] - setEncryptedText(findTestObject("Object Repository/Page_OrangeHRM/input_password"), "hUKwJTbofgPU9eVlw/CnDQ=="): Text ****** has been set on object 'Object Repository/Page_OrangeHRM/input_password'

2023-11-10 08:37:05 - [MESSAGE][PASSED] - Text ****** has been set on object 'Object Repository/Page_OrangeHRM/input_password'

2023-11-10 08:37:05 - [TEST_STEP][PASSED] - sendKeys(findTestObject("Object Repository/Page_OrangeHRM/input_password"), Keys.chord(ENTER)): Keys 'ENTER + ' sent to object: 'Object Repository/Page_OrangeHRM/input_password'

2023-11-10 08:37:05 - [MESSAGE][PASSED] - Keys 'ENTER + ' sent to object: 'Object Repository/Page_OrangeHRM/input_password'

2023-11-10 08:37:05 - [TEST_STEP][PASSED] - click(findTestObject("Object Repository/Page_OrangeHRM/p_John999139 Smith999139")): Object: 'Object Repository/Page_OrangeHRM/p_John999139 Smith999139' is clicked on

2023-11-10 08:37:07 - [MESSAGE][PASSED] - Object: 'Object Repository/Page_OrangeHRM/p_John999139 Smith999139' is clicked on

2023-11-10 08:37:07 - [TEST_STEP][PASSED] - verifyElementText(findTestObject("Object Repository/Page_OrangeHRM/a_Logout"), "Logout"): Actual text and expected text of test object 'Object Repository/Page_OrangeHRM/a_Logout' are matched.

2023-11-10 08:37:09 - [MESSAGE][PASSED] - Actual text and expected text of test object 'Object Repository/Page_OrangeHRM/a_Logout' are matched.

2023-11-10 08:37:09 - [MESSAGE][PASSED] - Call Test Case 'Test Cases/OrangeHRM-Login' successfully

2023-11-10 08:37:09 - [TEST_STEP][PASSED] - verifyElementPresent(findTestObject("Object Repository/Page_OrangeHRM/img"), 0): Object 'Object Repository/Page_OrangeHRM/img' is present

2023-11-10 08:37:09 - [MESSAGE][WARNING] - Timeout '0' is invalid. Using default page load timeout: '30'

2023-11-10 08:37:09 - [MESSAGE][PASSED] - Object 'Object Repository/Page_OrangeHRM/img' is present

2023-11-10 08:37:09 - [TEST_STEP][PASSED] - click(findTestObject("Object Repository/Page_OrangeHRM/i_oxd-icon bi-caret-down-fill oxd-select-te_cf0fd1")): Object: 'Object Repository/Page_OrangeHRM/i_oxd-icon bi-caret-down-fill oxd-select-te_cf0fd1' is clicked on

2023-11-10 08:37:09 - [MESSAGE][PASSED] - Object: 'Object Repository/Page_OrangeHRM/i_oxd-icon bi-caret-down-fill oxd-select-te_cf0fd1' is clicked on

2023-11-10 08:37:09 - [TEST_STEP][PASSED] - verifyElementPresent(findTestObject("Object Repository/Page_OrangeHRM/img_1"), 0): Object 'Object Repository/Page_OrangeHRM/img_1' is present

2023-11-10 08:37:09 - [MESSAGE][WARNING] - Timeout '0' is invalid. Using default page load timeout: '30'

2023-11-10 08:37:10 - [MESSAGE][PASSED] - Object 'Object Repository/Page_OrangeHRM/img_1' is present]]></system-out>
         <system-err><![CDATA[]]></system-err>
      </testcase>
      <testcase name="Test Cases/OrangeHRM-Navigate-To-Add-User" time="23.305" classname="Test Cases/OrangeHRM-Navigate-To-Add-User" status="PASSED">
         <system-out><![CDATA[2023-11-10 08:37:10 - [TEST_CASE][PASSED] - Test Cases/OrangeHRM-Navigate-To-Add-User: Test Cases/OrangeHRM-Navigate-To-Add-User

2023-11-10 08:37:10 - [TEST_STEP][PASSED] - callTestCase(findTestCase("OrangeHRM-Login"), [:], STOP_ON_FAILURE): Call Test Case 'Test Cases/OrangeHRM-Login' successfully

2023-11-10 08:37:10 - [TEST_CASE][PASSED] - Test Cases/OrangeHRM-Login: Test Cases/OrangeHRM-Login

2023-11-10 08:37:10 - [TEST_STEP][PASSED] - openBrowser(""): Browser is opened with url: ''

2023-11-10 08:37:10 - [MESSAGE][WARNING] - A browser is already opened. Closing browser and opening a new one

2023-11-10 08:37:11 - [MESSAGE][INFO] - Starting 'Chrome' driver

2023-11-10 08:37:11 - [MESSAGE][INFO] - Action delay is set to 0 milliseconds

2023-11-10 08:37:15 - [MESSAGE][PASSED] - Browser is opened with url: ''

2023-11-10 08:37:15 - [TEST_STEP][PASSED] - navigateToUrl("https://opensource-demo.orangehrmlive.com/web/index.php/auth/login"): Navigate to 'https://opensource-demo.orangehrmlive.com/web/index.php/auth/login' successfully

2023-11-10 08:37:22 - [MESSAGE][PASSED] - Navigate to 'https://opensource-demo.orangehrmlive.com/web/index.php/auth/login' successfully

2023-11-10 08:37:22 - [TEST_STEP][PASSED] - setText(findTestObject("Object Repository/Page_OrangeHRM/input_username"), "Admin"): Text 'Admin' is set on object 'Object Repository/Page_OrangeHRM/input_username'

2023-11-10 08:37:24 - [MESSAGE][PASSED] - Text 'Admin' is set on object 'Object Repository/Page_OrangeHRM/input_username'

2023-11-10 08:37:24 - [TEST_STEP][PASSED] - setEncryptedText(findTestObject("Object Repository/Page_OrangeHRM/input_password"), "hUKwJTbofgPU9eVlw/CnDQ=="): Text ****** has been set on object 'Object Repository/Page_OrangeHRM/input_password'

2023-11-10 08:37:25 - [MESSAGE][PASSED] - Text ****** has been set on object 'Object Repository/Page_OrangeHRM/input_password'

2023-11-10 08:37:25 - [TEST_STEP][PASSED] - sendKeys(findTestObject("Object Repository/Page_OrangeHRM/input_password"), Keys.chord(ENTER)): Keys 'ENTER + ' sent to object: 'Object Repository/Page_OrangeHRM/input_password'

2023-11-10 08:37:25 - [MESSAGE][PASSED] - Keys 'ENTER + ' sent to object: 'Object Repository/Page_OrangeHRM/input_password'

2023-11-10 08:37:25 - [TEST_STEP][PASSED] - click(findTestObject("Object Repository/Page_OrangeHRM/p_John999139 Smith999139")): Object: 'Object Repository/Page_OrangeHRM/p_John999139 Smith999139' is clicked on

2023-11-10 08:37:28 - [MESSAGE][PASSED] - Object: 'Object Repository/Page_OrangeHRM/p_John999139 Smith999139' is clicked on

2023-11-10 08:37:28 - [TEST_STEP][PASSED] - verifyElementText(findTestObject("Object Repository/Page_OrangeHRM/a_Logout"), "Logout"): Actual text and expected text of test object 'Object Repository/Page_OrangeHRM/a_Logout' are matched.

2023-11-10 08:37:29 - [MESSAGE][PASSED] - Actual text and expected text of test object 'Object Repository/Page_OrangeHRM/a_Logout' are matched.

2023-11-10 08:37:29 - [MESSAGE][PASSED] - Call Test Case 'Test Cases/OrangeHRM-Login' successfully

2023-11-10 08:37:29 - [TEST_STEP][PASSED] - click(findTestObject("Object Repository/Page_OrangeHRM/a_Admin")): Object: 'Object Repository/Page_OrangeHRM/a_Admin' is clicked on

2023-11-10 08:37:30 - [MESSAGE][PASSED] - Object: 'Object Repository/Page_OrangeHRM/a_Admin' is clicked on

2023-11-10 08:37:30 - [TEST_STEP][PASSED] - navigateToUrl("https://opensource-demo.orangehrmlive.com/web/index.php/admin/viewSystemUsers"): Navigate to 'https://opensource-demo.orangehrmlive.com/web/index.php/admin/viewSystemUsers' successfully

2023-11-10 08:37:31 - [MESSAGE][PASSED] - Navigate to 'https://opensource-demo.orangehrmlive.com/web/index.php/admin/viewSystemUsers' successfully

2023-11-10 08:37:31 - [TEST_STEP][PASSED] - click(findTestObject("Object Repository/Page_OrangeHRM/button_Add")): Object: 'Object Repository/Page_OrangeHRM/button_Add' is clicked on

2023-11-10 08:37:33 - [MESSAGE][PASSED] - Object: 'Object Repository/Page_OrangeHRM/button_Add' is clicked on

2023-11-10 08:37:33 - [TEST_STEP][PASSED] - verifyElementText(findTestObject("Object Repository/Page_OrangeHRM/h6_Add User"), "Add User"): Actual text and expected text of test object 'Object Repository/Page_OrangeHRM/h6_Add User' are matched.

2023-11-10 08:37:33 - [MESSAGE][PASSED] - Actual text and expected text of test object 'Object Repository/Page_OrangeHRM/h6_Add User' are matched.]]></system-out>
         <system-err><![CDATA[]]></system-err>
      </testcase>
      <testcase name="Test Cases/OrangeHRM-Navigate-To-Contact-Details" time="46.821" classname="Test Cases/OrangeHRM-Navigate-To-Contact-Details" status="PASSED">
         <system-out><![CDATA[2023-11-10 08:37:33 - [TEST_CASE][PASSED] - Test Cases/OrangeHRM-Navigate-To-Contact-Details: Test Cases/OrangeHRM-Navigate-To-Contact-Details

2023-11-10 08:37:34 - [TEST_STEP][PASSED] - callTestCase(findTestCase("OrangeHRM-Login"), [:], STOP_ON_FAILURE): Call Test Case 'Test Cases/OrangeHRM-Login' successfully

2023-11-10 08:37:34 - [TEST_CASE][PASSED] - Test Cases/OrangeHRM-Login: Test Cases/OrangeHRM-Login

2023-11-10 08:37:34 - [TEST_STEP][PASSED] - openBrowser(""): Browser is opened with url: ''

2023-11-10 08:37:34 - [MESSAGE][WARNING] - A browser is already opened. Closing browser and opening a new one

2023-11-10 08:37:34 - [MESSAGE][INFO] - Starting 'Chrome' driver

2023-11-10 08:37:34 - [MESSAGE][INFO] - Action delay is set to 0 milliseconds

2023-11-10 08:37:39 - [MESSAGE][PASSED] - Browser is opened with url: ''

2023-11-10 08:37:39 - [TEST_STEP][PASSED] - navigateToUrl("https://opensource-demo.orangehrmlive.com/web/index.php/auth/login"): Navigate to 'https://opensource-demo.orangehrmlive.com/web/index.php/auth/login' successfully

2023-11-10 08:37:50 - [MESSAGE][PASSED] - Navigate to 'https://opensource-demo.orangehrmlive.com/web/index.php/auth/login' successfully

2023-11-10 08:37:50 - [TEST_STEP][PASSED] - setText(findTestObject("Object Repository/Page_OrangeHRM/input_username"), "Admin"): Text 'Admin' is set on object 'Object Repository/Page_OrangeHRM/input_username'

2023-11-10 08:37:53 - [MESSAGE][PASSED] - Text 'Admin' is set on object 'Object Repository/Page_OrangeHRM/input_username'

2023-11-10 08:37:53 - [TEST_STEP][PASSED] - setEncryptedText(findTestObject("Object Repository/Page_OrangeHRM/input_password"), "hUKwJTbofgPU9eVlw/CnDQ=="): Text ****** has been set on object 'Object Repository/Page_OrangeHRM/input_password'

2023-11-10 08:37:54 - [MESSAGE][PASSED] - Text ****** has been set on object 'Object Repository/Page_OrangeHRM/input_password'

2023-11-10 08:37:54 - [TEST_STEP][PASSED] - sendKeys(findTestObject("Object Repository/Page_OrangeHRM/input_password"), Keys.chord(ENTER)): Keys 'ENTER + ' sent to object: 'Object Repository/Page_OrangeHRM/input_password'

2023-11-10 08:37:54 - [MESSAGE][PASSED] - Keys 'ENTER + ' sent to object: 'Object Repository/Page_OrangeHRM/input_password'

2023-11-10 08:37:54 - [TEST_STEP][PASSED] - click(findTestObject("Object Repository/Page_OrangeHRM/p_John999139 Smith999139")): Object: 'Object Repository/Page_OrangeHRM/p_John999139 Smith999139' is clicked on

2023-11-10 08:37:56 - [MESSAGE][PASSED] - Object: 'Object Repository/Page_OrangeHRM/p_John999139 Smith999139' is clicked on

2023-11-10 08:37:56 - [TEST_STEP][PASSED] - verifyElementText(findTestObject("Object Repository/Page_OrangeHRM/a_Logout"), "Logout"): Actual text and expected text of test object 'Object Repository/Page_OrangeHRM/a_Logout' are matched.

2023-11-10 08:37:58 - [MESSAGE][PASSED] - Actual text and expected text of test object 'Object Repository/Page_OrangeHRM/a_Logout' are matched.

2023-11-10 08:37:58 - [MESSAGE][PASSED] - Call Test Case 'Test Cases/OrangeHRM-Login' successfully

2023-11-10 08:37:58 - [TEST_STEP][PASSED] - callTestCase(findTestCase("OrangeHRM-Login"), [:], STOP_ON_FAILURE): Call Test Case 'Test Cases/OrangeHRM-Login' successfully

2023-11-10 08:37:58 - [TEST_CASE][PASSED] - Test Cases/OrangeHRM-Login: Test Cases/OrangeHRM-Login

2023-11-10 08:37:58 - [TEST_STEP][PASSED] - openBrowser(""): Browser is opened with url: ''

2023-11-10 08:37:58 - [MESSAGE][WARNING] - A browser is already opened. Closing browser and opening a new one

2023-11-10 08:37:58 - [MESSAGE][INFO] - Starting 'Chrome' driver

2023-11-10 08:37:58 - [MESSAGE][INFO] - Action delay is set to 0 milliseconds

2023-11-10 08:38:03 - [MESSAGE][PASSED] - Browser is opened with url: ''

2023-11-10 08:38:03 - [TEST_STEP][PASSED] - navigateToUrl("https://opensource-demo.orangehrmlive.com/web/index.php/auth/login"): Navigate to 'https://opensource-demo.orangehrmlive.com/web/index.php/auth/login' successfully

2023-11-10 08:38:09 - [MESSAGE][PASSED] - Navigate to 'https://opensource-demo.orangehrmlive.com/web/index.php/auth/login' successfully

2023-11-10 08:38:09 - [TEST_STEP][PASSED] - setText(findTestObject("Object Repository/Page_OrangeHRM/input_username"), "Admin"): Text 'Admin' is set on object 'Object Repository/Page_OrangeHRM/input_username'

2023-11-10 08:38:10 - [MESSAGE][PASSED] - Text 'Admin' is set on object 'Object Repository/Page_OrangeHRM/input_username'

2023-11-10 08:38:10 - [TEST_STEP][PASSED] - setEncryptedText(findTestObject("Object Repository/Page_OrangeHRM/input_password"), "hUKwJTbofgPU9eVlw/CnDQ=="): Text ****** has been set on object 'Object Repository/Page_OrangeHRM/input_password'

2023-11-10 08:38:11 - [MESSAGE][PASSED] - Text ****** has been set on object 'Object Repository/Page_OrangeHRM/input_password'

2023-11-10 08:38:11 - [TEST_STEP][PASSED] - sendKeys(findTestObject("Object Repository/Page_OrangeHRM/input_password"), Keys.chord(ENTER)): Keys 'ENTER + ' sent to object: 'Object Repository/Page_OrangeHRM/input_password'

2023-11-10 08:38:11 - [MESSAGE][PASSED] - Keys 'ENTER + ' sent to object: 'Object Repository/Page_OrangeHRM/input_password'

2023-11-10 08:38:11 - [TEST_STEP][PASSED] - click(findTestObject("Object Repository/Page_OrangeHRM/p_John999139 Smith999139")): Object: 'Object Repository/Page_OrangeHRM/p_John999139 Smith999139' is clicked on

2023-11-10 08:38:13 - [MESSAGE][PASSED] - Object: 'Object Repository/Page_OrangeHRM/p_John999139 Smith999139' is clicked on

2023-11-10 08:38:13 - [TEST_STEP][PASSED] - verifyElementText(findTestObject("Object Repository/Page_OrangeHRM/a_Logout"), "Logout"): Actual text and expected text of test object 'Object Repository/Page_OrangeHRM/a_Logout' are matched.

2023-11-10 08:38:14 - [MESSAGE][PASSED] - Actual text and expected text of test object 'Object Repository/Page_OrangeHRM/a_Logout' are matched.

2023-11-10 08:38:14 - [MESSAGE][PASSED] - Call Test Case 'Test Cases/OrangeHRM-Login' successfully

2023-11-10 08:38:14 - [TEST_STEP][PASSED] - click(findTestObject("Object Repository/Page_OrangeHRM/a_My Info")): Object: 'Object Repository/Page_OrangeHRM/a_My Info' is clicked on

2023-11-10 08:38:16 - [MESSAGE][PASSED] - Object: 'Object Repository/Page_OrangeHRM/a_My Info' is clicked on

2023-11-10 08:38:16 - [TEST_STEP][PASSED] - click(findTestObject("Object Repository/Page_OrangeHRM/a_Contact Details")): Object: 'Object Repository/Page_OrangeHRM/a_Contact Details' is clicked on

2023-11-10 08:38:19 - [MESSAGE][PASSED] - Object: 'Object Repository/Page_OrangeHRM/a_Contact Details' is clicked on

2023-11-10 08:38:19 - [TEST_STEP][PASSED] - verifyElementText(findTestObject("Object Repository/Page_OrangeHRM/h6_Contact Details"), "Contact Details"): Actual text and expected text of test object 'Object Repository/Page_OrangeHRM/h6_Contact Details' are matched.

2023-11-10 08:38:20 - [MESSAGE][PASSED] - Actual text and expected text of test object 'Object Repository/Page_OrangeHRM/h6_Contact Details' are matched.

2023-11-10 08:38:20 - [TEST_STEP][PASSED] - closeBrowser(): Browser is closed

2023-11-10 08:38:20 - [MESSAGE][PASSED] - Browser is closed]]></system-out>
         <system-err><![CDATA[]]></system-err>
      </testcase>
      <testcase name="Test Cases/OrangeHRM-Navigate-To-PIM" time="21.738" classname="Test Cases/OrangeHRM-Navigate-To-PIM" status="PASSED">
         <system-out><![CDATA[2023-11-10 08:38:20 - [TEST_CASE][PASSED] - Test Cases/OrangeHRM-Navigate-To-PIM: Test Cases/OrangeHRM-Navigate-To-PIM

2023-11-10 08:38:20 - [TEST_STEP][PASSED] - callTestCase(findTestCase("OrangeHRM-Login"), [:], STOP_ON_FAILURE): Call Test Case 'Test Cases/OrangeHRM-Login' successfully

2023-11-10 08:38:20 - [TEST_CASE][PASSED] - Test Cases/OrangeHRM-Login: Test Cases/OrangeHRM-Login

2023-11-10 08:38:20 - [TEST_STEP][PASSED] - openBrowser(""): Browser is opened with url: ''

2023-11-10 08:38:20 - [MESSAGE][INFO] - Starting 'Chrome' driver

2023-11-10 08:38:20 - [MESSAGE][INFO] - Action delay is set to 0 milliseconds

2023-11-10 08:38:24 - [MESSAGE][PASSED] - Browser is opened with url: ''

2023-11-10 08:38:24 - [TEST_STEP][PASSED] - navigateToUrl("https://opensource-demo.orangehrmlive.com/web/index.php/auth/login"): Navigate to 'https://opensource-demo.orangehrmlive.com/web/index.php/auth/login' successfully

2023-11-10 08:38:33 - [MESSAGE][PASSED] - Navigate to 'https://opensource-demo.orangehrmlive.com/web/index.php/auth/login' successfully

2023-11-10 08:38:33 - [TEST_STEP][PASSED] - setText(findTestObject("Object Repository/Page_OrangeHRM/input_username"), "Admin"): Text 'Admin' is set on object 'Object Repository/Page_OrangeHRM/input_username'

2023-11-10 08:38:35 - [MESSAGE][PASSED] - Text 'Admin' is set on object 'Object Repository/Page_OrangeHRM/input_username'

2023-11-10 08:38:35 - [TEST_STEP][PASSED] - setEncryptedText(findTestObject("Object Repository/Page_OrangeHRM/input_password"), "hUKwJTbofgPU9eVlw/CnDQ=="): Text ****** has been set on object 'Object Repository/Page_OrangeHRM/input_password'

2023-11-10 08:38:35 - [MESSAGE][PASSED] - Text ****** has been set on object 'Object Repository/Page_OrangeHRM/input_password'

2023-11-10 08:38:35 - [TEST_STEP][PASSED] - sendKeys(findTestObject("Object Repository/Page_OrangeHRM/input_password"), Keys.chord(ENTER)): Keys 'ENTER + ' sent to object: 'Object Repository/Page_OrangeHRM/input_password'

2023-11-10 08:38:36 - [MESSAGE][PASSED] - Keys 'ENTER + ' sent to object: 'Object Repository/Page_OrangeHRM/input_password'

2023-11-10 08:38:36 - [TEST_STEP][PASSED] - click(findTestObject("Object Repository/Page_OrangeHRM/p_John999139 Smith999139")): Object: 'Object Repository/Page_OrangeHRM/p_John999139 Smith999139' is clicked on

2023-11-10 08:38:38 - [MESSAGE][PASSED] - Object: 'Object Repository/Page_OrangeHRM/p_John999139 Smith999139' is clicked on

2023-11-10 08:38:38 - [TEST_STEP][PASSED] - verifyElementText(findTestObject("Object Repository/Page_OrangeHRM/a_Logout"), "Logout"): Actual text and expected text of test object 'Object Repository/Page_OrangeHRM/a_Logout' are matched.

2023-11-10 08:38:39 - [MESSAGE][PASSED] - Actual text and expected text of test object 'Object Repository/Page_OrangeHRM/a_Logout' are matched.

2023-11-10 08:38:39 - [MESSAGE][PASSED] - Call Test Case 'Test Cases/OrangeHRM-Login' successfully

2023-11-10 08:38:39 - [TEST_STEP][PASSED] - click(findTestObject("Object Repository/Page_OrangeHRM/span_PIM")): Object: 'Object Repository/Page_OrangeHRM/span_PIM' is clicked on

2023-11-10 08:38:40 - [MESSAGE][PASSED] - Object: 'Object Repository/Page_OrangeHRM/span_PIM' is clicked on

2023-11-10 08:38:40 - [TEST_STEP][PASSED] - navigateToUrl("https://opensource-demo.orangehrmlive.com/web/index.php/pim/viewEmployeeList"): Navigate to 'https://opensource-demo.orangehrmlive.com/web/index.php/pim/viewEmployeeList' successfully

2023-11-10 08:38:40 - [MESSAGE][PASSED] - Navigate to 'https://opensource-demo.orangehrmlive.com/web/index.php/pim/viewEmployeeList' successfully

2023-11-10 08:38:40 - [TEST_STEP][PASSED] - verifyElementText(findTestObject("Object Repository/Page_OrangeHRM/h6_PIM"), "PIM"): Actual text and expected text of test object 'Object Repository/Page_OrangeHRM/h6_PIM' are matched.

2023-11-10 08:38:42 - [MESSAGE][PASSED] - Actual text and expected text of test object 'Object Repository/Page_OrangeHRM/h6_PIM' are matched.]]></system-out>
         <system-err><![CDATA[]]></system-err>
      </testcase>
      <testcase name="Test Cases/OrangeHRM-Navigate-To-Recruitement" time="19.517" classname="Test Cases/OrangeHRM-Navigate-To-Recruitement" status="PASSED">
         <system-out><![CDATA[2023-11-10 08:38:42 - [TEST_CASE][PASSED] - Test Cases/OrangeHRM-Navigate-To-Recruitement: Test Cases/OrangeHRM-Navigate-To-Recruitement

2023-11-10 08:38:42 - [TEST_STEP][PASSED] - callTestCase(findTestCase("OrangeHRM-Login"), [:], STOP_ON_FAILURE): Call Test Case 'Test Cases/OrangeHRM-Login' successfully

2023-11-10 08:38:42 - [TEST_CASE][PASSED] - Test Cases/OrangeHRM-Login: Test Cases/OrangeHRM-Login

2023-11-10 08:38:42 - [TEST_STEP][PASSED] - openBrowser(""): Browser is opened with url: ''

2023-11-10 08:38:42 - [MESSAGE][WARNING] - A browser is already opened. Closing browser and opening a new one

2023-11-10 08:38:43 - [MESSAGE][INFO] - Starting 'Chrome' driver

2023-11-10 08:38:43 - [MESSAGE][INFO] - Action delay is set to 0 milliseconds

2023-11-10 08:38:47 - [MESSAGE][PASSED] - Browser is opened with url: ''

2023-11-10 08:38:47 - [TEST_STEP][PASSED] - navigateToUrl("https://opensource-demo.orangehrmlive.com/web/index.php/auth/login"): Navigate to 'https://opensource-demo.orangehrmlive.com/web/index.php/auth/login' successfully

2023-11-10 08:38:53 - [MESSAGE][PASSED] - Navigate to 'https://opensource-demo.orangehrmlive.com/web/index.php/auth/login' successfully

2023-11-10 08:38:53 - [TEST_STEP][PASSED] - setText(findTestObject("Object Repository/Page_OrangeHRM/input_username"), "Admin"): Text 'Admin' is set on object 'Object Repository/Page_OrangeHRM/input_username'

2023-11-10 08:38:55 - [MESSAGE][PASSED] - Text 'Admin' is set on object 'Object Repository/Page_OrangeHRM/input_username'

2023-11-10 08:38:55 - [TEST_STEP][PASSED] - setEncryptedText(findTestObject("Object Repository/Page_OrangeHRM/input_password"), "hUKwJTbofgPU9eVlw/CnDQ=="): Text ****** has been set on object 'Object Repository/Page_OrangeHRM/input_password'

2023-11-10 08:38:55 - [MESSAGE][PASSED] - Text ****** has been set on object 'Object Repository/Page_OrangeHRM/input_password'

2023-11-10 08:38:55 - [TEST_STEP][PASSED] - sendKeys(findTestObject("Object Repository/Page_OrangeHRM/input_password"), Keys.chord(ENTER)): Keys 'ENTER + ' sent to object: 'Object Repository/Page_OrangeHRM/input_password'

2023-11-10 08:38:56 - [MESSAGE][PASSED] - Keys 'ENTER + ' sent to object: 'Object Repository/Page_OrangeHRM/input_password'

[...]
	at com.kms.katalon.core.webui.keyword.internal.WebUIKeywordMain.stepFailed(WebUIKeywordMain.groovy:64)
	at com.kms.katalon.core.webui.keyword.builtin.VerifyElementTextKeyword$_verifyElementText_closure1.doCall(VerifyElementTextKeyword.groovy:57)
	at com.kms.katalon.core.webui.keyword.builtin.VerifyElementTextKeyword$_verifyElementText_closure1.call(VerifyElementTextKeyword.groovy)
	at com.kms.katalon.core.webui.keyword.internal.WebUIKeywordMain.runKeyword(WebUIKeywordMain.groovy:20)
	... 23 more
)
[[ATTACHMENT|C:\\Users\\ithibodeaux\\IdeaProjects\\KatalonTraining\\KatalonTraining\\Reports\\20231110_083129\\OrangeHRM\\20231110_083129\\1699628561432.png]]]]></system-out>
         <system-err><![CDATA[2023-11-10 09:02:26 - [TEST_CASE][FAILED] - Test Cases/OrangeHRM-View-Most-Liked: Test Cases/OrangeHRM-View-Most-Liked FAILED.
Reason:
com.kms.katalon.core.exception.StepFailedException: Verify element text of test object 'Object Repository/Page_OrangeHRM/button_Most Recent Posts' FAILED.
	at com.kms.katalon.core.webui.keyword.internal.WebUIKeywordMain.stepFailed(WebUIKeywordMain.groovy:64)
	at com.kms.katalon.core.webui.keyword.internal.WebUIKeywordMain.runKeyword(WebUIKeywordMain.groovy:26)
	at com.kms.katalon.core.webui.keyword.builtin.VerifyElementTextKeyword.verifyElementText(VerifyElementTextKeyword.groovy:72)
	at com.kms.katalon.core.webui.keyword.builtin.VerifyElementTextKeyword.execute(VerifyElementTextKeyword.groovy:40)
	at com.kms.katalon.core.keyword.internal.KeywordExecutor.executeKeywordForPlatform(KeywordExecutor.groovy:74)
	at com.kms.katalon.core.webui.keyword.WebUiBuiltInKeywords.verifyElementText(WebUiBuiltInKeywords.groovy:4796)
	at OrangeHRM-View-Most-Liked.run(OrangeHRM-View-Most-Liked:26)
	at com.kms.katalon.core.main.ScriptEngine.run(ScriptEngine.java:194)
	at com.kms.katalon.core.main.ScriptEngine.runScriptAsRawText(ScriptEngine.java:119)
	at com.kms.katalon.core.main.TestCaseExecutor.runScript(TestCaseExecutor.java:448)
	at com.kms.katalon.core.main.TestCaseExecutor.doExecute(TestCaseExecutor.java:439)
	at com.kms.katalon.core.main.TestCaseExecutor.processExecutionPhase(TestCaseExecutor.java:418)
	at com.kms.katalon.core.main.TestCaseExecutor.accessMainPhase(TestCaseExecutor.java:410)
	at com.kms.katalon.core.main.TestCaseExecutor.execute(TestCaseExecutor.java:285)
	at com.kms.katalon.core.main.TestCaseExecutor.execute(TestCaseExecutor.java:369)
	at com.kms.katalon.core.main.TestCaseExecutor.execute(TestCaseExecutor.java:369)
	at com.kms.katalon.core.main.TestCaseExecutor.execute(TestCaseExecutor.java:369)
	at com.kms.katalon.core.common.CommonExecutor.accessTestCaseMainPhase(CommonExecutor.java:65)
	at com.kms.katalon.core.main.TestSuiteExecutor.accessTestSuiteMainPhase(TestSuiteExecutor.java:148)
	at com.kms.katalon.core.main.TestSuiteExecutor.execute(TestSuiteExecutor.java:106)
	at com.kms.katalon.core.main.TestCaseMain.startTestSuite(TestCaseMain.java:187)
	at TempTestSuite1699626689132.run(TempTestSuite1699626689132.groovy:36)
	at java.base/jdk.internal.reflect.NativeMethodAccessorImpl.invoke0(Native Method)
	at java.base/jdk.internal.reflect.NativeMethodAccessorImpl.invoke(NativeMethodAccessorImpl.java:77)
	at java.base/jdk.internal.reflect.DelegatingMethodAccessorImpl.invoke(DelegatingMethodAccessorImpl.java:43)
Caused by: com.kms.katalon.core.exception.StepFailedException: Actual text 'Most Recent Posts' and expected text 'Most Liked Posts' of test object 'Object Repository/Page_OrangeHRM/button_Most Recent Posts' are NOT matched.
	at com.kms.katalon.core.webui.keyword.internal.WebUIKeywordMain.stepFailed(WebUIKeywordMain.groovy:64)
	at com.kms.katalon.core.webui.keyword.builtin.VerifyElementTextKeyword$_verifyElementText_closure1.doCall(VerifyElementTextKeyword.groovy:57)
	at com.kms.katalon.core.webui.keyword.builtin.VerifyElementTextKeyword$_verifyElementText_closure1.call(VerifyElementTextKeyword.groovy)
	at com.kms.katalon.core.webui.keyword.internal.WebUIKeywordMain.runKeyword(WebUIKeywordMain.groovy:20)
	... 23 more]]></system-err>
      </testcase>
      <testcase name="Test Cases/OrangeHRM-View-Most-Recent-Post" time="16.707" classname="Test Cases/OrangeHRM-View-Most-Recent-Post" status="PASSED">
         <system-out><![CDATA[2023-11-10 09:03:55 - [TEST_CASE][PASSED] - Test Cases/OrangeHRM-View-Most-Recent-Post: Test Cases/OrangeHRM-View-Most-Recent-Post

2023-11-10 09:03:55 - [TEST_STEP][PASSED] - callTestCase(findTestCase("OrangeHRM-Login"), [:], STOP_ON_FAILURE): Call Test Case 'Test Cases/OrangeHRM-Login' successfully

2023-11-10 09:03:55 - [TEST_CASE][PASSED] - Test Cases/OrangeHRM-Login: Test Cases/OrangeHRM-Login

2023-11-10 09:03:56 - [TEST_STEP][PASSED] - openBrowser(""): Browser is opened with url: ''

2023-11-10 09:03:56 - [MESSAGE][WARNING] - A browser is already opened. Closing browser and opening a new one

2023-11-10 09:03:56 - [MESSAGE][INFO] - Starting 'Chrome' driver

2023-11-10 09:03:56 - [MESSAGE][INFO] - Action delay is set to 0 milliseconds

2023-11-10 09:03:59 - [MESSAGE][PASSED] - Browser is opened with url: ''

2023-11-10 09:03:59 - [TEST_STEP][PASSED] - navigateToUrl("https://opensource-demo.orangehrmlive.com/web/index.php/auth/login"): Navigate to 'https://opensource-demo.orangehrmlive.com/web/index.php/auth/login' successfully

2023-11-10 09:04:04 - [MESSAGE][PASSED] - Navigate to 'https://opensource-demo.orangehrmlive.com/web/index.php/auth/login' successfully

2023-11-10 09:04:04 - [TEST_STEP][PASSED] - setText(findTestObject("Object Repository/Page_OrangeHRM/input_username"), "Admin"): Text 'Admin' is set on object 'Object Repository/Page_OrangeHRM/input_username'

2023-11-10 09:04:05 - [MESSAGE][PASSED] - Text 'Admin' is set on object 'Object Repository/Page_OrangeHRM/input_username'

2023-11-10 09:04:05 - [TEST_STEP][PASSED] - setEncryptedText(findTestObject("Object Repository/Page_OrangeHRM/input_password"), "hUKwJTbofgPU9eVlw/CnDQ=="): Text ****** has been set on object 'Object Repository/Page_OrangeHRM/input_password'

2023-11-10 09:04:05 - [MESSAGE][PASSED] - Text ****** has been set on object 'Object Repository/Page_OrangeHRM/input_password'

2023-11-10 09:04:05 - [TEST_STEP][PASSED] - sendKeys(findTestObject("Object Repository/Page_OrangeHRM/input_password"), Keys.chord(ENTER)): Keys 'ENTER + ' sent to object: 'Object Repository/Page_OrangeHRM/input_password'

2023-11-10 09:04:06 - [MESSAGE][PASSED] - Keys 'ENTER + ' sent to object: 'Object Repository/Page_OrangeHRM/input_password'

2023-11-10 09:04:06 - [TEST_STEP][PASSED] - click(findTestObject("Object Repository/Page_OrangeHRM/p_John999139 Smith999139")): Object: 'Object Repository/Page_OrangeHRM/p_John999139 Smith999139' is clicked on

2023-11-10 09:04:08 - [MESSAGE][PASSED] - Object: 'Object Repository/Page_OrangeHRM/p_John999139 Smith999139' is clicked on

2023-11-10 09:04:08 - [TEST_STEP][PASSED] - verifyElementText(findTestObject("Object Repository/Page_OrangeHRM/a_Logout"), "Logout"): Actual text and expected text of test object 'Object Repository/Page_OrangeHRM/a_Logout' are matched.

2023-11-10 09:04:09 - [MESSAGE][PASSED] - Actual text and expected text of test object 'Object Repository/Page_OrangeHRM/a_Logout' are matched.

2023-11-10 09:04:09 - [MESSAGE][PASSED] - Call Test Case 'Test Cases/OrangeHRM-Login' successfully

2023-11-10 09:04:09 - [TEST_STEP][PASSED] - click(findTestObject("Object Repository/Page_OrangeHRM/a_Buzz")): Object: 'Object Repository/Page_OrangeHRM/a_Buzz' is clicked on

2023-11-10 09:04:10 - [MESSAGE][PASSED] - Object: 'Object Repository/Page_OrangeHRM/a_Buzz' is clicked on

2023-11-10 09:04:10 - [TEST_STEP][PASSED] - navigateToUrl("https://opensource-demo.orangehrmlive.com/web/index.php/buzz/viewBuzz"): Navigate to 'https://opensource-demo.orangehrmlive.com/web/index.php/buzz/viewBuzz' successfully

2023-11-10 09:04:10 - [MESSAGE][PASSED] - Navigate to 'https://opensource-demo.orangehrmlive.com/web/index.php/buzz/viewBuzz' successfully

2023-11-10 09:04:10 - [TEST_STEP][PASSED] - click(findTestObject("Object Repository/Page_OrangeHRM/button_Most Recent Posts")): Object: 'Object Repository/Page_OrangeHRM/button_Most Recent Posts' is clicked on

2023-11-10 09:04:12 - [MESSAGE][PASSED] - Object: 'Object Repository/Page_OrangeHRM/button_Most Recent Posts' is clicked on

2023-11-10 09:04:12 - [TEST_STEP][PASSED] - verifyElementText(findTestObject("Object Repository/Page_OrangeHRM/button_Most Recent Posts"), "Most Recent Posts"): Actual text and expected text of test object 'Object Repository/Page_OrangeHRM/button_Most Recent Posts' are matched.

2023-11-10 09:04:12 - [MESSAGE][PASSED] - Actual text and expected text of test object 'Object Repository/Page_OrangeHRM/button_Most Recent Posts' are matched.]]></system-out>
         <system-err><![CDATA[]]></system-err>
      </testcase>
      <testcase name="Test Cases/OrangeHRM-View-Timesheet" time="19.401" classname="Test Cases/OrangeHRM-View-Timesheet" status="PASSED">
         <system-out><![CDATA[2023-11-10 09:04:12 - [TEST_CASE][PASSED] - Test Cases/OrangeHRM-View-Timesheet: Test Cases/OrangeHRM-View-Timesheet

2023-11-10 09:04:12 - [TEST_STEP][PASSED] - callTestCase(findTestCase("OrangeHRM-Login"), [:], STOP_ON_FAILURE): Call Test Case 'Test Cases/OrangeHRM-Login' successfully

2023-11-10 09:04:12 - [TEST_CASE][PASSED] - Test Cases/OrangeHRM-Login: Test Cases/OrangeHRM-Login

2023-11-10 09:04:12 - [TEST_STEP][PASSED] - openBrowser(""): Browser is opened with url: ''

2023-11-10 09:04:12 - [MESSAGE][WARNING] - A browser is already opened. Closing browser and opening a new one

2023-11-10 09:04:13 - [MESSAGE][INFO] - Starting 'Chrome' driver

2023-11-10 09:04:13 - [MESSAGE][INFO] - Action delay is set to 0 milliseconds

2023-11-10 09:04:16 - [MESSAGE][PASSED] - Browser is opened with url: ''

2023-11-10 09:04:16 - [TEST_STEP][PASSED] - navigateToUrl("https://opensource-demo.orangehrmlive.com/web/index.php/auth/login"): Navigate to 'https://opensource-demo.orangehrmlive.com/web/index.php/auth/login' successfully

2023-11-10 09:04:21 - [MESSAGE][PASSED] - Navigate to 'https://opensource-demo.orangehrmlive.com/web/index.php/auth/login' successfully

2023-11-10 09:04:21 - [TEST_STEP][PASSED] - setText(findTestObject("Object Repository/Page_OrangeHRM/input_username"), "Admin"): Text 'Admin' is set on object 'Object Repository/Page_OrangeHRM/input_username'

2023-11-10 09:04:23 - [MESSAGE][PASSED] - Text 'Admin' is set on object 'Object Repository/Page_OrangeHRM/input_username'

2023-11-10 09:04:23 - [TEST_STEP][PASSED] - setEncryptedText(findTestObject("Object Repository/Page_OrangeHRM/input_password"), "hUKwJTbofgPU9eVlw/CnDQ=="): Text ****** has been set on object 'Object Repository/Page_OrangeHRM/input_password'

2023-11-10 09:04:23 - [MESSAGE][PASSED] - Text ****** has been set on object 'Object Repository/Page_OrangeHRM/input_password'

2023-11-10 09:04:23 - [TEST_STEP][PASSED] - sendKeys(findTestObject("Object Repository/Page_OrangeHRM/input_password"), Keys.chord(ENTER)): Keys 'ENTER + ' sent to object: 'Object Repository/Page_OrangeHRM/input_password'

2023-11-10 09:04:24 - [MESSAGE][PASSED] - Keys 'ENTER + ' sent to object: 'Object Repository/Page_OrangeHRM/input_password'

2023-11-10 09:04:24 - [TEST_STEP][PASSED] - click(findTestObject("Object Repository/Page_OrangeHRM/p_John999139 Smith999139")): Object: 'Object Repository/Page_OrangeHRM/p_John999139 Smith999139' is clicked on

2023-11-10 09:04:26 - [MESSAGE][PASSED] - Object: 'Object Repository/Page_OrangeHRM/p_John999139 Smith999139' is clicked on

2023-11-10 09:04:26 - [TEST_STEP][PASSED] - verifyElementText(findTestObject("Object Repository/Page_OrangeHRM/a_Logout"), "Logout"): Actual text and expected text of test object 'Object Repository/Page_OrangeHRM/a_Logout' are matched.

2023-11-10 09:04:27 - [MESSAGE][PASSED] - Actual text and expected text of test object 'Object Repository/Page_OrangeHRM/a_Logout' are matched.

2023-11-10 09:04:27 - [MESSAGE][PASSED] - Call Test Case 'Test Cases/OrangeHRM-Login' successfully

2023-11-10 09:04:27 - [TEST_STEP][PASSED] - click(findTestObject("Object Repository/Page_OrangeHRM/a_Time")): Object: 'Object Repository/Page_OrangeHRM/a_Time' is clicked on

2023-11-10 09:04:28 - [MESSAGE][PASSED] - Object: 'Object Repository/Page_OrangeHRM/a_Time' is clicked on

2023-11-10 09:04:28 - [TEST_STEP][PASSED] - navigateToUrl("https://opensource-demo.orangehrmlive.com/web/index.php/time/viewEmployeeTimesheet"): Navigate to 'https://opensource-demo.orangehrmlive.com/web/index.php/time/viewEmployeeTimesheet' successfully

2023-11-10 09:04:28 - [MESSAGE][PASSED] - Navigate to 'https://opensource-demo.orangehrmlive.com/web/index.php/time/viewEmployeeTimesheet' successfully

2023-11-10 09:04:28 - [TEST_STEP][PASSED] - click(findTestObject("Object Repository/Page_OrangeHRM/button_View")): Object: 'Object Repository/Page_OrangeHRM/button_View' is clicked on

2023-11-10 09:04:30 - [MESSAGE][PASSED] - Object: 'Object Repository/Page_OrangeHRM/button_View' is clicked on

2023-11-10 09:04:30 - [TEST_STEP][PASSED] - verifyElementText(findTestObject("Object Repository/Page_OrangeHRM/h6_Actions Performed on the Timesheet"), "Actions Performed on the Timesheet"): Actual text and expected text of test object 'Object Repository/Page_OrangeHRM/h6_Actions Performed on the Timesheet' are matched.

2023-11-10 09:04:31 - [MESSAGE][PASSED] - Actual text and expected text of test object 'Object Repository/Page_OrangeHRM/h6_Actions Performed on the Timesheet' are matched.

2023-11-10 09:04:31 - [TEST_STEP][PASSED] - closeBrowser(): Browser is closed

2023-11-10 09:04:32 - [MESSAGE][PASSED] - Browser is closed]]></system-out>
         <system-err><![CDATA[]]></system-err>
      </testcase>
      <system-out><![CDATA[2023-11-10 08:31:37 - [TEST_SUITE][FAILED] - OrangeHRM: Test Cases/OrangeHRM-Approve-Leave FAILED.
Reason:
com.kms.katalon.core.exception.StepFailedException: Verify element text of test object 'Object Repository/Page_OrangeHRM/button_Approve' FAILED.
	at com.kms.katalon.core.webui.keyword.internal.WebUIKeywordMain.stepFailed(WebUIKeywordMain.groovy:64)
	at com.kms.katalon.core.webui.keyword.internal.WebUIKeywordMain.runKeyword(WebUIKeywordMain.groovy:26)
	at com.kms.katalon.core.webui.keyword.builtin.VerifyElementTextKeyword.verifyElementText(VerifyElementTextKeyword.groovy:72)
	at com.kms.katalon.core.webui.keyword.builtin.VerifyElementTextKeyword.execute(VerifyElementTextKeyword.groovy:40)
	at com.kms.katalon.core.keyword.internal.KeywordExecutor.executeKeywordForPlatform(KeywordExecutor.groovy:74)
	at com.kms.katalon.core.webui.keyword.WebUiBuiltInKeywords.verifyElementText(WebUiBuiltInKeywords.groovy:4796)
	at OrangeHRM-Approve-Leave.run(OrangeHRM-Approve-Leave:22)
	at com.kms.katalon.core.main.ScriptEngine.run(ScriptEngine.java:194)
	at com.kms.katalon.core.main.ScriptEngine.runScriptAsRawText(ScriptEngine.java:119)
	at com.kms.katalon.core.main.TestCaseExecutor.runScript(TestCaseExecutor.java:448)
	at com.kms.katalon.core.main.TestCaseExecutor.doExecute(TestCaseExecutor.java:439)
	at com.kms.katalon.core.main.TestCaseExecutor.processExecutionPhase(TestCaseExecutor.java:418)
	at com.kms.katalon.core.main.TestCaseExecutor.accessMainPhase(TestCaseExecutor.java:410)
	at com.kms.katalon.core.main.TestCaseExecutor.execute(TestCaseExecutor.java:285)
	at com.kms.katalon.core.common.CommonExecutor.accessTestCaseMainPhase(CommonExecutor.java:65)
	at com.kms.katalon.core.main.TestSuiteExecutor.accessTestSuiteMainPhase(TestSuiteExecutor.java:148)
	at com.kms.katalon.core.main.TestSuiteExecutor.execute(TestSuiteExecutor.java:106)
	at com.kms.katalon.core.main.TestCaseMain.startTestSuite(TestCaseMain.java:187)
	at TempTestSuite1699626689132.run(TempTestSuite1699626689132.groovy:36)
	at java.base/jdk.internal.reflect.NativeMethodAccessorImpl.invoke0(Native Method)
	at java.base/jdk.internal.reflect.NativeMethodAccessorImpl.invoke(NativeMethodAccessorImpl.java:77)
	at java.base/jdk.internal.reflect.DelegatingMethodAccessorImpl.invoke(DelegatingMethodAccessorImpl.java:43)
Caused by: com.kms.katalon.core.exception.StepFailedException: com.kms.katalon.core.webui.exception.WebElementNotFoundException: Web element with id: 'Object Repository/Page_OrangeHRM/button_Approve' located by '(//button[@type='button'])[4]' not found
	at com.kms.katalon.core.webui.keyword.internal.WebUIKeywordMain.stepFailed(WebUIKeywordMain.groovy:64)
	at com.kms.katalon.core.webui.keyword.builtin.VerifyElementTextKeyword$_verifyElementText_closure1.doCall(VerifyElementTextKeyword.groovy:64)
	at com.kms.katalon.core.webui.keyword.builtin.VerifyElementTextKeyword$_verifyElementText_closure1.call(VerifyElementTextKeyword.groovy)
	at com.kms.katalon.core.webui.keyword.internal.WebUIKeywordMain.runKeyword(WebUIKeywordMain.groovy:20)
	... 20 more]]></system-out>
      <system-err><![CDATA[2023-11-10 08:31:37 - [TEST_SUITE][FAILED] - OrangeHRM: Test Cases/OrangeHRM-Approve-Leave FAILED.
Reason:
com.kms.katalon.core.exception.StepFailedException: Verify element text of test object 'Object Repository/Page_OrangeHRM/button_Approve' FAILED.
	at com.kms.katalon.core.webui.keyword.internal.WebUIKeywordMain.stepFailed(WebUIKeywordMain.groovy:64)
	at com.kms.katalon.core.webui.keyword.internal.WebUIKeywordMain.runKeyword(WebUIKeywordMain.groovy:26)
	at com.kms.katalon.core.webui.keyword.builtin.VerifyElementTextKeyword.verifyElementText(VerifyElementTextKeyword.groovy:72)
	at com.kms.katalon.core.webui.keyword.builtin.VerifyElementTextKeyword.execute(VerifyElementTextKeyword.groovy:40)
	at com.kms.katalon.core.keyword.internal.KeywordExecutor.executeKeywordForPlatform(KeywordExecutor.groovy:74)
	at com.kms.katalon.core.webui.keyword.WebUiBuiltInKeywords.verifyElementText(WebUiBuiltInKeywords.groovy:4796)
	at OrangeHRM-Approve-Leave.run(OrangeHRM-Approve-Leave:22)
	at com.kms.katalon.core.main.ScriptEngine.run(ScriptEngine.java:194)
	at com.kms.katalon.core.main.ScriptEngine.runScriptAsRawText(ScriptEngine.java:119)
	at com.kms.katalon.core.main.TestCaseExecutor.runScript(TestCaseExecutor.java:448)
	at com.kms.katalon.core.main.TestCaseExecutor.doExecute(TestCaseExecutor.java:439)
	at com.kms.katalon.core.main.TestCaseExecutor.processExecutionPhase(TestCaseExecutor.java:418)
	at com.kms.katalon.core.main.TestCaseExecutor.accessMainPhase(TestCaseExecutor.java:410)
	at com.kms.katalon.core.main.TestCaseExecutor.execute(TestCaseExecutor.java:285)
	at com.kms.katalon.core.common.CommonExecutor.accessTestCaseMainPhase(CommonExecutor.java:65)
	at com.kms.katalon.core.main.TestSuiteExecutor.accessTestSuiteMainPhase(TestSuiteExecutor.java:148)
	at com.kms.katalon.core.main.TestSuiteExecutor.execute(TestSuiteExecutor.java:106)
	at com.kms.katalon.core.main.TestCaseMain.startTestSuite(TestCaseMain.java:187)
	at TempTestSuite1699626689132.run(TempTestSuite1699626689132.groovy:36)
	at java.base/jdk.internal.reflect.NativeMethodAccessorImpl.invoke0(Native Method)
	at java.base/jdk.internal.reflect.NativeMethodAccessorImpl.invoke(NativeMethodAccessorImpl.java:77)
	at java.base/jdk.internal.reflect.DelegatingMethodAccessorImpl.invoke(DelegatingMethodAccessorImpl.java:43)
Caused by: com.kms.katalon.core.exception.StepFailedException: com.kms.katalon.core.webui.exception.WebElementNotFoundException: Web element with id: 'Object Repository/Page_OrangeHRM/button_Approve' located by '(//button[@type='button'])[4]' not found
	at com.kms.katalon.core.webui.keyword.internal.WebUIKeywordMain.stepFailed(WebUIKeywordMain.groovy:64)
	at com.kms.katalon.core.webui.keyword.builtin.VerifyElementTextKeyword$_verifyElementText_closure1.doCall(VerifyElementTextKeyword.groovy:64)
	at com.kms.katalon.core.webui.keyword.builtin.VerifyElementTextKeyword$_verifyElementText_closure1.call(VerifyElementTextKeyword.groovy)
	at com.kms.katalon.core.webui.keyword.internal.WebUIKeywordMain.runKeyword(WebUIKeywordMain.groovy:20)
	... 20 more]]></system-err>
   </testsuite>
</testsuites>
